gpasm-0.13.4 beta               main.asm    6-22-2007  21:25:36          PAGE  1


LOC  OBJECT CODE     LINE SOURCE TEXT
  VALUE
 
               00001 ;--------------------------------------------------------
               00002 ; File Created by SDCC : FreeWare ANSI-C Compiler
               00003 ; Version 2.6.0 #4309 (Nov 10 2006)
               00004 ; This file generated Fri Jun 22 21:25:36 2007
               00005 ;--------------------------------------------------------
               00006 ; PIC16 port for the Microchip 16-bit core micros
               00007 ;--------------------------------------------------------
               00008         list    p=18f4550
               00009 
               00010         radix dec
               00011 
               00012 ;--------------------------------------------------------
               00013 ; public variables in this module
               00014 ;--------------------------------------------------------
               00015         global _count
               00016         global _application_main
               00017         global _high_priority_isr
               00018         global _low_priority_isr
               00019 
               00020 ;--------------------------------------------------------
               00021 ; extern variables in this module
               00022 ;--------------------------------------------------------
               00023         extern _SPPDATAbits
               00024         extern _SPPCFGbits
               00025         extern _SPPEPSbits
               00026         extern _SPPCONbits
               00027         extern _UFRMLbits
               00028         extern _UFRMHbits
               00029         extern _UIRbits
               00030         extern _UIEbits
               00031         extern _UEIRbits
               00032         extern _UEIEbits
               00033         extern _USTATbits
               00034         extern _UCONbits
               00035         extern _UADDRbits
               00036         extern _UCFGbits
               00037         extern _UEP0bits
               00038         extern _UEP1bits
               00039         extern _UEP2bits
               00040         extern _UEP3bits
               00041         extern _UEP4bits
               00042         extern _UEP5bits
               00043         extern _UEP6bits
               00044         extern _UEP7bits
               00045         extern _UEP8bits
               00046         extern _UEP9bits
               00047         extern _UEP10bits
               00048         extern _UEP11bits
               00049         extern _UEP12bits
               00050         extern _UEP13bits
               00051         extern _UEP14bits
               00052         extern _UEP15bits
               00053         extern _PORTAbits
               00054         extern _PORTBbits
gpasm-0.13.4 beta               main.asm    6-22-2007  21:25:36          PAGE  2


LOC  OBJECT CODE     LINE SOURCE TEXT
  VALUE
 
               00055         extern _PORTCbits
               00056         extern _PORTEbits
               00057         extern _LATAbits
               00058         extern _LATBbits
               00059         extern _LATCbits
               00060         extern _TRISAbits
               00061         extern _TRISBbits
               00062         extern _TRISCbits
               00063         extern _OSCTUNEbits
               00064         extern _PIE1bits
               00065         extern _PIR1bits
               00066         extern _IPR1bits
               00067         extern _PIE2bits
               00068         extern _PIR2bits
               00069         extern _IPR2bits
               00070         extern _EECON1bits
               00071         extern _RCSTAbits
               00072         extern _TXSTAbits
               00073         extern _T3CONbits
               00074         extern _CMCONbits
               00075         extern _CVRCONbits
               00076         extern _ECCP1ASbits
               00077         extern _ECCP1DELbits
               00078         extern _BAUDCONbits
               00079         extern _CCP2CONbits
               00080         extern _CCP1CONbits
               00081         extern _ADCON2bits
               00082         extern _ADCON1bits
               00083         extern _ADCON0bits
               00084         extern _SSPCON2bits
               00085         extern _SSPCON1bits
               00086         extern _SSPSTATbits
               00087         extern _T2CONbits
               00088         extern _T1CONbits
               00089         extern _RCONbits
               00090         extern _WDTCONbits
               00091         extern _HLVDCONbits
               00092         extern _OSCCONbits
               00093         extern _T0CONbits
               00094         extern _STATUSbits
               00095         extern _FSR2Hbits
               00096         extern _BSRbits
               00097         extern _FSR1Hbits
               00098         extern _FSR0Hbits
               00099         extern _INTCON3bits
               00100         extern _INTCON2bits
               00101         extern _INTCONbits
               00102         extern _TBLPTRUbits
               00103         extern _PCLATHbits
               00104         extern _PCLATUbits
               00105         extern _STKPTRbits
               00106         extern _TOSUbits
               00107         extern _usb_device_state
               00108         extern _usb_active_cfg
gpasm-0.13.4 beta               main.asm    6-22-2007  21:25:36          PAGE  3


LOC  OBJECT CODE     LINE SOURCE TEXT
  VALUE
 
               00109         extern _usb_active_alt_setting
               00110         extern _SPPDATA
               00111         extern _SPPCFG
               00112         extern _SPPEPS
               00113         extern _SPPCON
               00114         extern _UFRML
               00115         extern _UFRMH
               00116         extern _UIR
               00117         extern _UIE
               00118         extern _UEIR
               00119         extern _UEIE
               00120         extern _USTAT
               00121         extern _UCON
               00122         extern _UADDR
               00123         extern _UCFG
               00124         extern _UEP0
               00125         extern _UEP1
               00126         extern _UEP2
               00127         extern _UEP3
               00128         extern _UEP4
               00129         extern _UEP5
               00130         extern _UEP6
               00131         extern _UEP7
               00132         extern _UEP8
               00133         extern _UEP9
               00134         extern _UEP10
               00135         extern _UEP11
               00136         extern _UEP12
               00137         extern _UEP13
               00138         extern _UEP14
               00139         extern _UEP15
               00140         extern _PORTA
               00141         extern _PORTB
               00142         extern _PORTC
               00143         extern _PORTE
               00144         extern _LATA
               00145         extern _LATB
               00146         extern _LATC
               00147         extern _TRISA
               00148         extern _TRISB
               00149         extern _TRISC
               00150         extern _OSCTUNE
               00151         extern _PIE1
               00152         extern _PIR1
               00153         extern _IPR1
               00154         extern _PIE2
               00155         extern _PIR2
               00156         extern _IPR2
               00157         extern _EECON1
               00158         extern _EECON2
               00159         extern _EEDATA
               00160         extern _EEADR
               00161         extern _RCSTA
               00162         extern _TXSTA
gpasm-0.13.4 beta               main.asm    6-22-2007  21:25:36          PAGE  4


LOC  OBJECT CODE     LINE SOURCE TEXT
  VALUE
 
               00163         extern _TXREG
               00164         extern _RCREG
               00165         extern _SPBRG
               00166         extern _SPBRGH
               00167         extern _T3CON
               00168         extern _TMR3L
               00169         extern _TMR3H
               00170         extern _CMCON
               00171         extern _CVRCON
               00172         extern _ECCP1AS
               00173         extern _ECCP1DEL
               00174         extern _BAUDCON
               00175         extern _CCP2CON
               00176         extern _CCPR2L
               00177         extern _CCPR2H
               00178         extern _CCP1CON
               00179         extern _CCPR1L
               00180         extern _CCPR1H
               00181         extern _ADCON2
               00182         extern _ADCON1
               00183         extern _ADCON0
               00184         extern _ADRESL
               00185         extern _ADRESH
               00186         extern _SSPCON2
               00187         extern _SSPCON1
               00188         extern _SSPSTAT
               00189         extern _SSPADD
               00190         extern _SSPBUF
               00191         extern _T2CON
               00192         extern _PR2
               00193         extern _TMR2
               00194         extern _T1CON
               00195         extern _TMR1L
               00196         extern _TMR1H
               00197         extern _RCON
               00198         extern _WDTCON
               00199         extern _HLVDCON
               00200         extern _OSCCON
               00201         extern _T0CON
               00202         extern _TMR0L
               00203         extern _TMR0H
               00204         extern _STATUS
               00205         extern _FSR2L
               00206         extern _FSR2H
               00207         extern _PLUSW2
               00208         extern _PREINC2
               00209         extern _POSTDEC2
               00210         extern _POSTINC2
               00211         extern _INDF2
               00212         extern _BSR
               00213         extern _FSR1L
               00214         extern _FSR1H
               00215         extern _PLUSW1
               00216         extern _PREINC1
gpasm-0.13.4 beta               main.asm    6-22-2007  21:25:36          PAGE  5


LOC  OBJECT CODE     LINE SOURCE TEXT
  VALUE
 
               00217         extern _POSTDEC1
               00218         extern _POSTINC1
               00219         extern _INDF1
               00220         extern _WREG
               00221         extern _FSR0L
               00222         extern _FSR0H
               00223         extern _PLUSW0
               00224         extern _PREINC0
               00225         extern _POSTDEC0
               00226         extern _POSTINC0
               00227         extern _INDF0
               00228         extern _INTCON3
               00229         extern _INTCON2
               00230         extern _INTCON
               00231         extern _PRODL
               00232         extern _PRODH
               00233         extern _TABLAT
               00234         extern _TBLPTRL
               00235         extern _TBLPTRH
               00236         extern _TBLPTRU
               00237         extern _PCL
               00238         extern _PCLATH
               00239         extern _PCLATU
               00240         extern _STKPTR
               00241         extern _TOSL
               00242         extern _TOSH
               00243         extern _TOSU
               00244         extern _dispatch_usb_event
               00245         extern _usb_sleep
               00246 ;--------------------------------------------------------
               00247 ;       Equates to used internal registers
               00248 ;--------------------------------------------------------
  00000FD8     00249 STATUS  equ     0xfd8
  00000FFA     00250 PCLATH  equ     0xffa
  00000FFB     00251 PCLATU  equ     0xffb
  00000FE8     00252 WREG    equ     0xfe8
  00000FE0     00253 BSR     equ     0xfe0
  00000FE9     00254 FSR0L   equ     0xfe9
  00000FEA     00255 FSR0H   equ     0xfea
  00000FE1     00256 FSR1L   equ     0xfe1
  00000FD9     00257 FSR2L   equ     0xfd9
  00000FE5     00258 POSTDEC1        equ     0xfe5
  00000FE4     00259 PREINC1 equ     0xfe4
  00000FF3     00260 PRODL   equ     0xff3
  00000FF4     00261 PRODH   equ     0xff4
               00262 
               00263 
               00264 ; Internal registers
               00265 .registers      udata_ovr       0x0000
               00266 r0x00   res     1
               00267 
               00268 udata_main_0    udata
               00269 _count  res     4
               00270 
gpasm-0.13.4 beta               main.asm    6-22-2007  21:25:36          PAGE  6


LOC  OBJECT CODE     LINE SOURCE TEXT
  VALUE
 
               00271 ;--------------------------------------------------------
               00272 ; global & static initialisations
               00273 ;--------------------------------------------------------
               00274 ; ; Starting pCode block
               00275 S_main__high_priority_isr       code    0X002020
2020           00276 _high_priority_isr:
               00277 ;       .line   63; main.c      void high_priority_isr(void) interrupt
2020 CFE8 FFE5 00278         MOVFF   WREG, POSTDEC1
2024 CFD8 FFE5 00279         MOVFF   STATUS, POSTDEC1
2028 CFE0 FFE5 00280         MOVFF   BSR, POSTDEC1
202C CFF3 FFE5 00281         MOVFF   PRODL, POSTDEC1
2030 CFF4 FFE5 00282         MOVFF   PRODH, POSTDEC1
2034 CFE9 FFE5 00283         MOVFF   FSR0L, POSTDEC1
2038 CFEA FFE5 00284         MOVFF   FSR0H, POSTDEC1
203C CFFA FFE5 00285         MOVFF   PCLATH, POSTDEC1
2040 CFFB FFE5 00286         MOVFF   PCLATU, POSTDEC1
2044 C000 FFE5 00287         MOVFF   r0x00, POSTDEC1
               00288 ;       .line   65; main.c      if(INTCONbits.TMR0IF)
2048 A400      00289         BTFSS   _INTCONbits, 2
204A D000      00290         BRA     _00115_DS_
               00291 ;       .line   67; main.c      ftoggle_A0();
204C 6A00      00292         CLRF    r0x00
204E B000      00293         BTFSC   _PORTAbits, 0
2050 2A00      00294         INCF    r0x00, F
2052 5000      00295         MOVF    r0x00, W
2054 80D8      00296         BSF     STATUS, 0
2056 66E8      00297         TSTFSZ  WREG
2058 90D8      00298         BCF     STATUS, 0
205A 6A00      00299         CLRF    r0x00
205C 3600      00300         RLCF    r0x00, F
205E 5000      00301         MOVF    r0x00, W
2060 0B01      00302         ANDLW   0x01
2062 6EF4      00303         MOVWF   PRODH
2064 5000      00304         MOVF    _PORTAbits, W
2066 0BFE      00305         ANDLW   0xfe
2068 10F4      00306         IORWF   PRODH, W
206A 6E00      00307         MOVWF   _PORTAbits
               00308 ;       .line   68; main.c      INTCONbits.TMR0IF = 0;
206C 9400      00309         BCF     _INTCONbits, 2
206E           00310 _00115_DS_:
206E CFE4 F000 00311         MOVFF   PREINC1, r0x00
2072 CFE4 FFFB 00312         MOVFF   PREINC1, PCLATU
2076 CFE4 FFFA 00313         MOVFF   PREINC1, PCLATH
207A CFE4 FFEA 00314         MOVFF   PREINC1, FSR0H
207E CFE4 FFE9 00315         MOVFF   PREINC1, FSR0L
2082 CFE4 FFF4 00316         MOVFF   PREINC1, PRODH
2086 CFE4 FFF3 00317         MOVFF   PREINC1, PRODL
208A CFE4 FFE0 00318         MOVFF   PREINC1, BSR
208E CFE4 FFD8 00319         MOVFF   PREINC1, STATUS
2092 CFE4 FFE8 00320         MOVFF   PREINC1, WREG
2096 0010      00321         RETFIE  
               00322 
               00323 ; ; Starting pCode block
               00324 S_main__low_priority_isr        code    0X004000
gpasm-0.13.4 beta               main.asm    6-22-2007  21:25:36          PAGE  7


LOC  OBJECT CODE     LINE SOURCE TEXT
  VALUE
 
4000           00325 _low_priority_isr:
               00326 ;       .line   73; main.c      void low_priority_isr(void) interrupt
4000 CFE8 FFE5 00327         MOVFF   WREG, POSTDEC1
4004 CFD8 FFE5 00328         MOVFF   STATUS, POSTDEC1
4008 CFE0 FFE5 00329         MOVFF   BSR, POSTDEC1
400C CFF3 FFE5 00330         MOVFF   PRODL, POSTDEC1
4010 CFF4 FFE5 00331         MOVFF   PRODH, POSTDEC1
4014 CFE9 FFE5 00332         MOVFF   FSR0L, POSTDEC1
4018 CFEA FFE5 00333         MOVFF   FSR0H, POSTDEC1
401C CFFA FFE5 00334         MOVFF   PCLATH, POSTDEC1
4020 CFFB FFE5 00335         MOVFF   PCLATU, POSTDEC1
               00336 ;       .line   75; main.c      }
4024 CFE4 FFFB 00337         MOVFF   PREINC1, PCLATU
4028 CFE4 FFFA 00338         MOVFF   PREINC1, PCLATH
402C CFE4 FFEA 00339         MOVFF   PREINC1, FSR0H
4030 CFE4 FFE9 00340         MOVFF   PREINC1, FSR0L
4034 CFE4 FFF4 00341         MOVFF   PREINC1, PRODH
4038 CFE4 FFF3 00342         MOVFF   PREINC1, PRODL
403C CFE4 FFE0 00343         MOVFF   PREINC1, BSR
4040 CFE4 FFD8 00344         MOVFF   PREINC1, STATUS
4044 CFE4 FFE8 00345         MOVFF   PREINC1, WREG
4048 0010      00346         RETFIE  
               00347 
               00348 ; I code from now on!
               00349 ; ; Starting pCode block
               00350 S_main__application_main        code
0000           00351 _application_main:
               00352 ;       .line   41; main.c      PORTA = 0x01;
0000 0E01      00353         MOVLW   0x01
0002 6E00      00354         MOVWF   _PORTA
               00355 ;       .line   44; main.c      TMR0H = 0;
0004 6A00      00356         CLRF    _TMR0H
               00357 ;       .line   45; main.c      TMR0L = 0;
0006 6A00      00358         CLRF    _TMR0L
               00359 ;       .line   48; main.c      T0CON = 0x86; // TMR0ON, 16bits, CLKO, PSA on, 1:256
0008 0E86      00360         MOVLW   0x86
000A 6E00      00361         MOVWF   _T0CON
               00362 ;       .line   49; main.c      INTCONbits.TMR0IE = 1;
000C 8A00      00363         BSF     _INTCONbits, 5
               00364 ;       .line   50; main.c      INTCONbits.GIE = 1;
000E 8E00      00365         BSF     _INTCONbits, 7
0010           00366 _00105_DS_:
               00367 ;       .line   54; main.c      while(usb_active_cfg > 2)
0010 0E03      00368         MOVLW   0x03
0012 5C00      00369         SUBWF   _usb_active_cfg, W
0014 E300      00370         BNC     _00108_DS_
               00371 ;       .line   56; main.c      usb_sleep();
0016 EC00 F000 00372         CALL    _usb_sleep
               00373 ;       .line   57; main.c      dispatch_usb_event();
001A EC00 F000 00374         CALL    _dispatch_usb_event
001E D000      00375         BRA     _00105_DS_
0020           00376 _00108_DS_:
0020 0012      00377         RETURN  
               00378 
gpasm-0.13.4 beta               main.asm    6-22-2007  21:25:36          PAGE  8


LOC  OBJECT CODE     LINE SOURCE TEXT
  VALUE
 
               00379 
               00380 
               00381 ; Statistics:
               00382 ; code size:      228 (0x00e4) bytes ( 0.17%)
               00383 ;                 114 (0x0072) words
               00384 ; udata size:       4 (0x0004) bytes ( 0.22%)
               00385 ; access size:      1 (0x0001) bytes
               00386 
               00387 
gpasm-0.13.4 beta               main.asm    6-22-2007  21:25:36          PAGE  9


SYMBOL TABLE
  LABEL                             VALUE 

BSR                               00000FE0
FSR0H                             00000FEA
FSR0L                             00000FE9
FSR1L                             00000FE1
FSR2L                             00000FD9
PCLATH                            00000FFA
PCLATU                            00000FFB
POSTDEC1                          00000FE5
PREINC1                           00000FE4
PRODH                             00000FF4
PRODL                             00000FF3
STATUS                            00000FD8
WREG                              00000FE8
_00105_DS_                        00000010
_00108_DS_                        00000020
_00115_DS_                        0000206E
_ADCON0                           00000000
_ADCON0bits                       00000000
_ADCON1                           00000000
_ADCON1bits                       00000000
_ADCON2                           00000000
_ADCON2bits                       00000000
_ADRESH                           00000000
_ADRESL                           00000000
_BAUDCON                          00000000
_BAUDCONbits                      00000000
_BSR                              00000000
_BSRbits                          00000000
_CCP1CON                          00000000
_CCP1CONbits                      00000000
_CCP2CON                          00000000
_CCP2CONbits                      00000000
_CCPR1H                           00000000
_CCPR1L                           00000000
_CCPR2H                           00000000
_CCPR2L                           00000000
_CMCON                            00000000
_CMCONbits                        00000000
_CVRCON                           00000000
_CVRCONbits                       00000000
_ECCP1AS                          00000000
_ECCP1ASbits                      00000000
_ECCP1DEL                         00000000
_ECCP1DELbits                     00000000
_EEADR                            00000000
_EECON1                           00000000
_EECON1bits                       00000000
_EECON2                           00000000
_EEDATA                           00000000
_FSR0H                            00000000
_FSR0Hbits                        00000000
_FSR0L                            00000000
_FSR1H                            00000000
gpasm-0.13.4 beta               main.asm    6-22-2007  21:25:36          PAGE 10


LOC  OBJECT CODE     LINE SOURCE TEXT
  VALUE
 
_FSR1Hbits                        00000000
_FSR1L                            00000000
_FSR2H                            00000000
_FSR2Hbits                        00000000
_FSR2L                            00000000
_HLVDCON                          00000000
_HLVDCONbits                      00000000
_INDF0                            00000000
_INDF1                            00000000
_INDF2                            00000000
_INTCON                           00000000
_INTCON2                          00000000
_INTCON2bits                      00000000
_INTCON3                          00000000
_INTCON3bits                      00000000
_INTCONbits                       00000000
_IPR1                             00000000
_IPR1bits                         00000000
_IPR2                             00000000
_IPR2bits                         00000000
_LATA                             00000000
_LATAbits                         00000000
_LATB                             00000000
_LATBbits                         00000000
_LATC                             00000000
_LATCbits                         00000000
_OSCCON                           00000000
_OSCCONbits                       00000000
_OSCTUNE                          00000000
_OSCTUNEbits                      00000000
_PCL                              00000000
_PCLATH                           00000000
_PCLATHbits                       00000000
_PCLATU                           00000000
_PCLATUbits                       00000000
_PIE1                             00000000
_PIE1bits                         00000000
_PIE2                             00000000
_PIE2bits                         00000000
_PIR1                             00000000
_PIR1bits                         00000000
_PIR2                             00000000
_PIR2bits                         00000000
_PLUSW0                           00000000
_PLUSW1                           00000000
_PLUSW2                           00000000
_PORTA                            00000000
_PORTAbits                        00000000
_PORTB                            00000000
_PORTBbits                        00000000
_PORTC                            00000000
_PORTCbits                        00000000
_PORTE                            00000000
_PORTEbits                        00000000
gpasm-0.13.4 beta               main.asm    6-22-2007  21:25:36          PAGE 11


LOC  OBJECT CODE     LINE SOURCE TEXT
  VALUE
 
_POSTDEC0                         00000000
_POSTDEC1                         00000000
_POSTDEC2                         00000000
_POSTINC0                         00000000
_POSTINC1                         00000000
_POSTINC2                         00000000
_PR2                              00000000
_PREINC0                          00000000
_PREINC1                          00000000
_PREINC2                          00000000
_PRODH                            00000000
_PRODL                            00000000
_RCON                             00000000
_RCONbits                         00000000
_RCREG                            00000000
_RCSTA                            00000000
_RCSTAbits                        00000000
_SPBRG                            00000000
_SPBRGH                           00000000
_SPPCFG                           00000000
_SPPCFGbits                       00000000
_SPPCON                           00000000
_SPPCONbits                       00000000
_SPPDATA                          00000000
_SPPDATAbits                      00000000
_SPPEPS                           00000000
_SPPEPSbits                       00000000
_SSPADD                           00000000
_SSPBUF                           00000000
_SSPCON1                          00000000
_SSPCON1bits                      00000000
_SSPCON2                          00000000
_SSPCON2bits                      00000000
_SSPSTAT                          00000000
_SSPSTATbits                      00000000
_STATUS                           00000000
_STATUSbits                       00000000
_STKPTR                           00000000
_STKPTRbits                       00000000
_T0CON                            00000000
_T0CONbits                        00000000
_T1CON                            00000000
_T1CONbits                        00000000
_T2CON                            00000000
_T2CONbits                        00000000
_T3CON                            00000000
_T3CONbits                        00000000
_TABLAT                           00000000
_TBLPTRH                          00000000
_TBLPTRL                          00000000
_TBLPTRU                          00000000
_TBLPTRUbits                      00000000
_TMR0H                            00000000
_TMR0L                            00000000
gpasm-0.13.4 beta               main.asm    6-22-2007  21:25:36          PAGE 12


LOC  OBJECT CODE     LINE SOURCE TEXT
  VALUE
 
_TMR1H                            00000000
_TMR1L                            00000000
_TMR2                             00000000
_TMR3H                            00000000
_TMR3L                            00000000
_TOSH                             00000000
_TOSL                             00000000
_TOSU                             00000000
_TOSUbits                         00000000
_TRISA                            00000000
_TRISAbits                        00000000
_TRISB                            00000000
_TRISBbits                        00000000
_TRISC                            00000000
_TRISCbits                        00000000
_TXREG                            00000000
_TXSTA                            00000000
_TXSTAbits                        00000000
_UADDR                            00000000
_UADDRbits                        00000000
_UCFG                             00000000
_UCFGbits                         00000000
_UCON                             00000000
_UCONbits                         00000000
_UEIE                             00000000
_UEIEbits                         00000000
_UEIR                             00000000
_UEIRbits                         00000000
_UEP0                             00000000
_UEP0bits                         00000000
_UEP1                             00000000
_UEP10                            00000000
_UEP10bits                        00000000
_UEP11                            00000000
_UEP11bits                        00000000
_UEP12                            00000000
_UEP12bits                        00000000
_UEP13                            00000000
_UEP13bits                        00000000
_UEP14                            00000000
_UEP14bits                        00000000
_UEP15                            00000000
_UEP15bits                        00000000
_UEP1bits                         00000000
_UEP2                             00000000
_UEP2bits                         00000000
_UEP3                             00000000
_UEP3bits                         00000000
_UEP4                             00000000
_UEP4bits                         00000000
_UEP5                             00000000
_UEP5bits                         00000000
_UEP6                             00000000
_UEP6bits                         00000000
gpasm-0.13.4 beta               main.asm    6-22-2007  21:25:36          PAGE 13


LOC  OBJECT CODE     LINE SOURCE TEXT
  VALUE
 
_UEP7                             00000000
_UEP7bits                         00000000
_UEP8                             00000000
_UEP8bits                         00000000
_UEP9                             00000000
_UEP9bits                         00000000
_UFRMH                            00000000
_UFRMHbits                        00000000
_UFRML                            00000000
_UFRMLbits                        00000000
_UIE                              00000000
_UIEbits                          00000000
_UIR                              00000000
_UIRbits                          00000000
_USTAT                            00000000
_USTATbits                        00000000
_WDTCON                           00000000
_WDTCONbits                       00000000
_WREG                             00000000
__18F4550                         00000001
_application_main                 00000000
_count                            00000000
_dispatch_usb_event               00000000
_high_priority_isr                00002020
_low_priority_isr                 00004000
_usb_active_alt_setting           00000000
_usb_active_cfg                   00000000
_usb_device_state                 00000000
_usb_sleep                        00000000
r0x00                             00000000


Errors   :       0
Warnings :       0 reported,       0 suppressed
Messages :       0 reported,       0 suppressed

