gpasm-0.13.4 beta               application_iface.asm6-20-2007  16:31:05          PAGE  1


LOC  OBJECT CODE     LINE SOURCE TEXT
  VALUE
 
               00001 ;--------------------------------------------------------
               00002 ; File Created by SDCC : free open source ANSI-C Compiler
               00003 ; Version 2.7.2 #4854 (Jun 17 2007)
               00004 ; This file generated Wed Jun 20 16:31:05 2007
               00005 ;--------------------------------------------------------
               00006 ; PIC16 port for the Microchip 16-bit core micros
               00007 ;--------------------------------------------------------
               00008         list    p=18f2550
               00009 
               00010         radix dec
               00011 
               00012 ;--------------------------------------------------------
               00013 ; public variables in this module
               00014 ;--------------------------------------------------------
               00015         global _application_data
               00016 
               00017 ;--------------------------------------------------------
               00018 ; extern variables in this module
               00019 ;--------------------------------------------------------
               00020         extern _section_descriptor
               00021 
               00022 ;--------------------------------------------------------
               00023 ; global & static initialisations
               00024 ;--------------------------------------------------------
               00025 ; ; Starting pCode block for absolute Ival
               00026 S_application_iface__application_data   code    0X002000
2000           00027 _application_data:
2000 00FF 0000 00028         DB      0xff, 0x00, 0x00, 0x00, 0x00, 0x00, 0x00, 0x00, 0x00, 0x00, 0x00, 0x00
2004 0000 0000
2008 0000 0000
200C 0000 0000 00029         DB      0x00, 0x00, 0x00, 0x00, 0x00, 0x00, 0x00, 0x00, 0x00, 0x00, 0x00, 0x00
2010 0000 0000
2014 0000 0000
2018 0000      00030         DB      0x00
               00031 
               00032 ; I code from now on!
               00033 
               00034 
               00035 ; Statistics:
               00036 ; code size:        6 (0x0006) bytes ( 0.00%)
               00037 ;                   3 (0x0003) words
               00038 ; udata size:       0 (0x0000) bytes ( 0.00%)
               00039 ; access size:      0 (0x0000) bytes
               00040 
               00041 
gpasm-0.13.4 beta               application_iface.asm6-20-2007  16:31:05          PAGE  2


SYMBOL TABLE
  LABEL                             VALUE 

__18F2550                         00000001
_application_data                 00002000
_section_descriptor               00000000


Errors   :       0
Warnings :       0 reported,       0 suppressed
Messages :       0 reported,       0 suppressed

