gpasm-0.13.4 beta               boot_main.asm6-21-2007  16:16:16          PAGE  1


LOC  OBJECT CODE     LINE SOURCE TEXT
  VALUE
 
               00001 ;--------------------------------------------------------
               00002 ; File Created by SDCC : free open source ANSI-C Compiler
               00003 ; Version 2.7.2 #4854 (Jun 17 2007)
               00004 ; This file generated Thu Jun 21 16:16:16 2007
               00005 ;--------------------------------------------------------
               00006 ; PIC16 port for the Microchip 16-bit core micros
               00007 ;--------------------------------------------------------
               00008         list    p=18f4550
               00009 
               00010         radix dec
               00011 
               00012 ;--------------------------------------------------------
               00013 ; public variables in this module
               00014 ;--------------------------------------------------------
               00015         global _stack
               00016         global _stack_end
               00017         global _init_boot
               00018         global _main
               00019 
               00020 ;--------------------------------------------------------
               00021 ; extern variables in this module
               00022 ;--------------------------------------------------------
               00023         extern _SPPDATAbits
               00024         extern _SPPCFGbits
               00025         extern _SPPEPSbits
               00026         extern _SPPCONbits
               00027         extern _UFRMLbits
               00028         extern _UFRMHbits
               00029         extern _UIRbits
               00030         extern _UIEbits
               00031         extern _UEIRbits
               00032         extern _UEIEbits
               00033         extern _USTATbits
               00034         extern _UCONbits
               00035         extern _UADDRbits
               00036         extern _UCFGbits
               00037         extern _UEP0bits
               00038         extern _UEP1bits
               00039         extern _UEP2bits
               00040         extern _UEP3bits
               00041         extern _UEP4bits
               00042         extern _UEP5bits
               00043         extern _UEP6bits
               00044         extern _UEP7bits
               00045         extern _UEP8bits
               00046         extern _UEP9bits
               00047         extern _UEP10bits
               00048         extern _UEP11bits
               00049         extern _UEP12bits
               00050         extern _UEP13bits
               00051         extern _UEP14bits
               00052         extern _UEP15bits
               00053         extern _PORTAbits
               00054         extern _PORTBbits
gpasm-0.13.4 beta               boot_main.asm6-21-2007  16:16:16          PAGE  2


LOC  OBJECT CODE     LINE SOURCE TEXT
  VALUE
 
               00055         extern _PORTCbits
               00056         extern _PORTDbits
               00057         extern _PORTEbits
               00058         extern _LATAbits
               00059         extern _LATBbits
               00060         extern _LATCbits
               00061         extern _LATDbits
               00062         extern _LATEbits
               00063         extern _TRISAbits
               00064         extern _TRISBbits
               00065         extern _TRISCbits
               00066         extern _TRISDbits
               00067         extern _TRISEbits
               00068         extern _OSCTUNEbits
               00069         extern _PIE1bits
               00070         extern _PIR1bits
               00071         extern _IPR1bits
               00072         extern _PIE2bits
               00073         extern _PIR2bits
               00074         extern _IPR2bits
               00075         extern _EECON1bits
               00076         extern _RCSTAbits
               00077         extern _TXSTAbits
               00078         extern _T3CONbits
               00079         extern _CMCONbits
               00080         extern _CVRCONbits
               00081         extern _ECCP1ASbits
               00082         extern _ECCP1DELbits
               00083         extern _BAUDCONbits
               00084         extern _CCP2CONbits
               00085         extern _CCP1CONbits
               00086         extern _ADCON2bits
               00087         extern _ADCON1bits
               00088         extern _ADCON0bits
               00089         extern _SSPCON2bits
               00090         extern _SSPCON1bits
               00091         extern _SSPSTATbits
               00092         extern _T2CONbits
               00093         extern _T1CONbits
               00094         extern _RCONbits
               00095         extern _WDTCONbits
               00096         extern _HLVDCONbits
               00097         extern _OSCCONbits
               00098         extern _T0CONbits
               00099         extern _STATUSbits
               00100         extern _FSR2Hbits
               00101         extern _BSRbits
               00102         extern _FSR1Hbits
               00103         extern _FSR0Hbits
               00104         extern _INTCON3bits
               00105         extern _INTCON2bits
               00106         extern _INTCONbits
               00107         extern _TBLPTRUbits
               00108         extern _PCLATHbits
gpasm-0.13.4 beta               boot_main.asm6-21-2007  16:16:16          PAGE  3


LOC  OBJECT CODE     LINE SOURCE TEXT
  VALUE
 
               00109         extern _PCLATUbits
               00110         extern _STKPTRbits
               00111         extern _TOSUbits
               00112         extern _ep_bdt
               00113         extern _usb_device_state
               00114         extern _usb_active_cfg
               00115         extern _usb_active_alt_setting
               00116         extern _device_descriptor
               00117         extern _configuration_descriptor
               00118         extern _string_descriptor
               00119         extern _ep_init
               00120         extern _ep_in
               00121         extern _ep_out
               00122         extern _ep_setup
               00123         extern _SPPDATA
               00124         extern _SPPCFG
               00125         extern _SPPEPS
               00126         extern _SPPCON
               00127         extern _UFRML
               00128         extern _UFRMH
               00129         extern _UIR
               00130         extern _UIE
               00131         extern _UEIR
               00132         extern _UEIE
               00133         extern _USTAT
               00134         extern _UCON
               00135         extern _UADDR
               00136         extern _UCFG
               00137         extern _UEP0
               00138         extern _UEP1
               00139         extern _UEP2
               00140         extern _UEP3
               00141         extern _UEP4
               00142         extern _UEP5
               00143         extern _UEP6
               00144         extern _UEP7
               00145         extern _UEP8
               00146         extern _UEP9
               00147         extern _UEP10
               00148         extern _UEP11
               00149         extern _UEP12
               00150         extern _UEP13
               00151         extern _UEP14
               00152         extern _UEP15
               00153         extern _PORTA
               00154         extern _PORTB
               00155         extern _PORTC
               00156         extern _PORTD
               00157         extern _PORTE
               00158         extern _LATA
               00159         extern _LATB
               00160         extern _LATC
               00161         extern _LATD
               00162         extern _LATE
gpasm-0.13.4 beta               boot_main.asm6-21-2007  16:16:16          PAGE  4


LOC  OBJECT CODE     LINE SOURCE TEXT
  VALUE
 
               00163         extern _TRISA
               00164         extern _TRISB
               00165         extern _TRISC
               00166         extern _TRISD
               00167         extern _TRISE
               00168         extern _OSCTUNE
               00169         extern _PIE1
               00170         extern _PIR1
               00171         extern _IPR1
               00172         extern _PIE2
               00173         extern _PIR2
               00174         extern _IPR2
               00175         extern _EECON1
               00176         extern _EECON2
               00177         extern _EEDATA
               00178         extern _EEADR
               00179         extern _RCSTA
               00180         extern _TXSTA
               00181         extern _TXREG
               00182         extern _RCREG
               00183         extern _SPBRG
               00184         extern _SPBRGH
               00185         extern _T3CON
               00186         extern _TMR3L
               00187         extern _TMR3H
               00188         extern _CMCON
               00189         extern _CVRCON
               00190         extern _ECCP1AS
               00191         extern _ECCP1DEL
               00192         extern _BAUDCON
               00193         extern _CCP2CON
               00194         extern _CCPR2L
               00195         extern _CCPR2H
               00196         extern _CCP1CON
               00197         extern _CCPR1L
               00198         extern _CCPR1H
               00199         extern _ADCON2
               00200         extern _ADCON1
               00201         extern _ADCON0
               00202         extern _ADRESL
               00203         extern _ADRESH
               00204         extern _SSPCON2
               00205         extern _SSPCON1
               00206         extern _SSPSTAT
               00207         extern _SSPADD
               00208         extern _SSPBUF
               00209         extern _T2CON
               00210         extern _PR2
               00211         extern _TMR2
               00212         extern _T1CON
               00213         extern _TMR1L
               00214         extern _TMR1H
               00215         extern _RCON
               00216         extern _WDTCON
gpasm-0.13.4 beta               boot_main.asm6-21-2007  16:16:16          PAGE  5


LOC  OBJECT CODE     LINE SOURCE TEXT
  VALUE
 
               00217         extern _HLVDCON
               00218         extern _OSCCON
               00219         extern _T0CON
               00220         extern _TMR0L
               00221         extern _TMR0H
               00222         extern _STATUS
               00223         extern _FSR2L
               00224         extern _FSR2H
               00225         extern _PLUSW2
               00226         extern _PREINC2
               00227         extern _POSTDEC2
               00228         extern _POSTINC2
               00229         extern _INDF2
               00230         extern _BSR
               00231         extern _FSR1L
               00232         extern _FSR1H
               00233         extern _PLUSW1
               00234         extern _PREINC1
               00235         extern _POSTDEC1
               00236         extern _POSTINC1
               00237         extern _INDF1
               00238         extern _WREG
               00239         extern _FSR0L
               00240         extern _FSR0H
               00241         extern _PLUSW0
               00242         extern _PREINC0
               00243         extern _POSTDEC0
               00244         extern _POSTINC0
               00245         extern _INDF0
               00246         extern _INTCON3
               00247         extern _INTCON2
               00248         extern _INTCON
               00249         extern _PRODL
               00250         extern _PRODH
               00251         extern _TABLAT
               00252         extern _TBLPTRL
               00253         extern _TBLPTRH
               00254         extern _TBLPTRU
               00255         extern _PCL
               00256         extern _PCLATH
               00257         extern _PCLATU
               00258         extern _STKPTR
               00259         extern _TOSL
               00260         extern _TOSH
               00261         extern _TOSU
               00262         extern _init_usb
               00263         extern _usb_sleep
               00264         extern _dispatch_usb_event
               00265         extern _section_descriptor
               00266         extern _boot_device_descriptor
               00267         extern _boot_configuration_descriptor
               00268         extern _boot_string_descriptor
               00269         extern _str0
               00270         extern _str1
gpasm-0.13.4 beta               boot_main.asm6-21-2007  16:16:16          PAGE  6


LOC  OBJECT CODE     LINE SOURCE TEXT
  VALUE
 
               00271         extern _str2
               00272         extern _str3
               00273         extern _boot_ep_init
               00274         extern _boot_ep_in
               00275         extern _boot_ep_out
               00276         extern _boot_ep_setup
               00277         extern _application_data
               00278 ;--------------------------------------------------------
               00279 ;       Equates to used internal registers
               00280 ;--------------------------------------------------------
  00000FD8     00281 STATUS  equ     0xfd8
  00000FF9     00282 PCL     equ     0xff9
  00000FFA     00283 PCLATH  equ     0xffa
  00000FFB     00284 PCLATU  equ     0xffb
  00000FF2     00285 INTCON  equ     0xff2
  00000FFD     00286 TOSL    equ     0xffd
  00000FFE     00287 TOSH    equ     0xffe
  00000FFF     00288 TOSU    equ     0xfff
  00000FF6     00289 TBLPTRL equ     0xff6
  00000FF7     00290 TBLPTRH equ     0xff7
  00000FF8     00291 TBLPTRU equ     0xff8
  00000FF5     00292 TABLAT  equ     0xff5
  00000FE1     00293 FSR1L   equ     0xfe1
  00000FD9     00294 FSR2L   equ     0xfd9
  00000FE5     00295 POSTDEC1        equ     0xfe5
  00000FE4     00296 PREINC1 equ     0xfe4
               00297 
               00298 
               00299 ; Internal registers
               00300 .registers      udata_ovr       0x0000
               00301 r0x00   res     1
               00302 r0x01   res     1
               00303 r0x02   res     1
               00304 
               00305 udata_boot_main_0       udata
               00306 _init_boot_count_1_1    res     4
               00307 
               00308 
               00309 ustat_boot_main_00      udata   0X0200
               00310 _stack  res     254
               00311 _stack_end      res     1
               00312 
               00313 ;--------------------------------------------------------
               00314 ; interrupt vector 
               00315 ;--------------------------------------------------------
               00316 
               00317 ;--------------------------------------------------------
               00318 ; global & static initialisations
               00319 ;--------------------------------------------------------
               00320 ; I code from now on!
               00321 ; ; Starting pCode block
               00322 S_boot_main__main       code
0000           00323 _main:
               00324 ;       .line   84; boot_main.c init_boot();
gpasm-0.13.4 beta               boot_main.asm6-21-2007  16:16:16          PAGE  7


LOC  OBJECT CODE     LINE SOURCE TEXT
  VALUE
 
0000 EC00 F000 00325         CALL    _init_boot
               00326 ;       .line   86; boot_main.c init_usb();
0004 EC00 F000 00327         CALL    _init_usb
0008           00328 _00119_DS_:
               00329 ;       .line   90; boot_main.c usb_sleep();
0008 EC00 F000 00330         CALL    _usb_sleep
               00331 ;       .line   91; boot_main.c dispatch_usb_event();
000C EC00 F000 00332         CALL    _dispatch_usb_event
               00333 ;       .line   92; boot_main.c if((application_data.invalid == 0) &&
0010 0E00      00334         MOVLW   LOW(_application_data)
0012 6EF6      00335         MOVWF   TBLPTRL
0014 0E00      00336         MOVLW   HIGH(_application_data)
0016 6EF7      00337         MOVWF   TBLPTRH
0018 0E00      00338         MOVLW   UPPER(_application_data)
001A 6EF8      00339         MOVWF   TBLPTRU
001C 0009      00340         TBLRD*+ 
001E CFF5 F000 00341         MOVFF   TABLAT, r0x00
0022 5000      00342         MOVF    r0x00, W
0024 A4D8      00343         BTFSS   STATUS, 2
0026 EF00 F000 00344         GOTO    _00119_DS_
               00345 ;       .line   93; boot_main.c (GET_ACTIVE_CONFIGURATION() > FLASH_CONFIGURATION))
002A 0E03      00346         MOVLW   0x03
002C 5C00      00347         SUBWF   _usb_active_cfg, W
002E A0D8      00348         BTFSS   STATUS, 0
0030 EF00 F000 00349         GOTO    _00119_DS_
               00350 ;       .line   96; boot_main.c application_data.main();
0034 0E00      00351         MOVLW   LOW(_application_data + 22)
0036 6EF6      00352         MOVWF   TBLPTRL
0038 0E00      00353         MOVLW   HIGH(_application_data + 22)
003A 6EF7      00354         MOVWF   TBLPTRH
003C 0E00      00355         MOVLW   UPPER(_application_data + 22)
003E 6EF8      00356         MOVWF   TBLPTRU
0040 0009      00357         TBLRD*+ 
0042 CFF5 F000 00358         MOVFF   TABLAT, r0x00
0046 0009      00359         TBLRD*+ 
0048 CFF5 F000 00360         MOVFF   TABLAT, r0x01
004C 0009      00361         TBLRD*+ 
004E CFF5 F000 00362         MOVFF   TABLAT, r0x02
0052 CFF2 FFE5 00363         MOVFF   INTCON, POSTDEC1
0056 9EF2      00364         BCF     INTCON, 7
0058 0005      00365         PUSH    
005A 0E00      00366         MOVLW   LOW(_00127_DS_)
005C 6EFD      00367         MOVWF   TOSL
005E 0E00      00368         MOVLW   HIGH(_00127_DS_)
0060 6EFE      00369         MOVWF   TOSH
0062 0E00      00370         MOVLW   UPPER(_00127_DS_)
0064 6EFF      00371         MOVWF   TOSU
0066 50E4      00372         MOVF    PREINC1, W
0068 6EF2      00373         MOVWF   INTCON
006A C000 FFFB 00374         MOVFF   r0x02, PCLATU
006E C000 FFFA 00375         MOVFF   r0x01, PCLATH
0072 5000      00376         MOVF    r0x00, W
0074 6EF9      00377         MOVWF   PCL
0076           00378 _00127_DS_:
gpasm-0.13.4 beta               boot_main.asm6-21-2007  16:16:16          PAGE  8


LOC  OBJECT CODE     LINE SOURCE TEXT
  VALUE
 
               00379 ;       .line   98; boot_main.c INTCON = 0; // Forbid interrupts
0076 6A00      00380         CLRF    _INTCON
0078 EF00 F000 00381         GOTO    _00119_DS_
007C 0012      00382         RETURN  
               00383 
               00384 ; ; Starting pCode block
               00385 S_boot_main__init_boot  code
0000           00386 _init_boot:
               00387 ;       .line   34; boot_main.c void init_boot(void)
0000 CFD9 FFE5 00388         MOVFF   FSR2L, POSTDEC1
0004 CFE1 FFD9 00389         MOVFF   FSR1L, FSR2L
0008 C000 FFE5 00390         MOVFF   r0x00, POSTDEC1
               00391 ;       .line   38; boot_main.c ADCON1 = 0x0F;       //all channels of the AD-converter off (digital)
000C 0E0F      00392         MOVLW   0x0f
000E 6E00      00393         MOVWF   _ADCON1
               00394 ;       .line   39; boot_main.c CMCON  = 0x07;       //Comparator channels off (digital)
0010 0E07      00395         MOVLW   0x07
0012 6E00      00396         MOVWF   _CMCON
               00397 ;       .line   40; boot_main.c TRISA  = 0xFE;       //
0014 0EFE      00398         MOVLW   0xfe
0016 6E00      00399         MOVWF   _TRISA
               00400 ;       .line   41; boot_main.c PORTA  = 0x01;
0018 0E01      00401         MOVLW   0x01
001A 6E00      00402         MOVWF   _PORTA
               00403 ;       .line   42; boot_main.c INTCON2bits.RBPU=0;
001C 9E00      00404         BCF     _INTCON2bits, 7
001E 0000      00405         BANKSEL _init_boot_count_1_1
               00406 ;       .line   43; boot_main.c count = 0x80000;
0020 6B00      00407         CLRF    _init_boot_count_1_1, B
0022 0000      00408         BANKSEL (_init_boot_count_1_1 + 1)
0024 6B00      00409         CLRF    (_init_boot_count_1_1 + 1), B
0026 0E08      00410         MOVLW   0x08
0028 0000      00411         BANKSEL (_init_boot_count_1_1 + 2)
002A 6F00      00412         MOVWF   (_init_boot_count_1_1 + 2), B
002C 0000      00413         BANKSEL (_init_boot_count_1_1 + 3)
002E 6B00      00414         CLRF    (_init_boot_count_1_1 + 3), B
0030           00415 _00105_DS_:
0030 0000      00416         BANKSEL _init_boot_count_1_1
               00417 ;       .line   44; boot_main.c while(count)
0032 5100      00418         MOVF    _init_boot_count_1_1, W, B
0034 0000      00419         BANKSEL (_init_boot_count_1_1 + 1)
0036 1100      00420         IORWF   (_init_boot_count_1_1 + 1), W, B
0038 0000      00421         BANKSEL (_init_boot_count_1_1 + 2)
003A 1100      00422         IORWF   (_init_boot_count_1_1 + 2), W, B
003C 0000      00423         BANKSEL (_init_boot_count_1_1 + 3)
003E 1100      00424         IORWF   (_init_boot_count_1_1 + 3), W, B
0040 B4D8      00425         BTFSC   STATUS, 2
0042 EF00 F000 00426         GOTO    _00107_DS_
               00427 ;       .line   46; boot_main.c count--;
0046 0EFF      00428         MOVLW   0xff
0048 0000      00429         BANKSEL _init_boot_count_1_1
004A 2700      00430         ADDWF   _init_boot_count_1_1, F, B
004C 0EFF      00431         MOVLW   0xff
004E 0000      00432         BANKSEL (_init_boot_count_1_1 + 1)
gpasm-0.13.4 beta               boot_main.asm6-21-2007  16:16:16          PAGE  9


LOC  OBJECT CODE     LINE SOURCE TEXT
  VALUE
 
0050 2300      00433         ADDWFC  (_init_boot_count_1_1 + 1), F, B
0052 0EFF      00434         MOVLW   0xff
0054 0000      00435         BANKSEL (_init_boot_count_1_1 + 2)
0056 2300      00436         ADDWFC  (_init_boot_count_1_1 + 2), F, B
0058 0EFF      00437         MOVLW   0xff
005A 0000      00438         BANKSEL (_init_boot_count_1_1 + 3)
005C 2300      00439         ADDWFC  (_init_boot_count_1_1 + 3), F, B
005E EF00 F000 00440         GOTO    _00105_DS_
0062           00441 _00107_DS_:
               00442 ;       .line   49; boot_main.c PORTA  = 0x00;
0062 6A00      00443         CLRF    _PORTA
               00444 ;       .line   52; boot_main.c if((application_data.invalid == 0) && !PORTAbits.RA1)
0064 0E00      00445         MOVLW   LOW(_application_data)
0066 6EF6      00446         MOVWF   TBLPTRL
0068 0E00      00447         MOVLW   HIGH(_application_data)
006A 6EF7      00448         MOVWF   TBLPTRH
006C 0E00      00449         MOVLW   UPPER(_application_data)
006E 6EF8      00450         MOVWF   TBLPTRU
0070 0009      00451         TBLRD*+ 
0072 CFF5 F000 00452         MOVFF   TABLAT, r0x00
0076 5000      00453         MOVF    r0x00, W
0078 A4D8      00454         BTFSS   STATUS, 2
007A EF00 F000 00455         GOTO    _00109_DS_
007E B200      00456         BTFSC   _PORTAbits, 1
0080 EF00 F000 00457         GOTO    _00109_DS_
               00458 ;       .line   56; boot_main.c device_descriptor        = application_data.device_descriptor;
0084 0E00      00459         MOVLW   LOW(_application_data + 1)
0086 6EF6      00460         MOVWF   TBLPTRL
0088 0E00      00461         MOVLW   HIGH(_application_data + 1)
008A 6EF7      00462         MOVWF   TBLPTRH
008C 0E00      00463         MOVLW   UPPER(_application_data + 1)
008E 6EF8      00464         MOVWF   TBLPTRU
0090 0009      00465         TBLRD*+ 
0092 CFF5 F000 00466         MOVFF   TABLAT, _device_descriptor
0096 0009      00467         TBLRD*+ 
0098 CFF5 F000 00468         MOVFF   TABLAT, (_device_descriptor + 1)
009C 0009      00469         TBLRD*+ 
009E CFF5 F000 00470         MOVFF   TABLAT, (_device_descriptor + 2)
               00471 ;       .line   57; boot_main.c configuration_descriptor = application_data.configuration_descriptor;
00A2 0E00      00472         MOVLW   LOW(_application_data + 4)
00A4 6EF6      00473         MOVWF   TBLPTRL
00A6 0E00      00474         MOVLW   HIGH(_application_data + 4)
00A8 6EF7      00475         MOVWF   TBLPTRH
00AA 0E00      00476         MOVLW   UPPER(_application_data + 4)
00AC 6EF8      00477         MOVWF   TBLPTRU
00AE 0009      00478         TBLRD*+ 
00B0 CFF5 F000 00479         MOVFF   TABLAT, _configuration_descriptor
00B4 0009      00480         TBLRD*+ 
00B6 CFF5 F000 00481         MOVFF   TABLAT, (_configuration_descriptor + 1)
00BA 0009      00482         TBLRD*+ 
00BC CFF5 F000 00483         MOVFF   TABLAT, (_configuration_descriptor + 2)
               00484 ;       .line   58; boot_main.c string_descriptor        = application_data.string_descriptor;
00C0 0E00      00485         MOVLW   LOW(_application_data + 7)
00C2 6EF6      00486         MOVWF   TBLPTRL
gpasm-0.13.4 beta               boot_main.asm6-21-2007  16:16:16          PAGE 10


LOC  OBJECT CODE     LINE SOURCE TEXT
  VALUE
 
00C4 0E00      00487         MOVLW   HIGH(_application_data + 7)
00C6 6EF7      00488         MOVWF   TBLPTRH
00C8 0E00      00489         MOVLW   UPPER(_application_data + 7)
00CA 6EF8      00490         MOVWF   TBLPTRU
00CC 0009      00491         TBLRD*+ 
00CE CFF5 F000 00492         MOVFF   TABLAT, _string_descriptor
00D2 0009      00493         TBLRD*+ 
00D4 CFF5 F000 00494         MOVFF   TABLAT, (_string_descriptor + 1)
00D8 0009      00495         TBLRD*+ 
00DA CFF5 F000 00496         MOVFF   TABLAT, (_string_descriptor + 2)
00DE EF00 F000 00497         GOTO    _00110_DS_
00E2           00498 _00109_DS_:
               00499 ;       .line   64; boot_main.c device_descriptor        = &boot_device_descriptor;
00E2 0E00      00500         MOVLW   LOW(_boot_device_descriptor)
00E4 0000      00501         BANKSEL _device_descriptor
00E6 6F00      00502         MOVWF   _device_descriptor, B
00E8 0E00      00503         MOVLW   HIGH(_boot_device_descriptor)
00EA 0000      00504         BANKSEL (_device_descriptor + 1)
00EC 6F00      00505         MOVWF   (_device_descriptor + 1), B
00EE 0E00      00506         MOVLW   UPPER(_boot_device_descriptor)
00F0 0000      00507         BANKSEL (_device_descriptor + 2)
00F2 6F00      00508         MOVWF   (_device_descriptor + 2), B
               00509 ;       .line   65; boot_main.c configuration_descriptor = boot_configuration_descriptor;
00F4 0E00      00510         MOVLW   LOW(_boot_configuration_descriptor)
00F6 0000      00511         BANKSEL _configuration_descriptor
00F8 6F00      00512         MOVWF   _configuration_descriptor, B
00FA 0E00      00513         MOVLW   HIGH(_boot_configuration_descriptor)
00FC 0000      00514         BANKSEL (_configuration_descriptor + 1)
00FE 6F00      00515         MOVWF   (_configuration_descriptor + 1), B
0100 0E00      00516         MOVLW   UPPER(_boot_configuration_descriptor)
0102 0000      00517         BANKSEL (_configuration_descriptor + 2)
0104 6F00      00518         MOVWF   (_configuration_descriptor + 2), B
               00519 ;       .line   66; boot_main.c string_descriptor        = boot_string_descriptor;
0106 0E00      00520         MOVLW   LOW(_boot_string_descriptor)
0108 0000      00521         BANKSEL _string_descriptor
010A 6F00      00522         MOVWF   _string_descriptor, B
010C 0E00      00523         MOVLW   HIGH(_boot_string_descriptor)
010E 0000      00524         BANKSEL (_string_descriptor + 1)
0110 6F00      00525         MOVWF   (_string_descriptor + 1), B
0112 0E00      00526         MOVLW   UPPER(_boot_string_descriptor)
0114 0000      00527         BANKSEL (_string_descriptor + 2)
0116 6F00      00528         MOVWF   (_string_descriptor + 2), B
0118           00529 _00110_DS_:
               00530 ;       .line   73; boot_main.c ep_init  = boot_ep_init;
0118 0E00      00531         MOVLW   LOW(_boot_ep_init)
011A 0000      00532         BANKSEL _ep_init
011C 6F00      00533         MOVWF   _ep_init, B
011E 0E00      00534         MOVLW   HIGH(_boot_ep_init)
0120 0000      00535         BANKSEL (_ep_init + 1)
0122 6F00      00536         MOVWF   (_ep_init + 1), B
0124 0E00      00537         MOVLW   UPPER(_boot_ep_init)
0126 0000      00538         BANKSEL (_ep_init + 2)
0128 6F00      00539         MOVWF   (_ep_init + 2), B
               00540 ;       .line   74; boot_main.c ep_in    = boot_ep_in;
gpasm-0.13.4 beta               boot_main.asm6-21-2007  16:16:16          PAGE 11


LOC  OBJECT CODE     LINE SOURCE TEXT
  VALUE
 
012A 0E00      00541         MOVLW   LOW(_boot_ep_in)
012C 0000      00542         BANKSEL _ep_in
012E 6F00      00543         MOVWF   _ep_in, B
0130 0E00      00544         MOVLW   HIGH(_boot_ep_in)
0132 0000      00545         BANKSEL (_ep_in + 1)
0134 6F00      00546         MOVWF   (_ep_in + 1), B
0136 0E00      00547         MOVLW   UPPER(_boot_ep_in)
0138 0000      00548         BANKSEL (_ep_in + 2)
013A 6F00      00549         MOVWF   (_ep_in + 2), B
               00550 ;       .line   75; boot_main.c ep_out   = boot_ep_out;
013C 0E00      00551         MOVLW   LOW(_boot_ep_out)
013E 0000      00552         BANKSEL _ep_out
0140 6F00      00553         MOVWF   _ep_out, B
0142 0E00      00554         MOVLW   HIGH(_boot_ep_out)
0144 0000      00555         BANKSEL (_ep_out + 1)
0146 6F00      00556         MOVWF   (_ep_out + 1), B
0148 0E00      00557         MOVLW   UPPER(_boot_ep_out)
014A 0000      00558         BANKSEL (_ep_out + 2)
014C 6F00      00559         MOVWF   (_ep_out + 2), B
               00560 ;       .line   76; boot_main.c ep_setup = boot_ep_setup;
014E 0E00      00561         MOVLW   LOW(_boot_ep_setup)
0150 0000      00562         BANKSEL _ep_setup
0152 6F00      00563         MOVWF   _ep_setup, B
0154 0E00      00564         MOVLW   HIGH(_boot_ep_setup)
0156 0000      00565         BANKSEL (_ep_setup + 1)
0158 6F00      00566         MOVWF   (_ep_setup + 1), B
015A 0E00      00567         MOVLW   UPPER(_boot_ep_setup)
015C 0000      00568         BANKSEL (_ep_setup + 2)
015E 6F00      00569         MOVWF   (_ep_setup + 2), B
0160 CFE4 F000 00570         MOVFF   PREINC1, r0x00
0164 CFE4 FFD9 00571         MOVFF   PREINC1, FSR2L
0168 0012      00572         RETURN  
               00573 
               00574 
               00575 
               00576 ; Statistics:
               00577 ; code size:      488 (0x01e8) bytes ( 0.37%)
               00578 ;                 244 (0x00f4) words
               00579 ; udata size:     259 (0x0103) bytes (14.45%)
               00580 ; access size:      3 (0x0003) bytes
               00581 
               00582 
gpasm-0.13.4 beta               boot_main.asm6-21-2007  16:16:16          PAGE 12


SYMBOL TABLE
  LABEL                             VALUE 

FSR1L                             00000FE1
FSR2L                             00000FD9
INTCON                            00000FF2
PCL                               00000FF9
PCLATH                            00000FFA
PCLATU                            00000FFB
POSTDEC1                          00000FE5
PREINC1                           00000FE4
STATUS                            00000FD8
TABLAT                            00000FF5
TBLPTRH                           00000FF7
TBLPTRL                           00000FF6
TBLPTRU                           00000FF8
TOSH                              00000FFE
TOSL                              00000FFD
TOSU                              00000FFF
_00105_DS_                        00000030
_00107_DS_                        00000062
_00109_DS_                        000000E2
_00110_DS_                        00000118
_00119_DS_                        00000008
_00127_DS_                        00000076
_ADCON0                           00000000
_ADCON0bits                       00000000
_ADCON1                           00000000
_ADCON1bits                       00000000
_ADCON2                           00000000
_ADCON2bits                       00000000
_ADRESH                           00000000
_ADRESL                           00000000
_BAUDCON                          00000000
_BAUDCONbits                      00000000
_BSR                              00000000
_BSRbits                          00000000
_CCP1CON                          00000000
_CCP1CONbits                      00000000
_CCP2CON                          00000000
_CCP2CONbits                      00000000
_CCPR1H                           00000000
_CCPR1L                           00000000
_CCPR2H                           00000000
_CCPR2L                           00000000
_CMCON                            00000000
_CMCONbits                        00000000
_CVRCON                           00000000
_CVRCONbits                       00000000
_ECCP1AS                          00000000
_ECCP1ASbits                      00000000
_ECCP1DEL                         00000000
_ECCP1DELbits                     00000000
_EEADR                            00000000
_EECON1                           00000000
_EECON1bits                       00000000
gpasm-0.13.4 beta               boot_main.asm6-21-2007  16:16:16          PAGE 13


LOC  OBJECT CODE     LINE SOURCE TEXT
  VALUE
 
_EECON2                           00000000
_EEDATA                           00000000
_FSR0H                            00000000
_FSR0Hbits                        00000000
_FSR0L                            00000000
_FSR1H                            00000000
_FSR1Hbits                        00000000
_FSR1L                            00000000
_FSR2H                            00000000
_FSR2Hbits                        00000000
_FSR2L                            00000000
_HLVDCON                          00000000
_HLVDCONbits                      00000000
_INDF0                            00000000
_INDF1                            00000000
_INDF2                            00000000
_INTCON                           00000000
_INTCON2                          00000000
_INTCON2bits                      00000000
_INTCON3                          00000000
_INTCON3bits                      00000000
_INTCONbits                       00000000
_IPR1                             00000000
_IPR1bits                         00000000
_IPR2                             00000000
_IPR2bits                         00000000
_LATA                             00000000
_LATAbits                         00000000
_LATB                             00000000
_LATBbits                         00000000
_LATC                             00000000
_LATCbits                         00000000
_LATD                             00000000
_LATDbits                         00000000
_LATE                             00000000
_LATEbits                         00000000
_OSCCON                           00000000
_OSCCONbits                       00000000
_OSCTUNE                          00000000
_OSCTUNEbits                      00000000
_PCL                              00000000
_PCLATH                           00000000
_PCLATHbits                       00000000
_PCLATU                           00000000
_PCLATUbits                       00000000
_PIE1                             00000000
_PIE1bits                         00000000
_PIE2                             00000000
_PIE2bits                         00000000
_PIR1                             00000000
_PIR1bits                         00000000
_PIR2                             00000000
_PIR2bits                         00000000
_PLUSW0                           00000000
gpasm-0.13.4 beta               boot_main.asm6-21-2007  16:16:16          PAGE 14


LOC  OBJECT CODE     LINE SOURCE TEXT
  VALUE
 
_PLUSW1                           00000000
_PLUSW2                           00000000
_PORTA                            00000000
_PORTAbits                        00000000
_PORTB                            00000000
_PORTBbits                        00000000
_PORTC                            00000000
_PORTCbits                        00000000
_PORTD                            00000000
_PORTDbits                        00000000
_PORTE                            00000000
_PORTEbits                        00000000
_POSTDEC0                         00000000
_POSTDEC1                         00000000
_POSTDEC2                         00000000
_POSTINC0                         00000000
_POSTINC1                         00000000
_POSTINC2                         00000000
_PR2                              00000000
_PREINC0                          00000000
_PREINC1                          00000000
_PREINC2                          00000000
_PRODH                            00000000
_PRODL                            00000000
_RCON                             00000000
_RCONbits                         00000000
_RCREG                            00000000
_RCSTA                            00000000
_RCSTAbits                        00000000
_SPBRG                            00000000
_SPBRGH                           00000000
_SPPCFG                           00000000
_SPPCFGbits                       00000000
_SPPCON                           00000000
_SPPCONbits                       00000000
_SPPDATA                          00000000
_SPPDATAbits                      00000000
_SPPEPS                           00000000
_SPPEPSbits                       00000000
_SSPADD                           00000000
_SSPBUF                           00000000
_SSPCON1                          00000000
_SSPCON1bits                      00000000
_SSPCON2                          00000000
_SSPCON2bits                      00000000
_SSPSTAT                          00000000
_SSPSTATbits                      00000000
_STATUS                           00000000
_STATUSbits                       00000000
_STKPTR                           00000000
_STKPTRbits                       00000000
_T0CON                            00000000
_T0CONbits                        00000000
_T1CON                            00000000
gpasm-0.13.4 beta               boot_main.asm6-21-2007  16:16:16          PAGE 15


LOC  OBJECT CODE     LINE SOURCE TEXT
  VALUE
 
_T1CONbits                        00000000
_T2CON                            00000000
_T2CONbits                        00000000
_T3CON                            00000000
_T3CONbits                        00000000
_TABLAT                           00000000
_TBLPTRH                          00000000
_TBLPTRL                          00000000
_TBLPTRU                          00000000
_TBLPTRUbits                      00000000
_TMR0H                            00000000
_TMR0L                            00000000
_TMR1H                            00000000
_TMR1L                            00000000
_TMR2                             00000000
_TMR3H                            00000000
_TMR3L                            00000000
_TOSH                             00000000
_TOSL                             00000000
_TOSU                             00000000
_TOSUbits                         00000000
_TRISA                            00000000
_TRISAbits                        00000000
_TRISB                            00000000
_TRISBbits                        00000000
_TRISC                            00000000
_TRISCbits                        00000000
_TRISD                            00000000
_TRISDbits                        00000000
_TRISE                            00000000
_TRISEbits                        00000000
_TXREG                            00000000
_TXSTA                            00000000
_TXSTAbits                        00000000
_UADDR                            00000000
_UADDRbits                        00000000
_UCFG                             00000000
_UCFGbits                         00000000
_UCON                             00000000
_UCONbits                         00000000
_UEIE                             00000000
_UEIEbits                         00000000
_UEIR                             00000000
_UEIRbits                         00000000
_UEP0                             00000000
_UEP0bits                         00000000
_UEP1                             00000000
_UEP10                            00000000
_UEP10bits                        00000000
_UEP11                            00000000
_UEP11bits                        00000000
_UEP12                            00000000
_UEP12bits                        00000000
_UEP13                            00000000
gpasm-0.13.4 beta               boot_main.asm6-21-2007  16:16:16          PAGE 16


LOC  OBJECT CODE     LINE SOURCE TEXT
  VALUE
 
_UEP13bits                        00000000
_UEP14                            00000000
_UEP14bits                        00000000
_UEP15                            00000000
_UEP15bits                        00000000
_UEP1bits                         00000000
_UEP2                             00000000
_UEP2bits                         00000000
_UEP3                             00000000
_UEP3bits                         00000000
_UEP4                             00000000
_UEP4bits                         00000000
_UEP5                             00000000
_UEP5bits                         00000000
_UEP6                             00000000
_UEP6bits                         00000000
_UEP7                             00000000
_UEP7bits                         00000000
_UEP8                             00000000
_UEP8bits                         00000000
_UEP9                             00000000
_UEP9bits                         00000000
_UFRMH                            00000000
_UFRMHbits                        00000000
_UFRML                            00000000
_UFRMLbits                        00000000
_UIE                              00000000
_UIEbits                          00000000
_UIR                              00000000
_UIRbits                          00000000
_USTAT                            00000000
_USTATbits                        00000000
_WDTCON                           00000000
_WDTCONbits                       00000000
_WREG                             00000000
__18F4550                         00000001
_application_data                 00000000
_boot_configuration_descriptor    00000000
_boot_device_descriptor           00000000
_boot_ep_in                       00000000
_boot_ep_init                     00000000
_boot_ep_out                      00000000
_boot_ep_setup                    00000000
_boot_string_descriptor           00000000
_configuration_descriptor         00000000
_device_descriptor                00000000
_dispatch_usb_event               00000000
_ep_bdt                           00000000
_ep_in                            00000000
_ep_init                          00000000
_ep_out                           00000000
_ep_setup                         00000000
_init_boot                        00000000
_init_boot_count_1_1              00000000
gpasm-0.13.4 beta               boot_main.asm6-21-2007  16:16:16          PAGE 17


LOC  OBJECT CODE     LINE SOURCE TEXT
  VALUE
 
_init_usb                         00000000
_main                             00000000
_section_descriptor               00000000
_stack                            00000200
_stack_end                        000002FE
_str0                             00000000
_str1                             00000000
_str2                             00000000
_str3                             00000000
_string_descriptor                00000000
_usb_active_alt_setting           00000000
_usb_active_cfg                   00000000
_usb_device_state                 00000000
_usb_sleep                        00000000
r0x00                             00000000
r0x01                             00000001
r0x02                             00000002


Errors   :       0
Warnings :       0 reported,       0 suppressed
Messages :       0 reported,       0 suppressed

