gpasm-0.13.4 beta               ep2.asm     6-20-2007  08:40:05          PAGE  1


LOC  OBJECT CODE     LINE SOURCE TEXT
  VALUE
 
               00001 ;--------------------------------------------------------
               00002 ; File Created by SDCC : free open source ANSI-C Compiler
               00003 ; Version 2.7.2 #4854 (Jun 17 2007)
               00004 ; This file generated Wed Jun 20 08:40:05 2007
               00005 ;--------------------------------------------------------
               00006 ; PIC16 port for the Microchip 16-bit core micros
               00007 ;--------------------------------------------------------
               00008         list    p=18f2550
               00009 
               00010         radix dec
               00011 
               00012 ;--------------------------------------------------------
               00013 ; public variables in this module
               00014 ;--------------------------------------------------------
               00015         global _ep2_init
               00016         global _prepare_ep2_in
               00017         global _ep2_in
               00018         global _ep2_InBuffer
               00019 
               00020 ;--------------------------------------------------------
               00021 ; extern variables in this module
               00022 ;--------------------------------------------------------
               00023         extern _ep_bdt
               00024         extern _usb_device_state
               00025         extern _usb_active_cfg
               00026         extern _usb_active_alt_setting
               00027         extern _device_descriptor
               00028         extern _configuration_descriptor
               00029         extern _string_descriptor
               00030         extern _ep_init
               00031         extern _ep_in
               00032         extern _ep_out
               00033         extern _ep_setup
               00034         extern _ep2_num_bytes_to_send
               00035         extern _ep2_source_data
               00036         extern _SPPDATAbits
               00037         extern _SPPCFGbits
               00038         extern _SPPEPSbits
               00039         extern _SPPCONbits
               00040         extern _UFRMLbits
               00041         extern _UFRMHbits
               00042         extern _UIRbits
               00043         extern _UIEbits
               00044         extern _UEIRbits
               00045         extern _UEIEbits
               00046         extern _USTATbits
               00047         extern _UCONbits
               00048         extern _UADDRbits
               00049         extern _UCFGbits
               00050         extern _UEP0bits
               00051         extern _UEP1bits
               00052         extern _UEP2bits
               00053         extern _UEP3bits
               00054         extern _UEP4bits
gpasm-0.13.4 beta               ep2.asm     6-20-2007  08:40:05          PAGE  2


LOC  OBJECT CODE     LINE SOURCE TEXT
  VALUE
 
               00055         extern _UEP5bits
               00056         extern _UEP6bits
               00057         extern _UEP7bits
               00058         extern _UEP8bits
               00059         extern _UEP9bits
               00060         extern _UEP10bits
               00061         extern _UEP11bits
               00062         extern _UEP12bits
               00063         extern _UEP13bits
               00064         extern _UEP14bits
               00065         extern _UEP15bits
               00066         extern _PORTAbits
               00067         extern _PORTBbits
               00068         extern _PORTCbits
               00069         extern _PORTDbits
               00070         extern _PORTEbits
               00071         extern _LATAbits
               00072         extern _LATBbits
               00073         extern _LATCbits
               00074         extern _LATDbits
               00075         extern _LATEbits
               00076         extern _TRISAbits
               00077         extern _TRISBbits
               00078         extern _TRISCbits
               00079         extern _TRISDbits
               00080         extern _TRISEbits
               00081         extern _OSCTUNEbits
               00082         extern _PIE1bits
               00083         extern _PIR1bits
               00084         extern _IPR1bits
               00085         extern _PIE2bits
               00086         extern _PIR2bits
               00087         extern _IPR2bits
               00088         extern _EECON1bits
               00089         extern _RCSTAbits
               00090         extern _TXSTAbits
               00091         extern _T3CONbits
               00092         extern _CMCONbits
               00093         extern _CVRCONbits
               00094         extern _ECCP1ASbits
               00095         extern _ECCP1DELbits
               00096         extern _BAUDCONbits
               00097         extern _CCP2CONbits
               00098         extern _CCP1CONbits
               00099         extern _ADCON2bits
               00100         extern _ADCON1bits
               00101         extern _ADCON0bits
               00102         extern _SSPCON2bits
               00103         extern _SSPCON1bits
               00104         extern _SSPSTATbits
               00105         extern _T2CONbits
               00106         extern _T1CONbits
               00107         extern _RCONbits
               00108         extern _WDTCONbits
gpasm-0.13.4 beta               ep2.asm     6-20-2007  08:40:05          PAGE  3


LOC  OBJECT CODE     LINE SOURCE TEXT
  VALUE
 
               00109         extern _HLVDCONbits
               00110         extern _OSCCONbits
               00111         extern _T0CONbits
               00112         extern _STATUSbits
               00113         extern _FSR2Hbits
               00114         extern _BSRbits
               00115         extern _FSR1Hbits
               00116         extern _FSR0Hbits
               00117         extern _INTCON3bits
               00118         extern _INTCON2bits
               00119         extern _INTCONbits
               00120         extern _TBLPTRUbits
               00121         extern _PCLATHbits
               00122         extern _PCLATUbits
               00123         extern _STKPTRbits
               00124         extern _TOSUbits
               00125         extern _SPPDATA
               00126         extern _SPPCFG
               00127         extern _SPPEPS
               00128         extern _SPPCON
               00129         extern _UFRML
               00130         extern _UFRMH
               00131         extern _UIR
               00132         extern _UIE
               00133         extern _UEIR
               00134         extern _UEIE
               00135         extern _USTAT
               00136         extern _UCON
               00137         extern _UADDR
               00138         extern _UCFG
               00139         extern _UEP0
               00140         extern _UEP1
               00141         extern _UEP2
               00142         extern _UEP3
               00143         extern _UEP4
               00144         extern _UEP5
               00145         extern _UEP6
               00146         extern _UEP7
               00147         extern _UEP8
               00148         extern _UEP9
               00149         extern _UEP10
               00150         extern _UEP11
               00151         extern _UEP12
               00152         extern _UEP13
               00153         extern _UEP14
               00154         extern _UEP15
               00155         extern _PORTA
               00156         extern _PORTB
               00157         extern _PORTC
               00158         extern _PORTD
               00159         extern _PORTE
               00160         extern _LATA
               00161         extern _LATB
               00162         extern _LATC
gpasm-0.13.4 beta               ep2.asm     6-20-2007  08:40:05          PAGE  4


LOC  OBJECT CODE     LINE SOURCE TEXT
  VALUE
 
               00163         extern _LATD
               00164         extern _LATE
               00165         extern _TRISA
               00166         extern _TRISB
               00167         extern _TRISC
               00168         extern _TRISD
               00169         extern _TRISE
               00170         extern _OSCTUNE
               00171         extern _PIE1
               00172         extern _PIR1
               00173         extern _IPR1
               00174         extern _PIE2
               00175         extern _PIR2
               00176         extern _IPR2
               00177         extern _EECON1
               00178         extern _EECON2
               00179         extern _EEDATA
               00180         extern _EEADR
               00181         extern _RCSTA
               00182         extern _TXSTA
               00183         extern _TXREG
               00184         extern _RCREG
               00185         extern _SPBRG
               00186         extern _SPBRGH
               00187         extern _T3CON
               00188         extern _TMR3L
               00189         extern _TMR3H
               00190         extern _CMCON
               00191         extern _CVRCON
               00192         extern _ECCP1AS
               00193         extern _ECCP1DEL
               00194         extern _BAUDCON
               00195         extern _CCP2CON
               00196         extern _CCPR2L
               00197         extern _CCPR2H
               00198         extern _CCP1CON
               00199         extern _CCPR1L
               00200         extern _CCPR1H
               00201         extern _ADCON2
               00202         extern _ADCON1
               00203         extern _ADCON0
               00204         extern _ADRESL
               00205         extern _ADRESH
               00206         extern _SSPCON2
               00207         extern _SSPCON1
               00208         extern _SSPSTAT
               00209         extern _SSPADD
               00210         extern _SSPBUF
               00211         extern _T2CON
               00212         extern _PR2
               00213         extern _TMR2
               00214         extern _T1CON
               00215         extern _TMR1L
               00216         extern _TMR1H
gpasm-0.13.4 beta               ep2.asm     6-20-2007  08:40:05          PAGE  5


LOC  OBJECT CODE     LINE SOURCE TEXT
  VALUE
 
               00217         extern _RCON
               00218         extern _WDTCON
               00219         extern _HLVDCON
               00220         extern _OSCCON
               00221         extern _T0CON
               00222         extern _TMR0L
               00223         extern _TMR0H
               00224         extern _STATUS
               00225         extern _FSR2L
               00226         extern _FSR2H
               00227         extern _PLUSW2
               00228         extern _PREINC2
               00229         extern _POSTDEC2
               00230         extern _POSTINC2
               00231         extern _INDF2
               00232         extern _BSR
               00233         extern _FSR1L
               00234         extern _FSR1H
               00235         extern _PLUSW1
               00236         extern _PREINC1
               00237         extern _POSTDEC1
               00238         extern _POSTINC1
               00239         extern _INDF1
               00240         extern _WREG
               00241         extern _FSR0L
               00242         extern _FSR0H
               00243         extern _PLUSW0
               00244         extern _PREINC0
               00245         extern _POSTDEC0
               00246         extern _POSTINC0
               00247         extern _INDF0
               00248         extern _INTCON3
               00249         extern _INTCON2
               00250         extern _INTCON
               00251         extern _PRODL
               00252         extern _PRODH
               00253         extern _TABLAT
               00254         extern _TBLPTRL
               00255         extern _TBLPTRH
               00256         extern _TBLPTRU
               00257         extern _PCL
               00258         extern _PCLATH
               00259         extern _PCLATU
               00260         extern _STKPTR
               00261         extern _TOSL
               00262         extern _TOSH
               00263         extern _TOSU
               00264         extern _fill_in_buffer
               00265         extern _section_descriptor
               00266         extern _boot_device_descriptor
               00267         extern _boot_configuration_descriptor
               00268         extern _boot_string_descriptor
               00269         extern _str0
               00270         extern _str1
gpasm-0.13.4 beta               ep2.asm     6-20-2007  08:40:05          PAGE  6


LOC  OBJECT CODE     LINE SOURCE TEXT
  VALUE
 
               00271         extern _str2
               00272         extern _str3
               00273         extern _boot_ep_init
               00274         extern _boot_ep_in
               00275         extern _boot_ep_out
               00276         extern _boot_ep_setup
               00277 ;--------------------------------------------------------
               00278 ;       Equates to used internal registers
               00279 ;--------------------------------------------------------
  00000FD8     00280 STATUS  equ     0xfd8
  00000FE1     00281 FSR1L   equ     0xfe1
  00000FD9     00282 FSR2L   equ     0xfd9
  00000FE5     00283 POSTDEC1        equ     0xfe5
  00000FE4     00284 PREINC1 equ     0xfe4
               00285 
               00286 
               00287 ; Internal registers
               00288 .registers      udata_ovr       0x0000
               00289 r0x00   res     1
               00290 r0x01   res     1
               00291 r0x02   res     1
               00292 r0x03   res     1
               00293 r0x04   res     1
               00294 r0x05   res     1
               00295 
               00296 
               00297 usb_buf udata
               00298 _ep2_InBuffer   res     64
               00299 
               00300 udata_ep2_0     udata
               00301 _last_send_was_null     res     1
               00302 
               00303 ;--------------------------------------------------------
               00304 ; global & static initialisations
               00305 ;--------------------------------------------------------
               00306 ; I code from now on!
               00307 ; ; Starting pCode block
               00308 S_ep2__ep2_in   code
0000           00309 _ep2_in:
               00310 ;       .line   61; ep2.c       void ep2_in(void)
0000 CFD9 FFE5 00311         MOVFF   FSR2L, POSTDEC1
0004 CFE1 FFD9 00312         MOVFF   FSR1L, FSR2L
0008 C000 FFE5 00313         MOVFF   r0x00, POSTDEC1
000C C000 FFE5 00314         MOVFF   r0x01, POSTDEC1
0010 C000 FFE5 00315         MOVFF   r0x02, POSTDEC1
0014 C000 FFE5 00316         MOVFF   r0x03, POSTDEC1
0018 C000 FFE5 00317         MOVFF   r0x04, POSTDEC1
001C C000 FFE5 00318         MOVFF   r0x05, POSTDEC1
0020 0000      00319         BANKSEL _ep2_num_bytes_to_send
               00320 ;       .line   64; ep2.c       if((ep2_num_bytes_to_send == 0) && last_send_was_null)
0022 5100      00321         MOVF    _ep2_num_bytes_to_send, W, B
0024 0000      00322         BANKSEL (_ep2_num_bytes_to_send + 1)
0026 1100      00323         IORWF   (_ep2_num_bytes_to_send + 1), W, B
0028 A4D8      00324         BTFSS   STATUS, 2
gpasm-0.13.4 beta               ep2.asm     6-20-2007  08:40:05          PAGE  7


LOC  OBJECT CODE     LINE SOURCE TEXT
  VALUE
 
002A EF00 F000 00325         GOTO    _00122_DS_
002E 0000      00326         BANKSEL _last_send_was_null
0030 5100      00327         MOVF    _last_send_was_null, W, B
0032 B4D8      00328         BTFSC   STATUS, 2
0034 EF00 F000 00329         GOTO    _00122_DS_
               00330 ;       .line   68; ep2.c       return;
0038 EF00 F000 00331         GOTO    _00127_DS_
003C           00332 _00122_DS_:
               00333 ;       .line   70; ep2.c       last_send_was_null = (ep2_num_bytes_to_send < EP2_BUFFER_SIZE);
003C 0E00      00334         MOVLW   0x00
003E 0000      00335         BANKSEL (_ep2_num_bytes_to_send + 1)
0040 5D00      00336         SUBWF   (_ep2_num_bytes_to_send + 1), W, B
0042 E100      00337         BNZ     _00133_DS_
0044 0E40      00338         MOVLW   0x40
0046 0000      00339         BANKSEL _ep2_num_bytes_to_send
0048 5D00      00340         SUBWF   _ep2_num_bytes_to_send, W, B
004A           00341 _00133_DS_:
004A 70D8      00342         BTG     STATUS, 0
004C 0000      00343         BANKSEL _last_send_was_null
004E 6B00      00344         CLRF    _last_send_was_null, B
0050 0000      00345         BANKSEL _last_send_was_null
0052 3700      00346         RLCF    _last_send_was_null, F, B
0054 0000      00347         BANKSEL _ep2_num_bytes_to_send
               00348 ;       .line   71; ep2.c       EP_IN_BD(2).Cnt = ep2_num_bytes_to_send;
0056 5100      00349         MOVF    _ep2_num_bytes_to_send, W, B
0058 6E00      00350         MOVWF   r0x00
005A 5000      00351         MOVF    r0x00, W
005C 0000      00352         BANKSEL (_ep_bdt + 21)
005E 6F00      00353         MOVWF   (_ep_bdt + 21), B
               00354 ;       .line   72; ep2.c       fill_in_buffer(2, &ep2_source_data, EP2_BUFFER_SIZE, &ep2_num_bytes_to_send);
0060 0E00      00355         MOVLW   HIGH(_ep2_source_data)
0062 6E00      00356         MOVWF   r0x01
0064 0E00      00357         MOVLW   LOW(_ep2_source_data)
0066 6E00      00358         MOVWF   r0x00
0068 0E80      00359         MOVLW   0x80
006A 6E00      00360         MOVWF   r0x02
006C 0E00      00361         MOVLW   HIGH(_ep2_num_bytes_to_send)
006E 6E00      00362         MOVWF   r0x04
0070 0E00      00363         MOVLW   LOW(_ep2_num_bytes_to_send)
0072 6E00      00364         MOVWF   r0x03
0074 0E80      00365         MOVLW   0x80
0076 6E00      00366         MOVWF   r0x05
0078 5000      00367         MOVF    r0x05, W
007A 6EE5      00368         MOVWF   POSTDEC1
007C 5000      00369         MOVF    r0x04, W
007E 6EE5      00370         MOVWF   POSTDEC1
0080 5000      00371         MOVF    r0x03, W
0082 6EE5      00372         MOVWF   POSTDEC1
0084 0E00      00373         MOVLW   0x00
0086 6EE5      00374         MOVWF   POSTDEC1
0088 0E40      00375         MOVLW   0x40
008A 6EE5      00376         MOVWF   POSTDEC1
008C 5000      00377         MOVF    r0x02, W
008E 6EE5      00378         MOVWF   POSTDEC1
gpasm-0.13.4 beta               ep2.asm     6-20-2007  08:40:05          PAGE  8


LOC  OBJECT CODE     LINE SOURCE TEXT
  VALUE
 
0090 5000      00379         MOVF    r0x01, W
0092 6EE5      00380         MOVWF   POSTDEC1
0094 5000      00381         MOVF    r0x00, W
0096 6EE5      00382         MOVWF   POSTDEC1
0098 0E02      00383         MOVLW   0x02
009A 6EE5      00384         MOVWF   POSTDEC1
009C EC00 F000 00385         CALL    _fill_in_buffer
00A0 0E09      00386         MOVLW   0x09
00A2 26E1      00387         ADDWF   FSR1L, F
00A4 0000      00388         BANKSEL (_ep_bdt + 20)
               00389 ;       .line   73; ep2.c       if(EP_IN_BD(2).Stat.DTS == 0)
00A6 BD00      00390         BTFSC   (_ep_bdt + 20), 6, B
00A8 EF00 F000 00391         GOTO    _00125_DS_
               00392 ;       .line   75; ep2.c       EP_IN_BD(2).Stat.uc = BDS_USIE | BDS_DAT1 | BDS_DTSEN;
00AC 0EC8      00393         MOVLW   0xc8
00AE 0000      00394         BANKSEL (_ep_bdt + 20)
00B0 6F00      00395         MOVWF   (_ep_bdt + 20), B
00B2 EF00 F000 00396         GOTO    _00127_DS_
00B6           00397 _00125_DS_:
               00398 ;       .line   79; ep2.c       EP_IN_BD(2).Stat.uc = BDS_USIE | BDS_DAT0 | BDS_DTSEN;
00B6 0E88      00399         MOVLW   0x88
00B8 0000      00400         BANKSEL (_ep_bdt + 20)
00BA 6F00      00401         MOVWF   (_ep_bdt + 20), B
00BC           00402 _00127_DS_:
00BC CFE4 F000 00403         MOVFF   PREINC1, r0x05
00C0 CFE4 F000 00404         MOVFF   PREINC1, r0x04
00C4 CFE4 F000 00405         MOVFF   PREINC1, r0x03
00C8 CFE4 F000 00406         MOVFF   PREINC1, r0x02
00CC CFE4 F000 00407         MOVFF   PREINC1, r0x01
00D0 CFE4 F000 00408         MOVFF   PREINC1, r0x00
00D4 CFE4 FFD9 00409         MOVFF   PREINC1, FSR2L
00D8 0012      00410         RETURN  
               00411 
               00412 ; ; Starting pCode block
               00413 S_ep2__prepare_ep2_in   code
0000           00414 _prepare_ep2_in:
               00415 ;       .line   44; ep2.c       void prepare_ep2_in(void)
0000 CFD9 FFE5 00416         MOVFF   FSR2L, POSTDEC1
0004 CFE1 FFD9 00417         MOVFF   FSR1L, FSR2L
0008 C000 FFE5 00418         MOVFF   r0x00, POSTDEC1
000C C000 FFE5 00419         MOVFF   r0x01, POSTDEC1
0010 C000 FFE5 00420         MOVFF   r0x02, POSTDEC1
0014 C000 FFE5 00421         MOVFF   r0x03, POSTDEC1
0018 C000 FFE5 00422         MOVFF   r0x04, POSTDEC1
001C C000 FFE5 00423         MOVFF   r0x05, POSTDEC1
               00424 ;       .line   47; ep2.c       last_send_was_null = (ep2_num_bytes_to_send < EP2_BUFFER_SIZE);
0020 0E00      00425         MOVLW   0x00
0022 0000      00426         BANKSEL (_ep2_num_bytes_to_send + 1)
0024 5D00      00427         SUBWF   (_ep2_num_bytes_to_send + 1), W, B
0026 E100      00428         BNZ     _00116_DS_
0028 0E40      00429         MOVLW   0x40
002A 0000      00430         BANKSEL _ep2_num_bytes_to_send
002C 5D00      00431         SUBWF   _ep2_num_bytes_to_send, W, B
002E           00432 _00116_DS_:
gpasm-0.13.4 beta               ep2.asm     6-20-2007  08:40:05          PAGE  9


LOC  OBJECT CODE     LINE SOURCE TEXT
  VALUE
 
002E 70D8      00433         BTG     STATUS, 0
0030 0000      00434         BANKSEL _last_send_was_null
0032 6B00      00435         CLRF    _last_send_was_null, B
0034 0000      00436         BANKSEL _last_send_was_null
0036 3700      00437         RLCF    _last_send_was_null, F, B
0038 0000      00438         BANKSEL _ep2_num_bytes_to_send
               00439 ;       .line   48; ep2.c       EP_IN_BD(2).Cnt = ep2_num_bytes_to_send;
003A 5100      00440         MOVF    _ep2_num_bytes_to_send, W, B
003C 6E00      00441         MOVWF   r0x00
003E 5000      00442         MOVF    r0x00, W
0040 0000      00443         BANKSEL (_ep_bdt + 21)
0042 6F00      00444         MOVWF   (_ep_bdt + 21), B
               00445 ;       .line   49; ep2.c       EP_IN_BD(2).ADR = (uchar __data *)&ep2_InBuffer;
0044 0E00      00446         MOVLW   LOW(_ep2_InBuffer)
0046 0000      00447         BANKSEL (_ep_bdt + 22)
0048 6F00      00448         MOVWF   (_ep_bdt + 22), B
004A 0E00      00449         MOVLW   HIGH(_ep2_InBuffer)
004C 0000      00450         BANKSEL (_ep_bdt + 23)
004E 6F00      00451         MOVWF   (_ep_bdt + 23), B
               00452 ;       .line   50; ep2.c       fill_in_buffer(2, &ep2_source_data, EP2_BUFFER_SIZE, &ep2_num_bytes_to_send);
0050 0E00      00453         MOVLW   HIGH(_ep2_source_data)
0052 6E00      00454         MOVWF   r0x01
0054 0E00      00455         MOVLW   LOW(_ep2_source_data)
0056 6E00      00456         MOVWF   r0x00
0058 0E80      00457         MOVLW   0x80
005A 6E00      00458         MOVWF   r0x02
005C 0E00      00459         MOVLW   HIGH(_ep2_num_bytes_to_send)
005E 6E00      00460         MOVWF   r0x04
0060 0E00      00461         MOVLW   LOW(_ep2_num_bytes_to_send)
0062 6E00      00462         MOVWF   r0x03
0064 0E80      00463         MOVLW   0x80
0066 6E00      00464         MOVWF   r0x05
0068 5000      00465         MOVF    r0x05, W
006A 6EE5      00466         MOVWF   POSTDEC1
006C 5000      00467         MOVF    r0x04, W
006E 6EE5      00468         MOVWF   POSTDEC1
0070 5000      00469         MOVF    r0x03, W
0072 6EE5      00470         MOVWF   POSTDEC1
0074 0E00      00471         MOVLW   0x00
0076 6EE5      00472         MOVWF   POSTDEC1
0078 0E40      00473         MOVLW   0x40
007A 6EE5      00474         MOVWF   POSTDEC1
007C 5000      00475         MOVF    r0x02, W
007E 6EE5      00476         MOVWF   POSTDEC1
0080 5000      00477         MOVF    r0x01, W
0082 6EE5      00478         MOVWF   POSTDEC1
0084 5000      00479         MOVF    r0x00, W
0086 6EE5      00480         MOVWF   POSTDEC1
0088 0E02      00481         MOVLW   0x02
008A 6EE5      00482         MOVWF   POSTDEC1
008C EC00 F000 00483         CALL    _fill_in_buffer
0090 0E09      00484         MOVLW   0x09
0092 26E1      00485         ADDWF   FSR1L, F
0094 0000      00486         BANKSEL (_ep_bdt + 20)
gpasm-0.13.4 beta               ep2.asm     6-20-2007  08:40:05          PAGE 10


LOC  OBJECT CODE     LINE SOURCE TEXT
  VALUE
 
               00487 ;       .line   51; ep2.c       if(EP_IN_BD(2).Stat.DTS == 0)
0096 BD00      00488         BTFSC   (_ep_bdt + 20), 6, B
0098 EF00 F000 00489         GOTO    _00110_DS_
               00490 ;       .line   53; ep2.c       EP_IN_BD(2).Stat.uc = BDS_USIE | BDS_DAT1 | BDS_DTSEN;
009C 0EC8      00491         MOVLW   0xc8
009E 0000      00492         BANKSEL (_ep_bdt + 20)
00A0 6F00      00493         MOVWF   (_ep_bdt + 20), B
00A2 EF00 F000 00494         GOTO    _00112_DS_
00A6           00495 _00110_DS_:
               00496 ;       .line   57; ep2.c       EP_IN_BD(2).Stat.uc = BDS_USIE | BDS_DAT0 | BDS_DTSEN;
00A6 0E88      00497         MOVLW   0x88
00A8 0000      00498         BANKSEL (_ep_bdt + 20)
00AA 6F00      00499         MOVWF   (_ep_bdt + 20), B
00AC           00500 _00112_DS_:
00AC CFE4 F000 00501         MOVFF   PREINC1, r0x05
00B0 CFE4 F000 00502         MOVFF   PREINC1, r0x04
00B4 CFE4 F000 00503         MOVFF   PREINC1, r0x03
00B8 CFE4 F000 00504         MOVFF   PREINC1, r0x02
00BC CFE4 F000 00505         MOVFF   PREINC1, r0x01
00C0 CFE4 F000 00506         MOVFF   PREINC1, r0x00
00C4 CFE4 FFD9 00507         MOVFF   PREINC1, FSR2L
00C8 0012      00508         RETURN  
               00509 
               00510 ; ; Starting pCode block
               00511 S_ep2__ep2_init code
0000           00512 _ep2_init:
               00513 ;       .line   34; ep2.c       void ep2_init(void)
0000 CFD9 FFE5 00514         MOVFF   FSR2L, POSTDEC1
0004 CFE1 FFD9 00515         MOVFF   FSR1L, FSR2L
               00516 ;       .line   40; ep2.c       EP_IN_BD(2).Stat.uc = BDS_UCPU | BDS_DAT1 | BDS_DTSEN;
0008 0E48      00517         MOVLW   0x48
000A 0000      00518         BANKSEL (_ep_bdt + 20)
000C 6F00      00519         MOVWF   (_ep_bdt + 20), B
               00520 ;       .line   41; ep2.c       UEP2 = EPHSHK_EN | EPINEN_EN | EPCONDIS_EN;       // Init EP2 as an IN EP
000E 0E1A      00521         MOVLW   0x1a
0010 6E00      00522         MOVWF   _UEP2
0012 CFE4 FFD9 00523         MOVFF   PREINC1, FSR2L
0016 0012      00524         RETURN  
               00525 
               00526 
               00527 
               00528 ; Statistics:
               00529 ; code size:      444 (0x01bc) bytes ( 0.34%)
               00530 ;                 222 (0x00de) words
               00531 ; udata size:      65 (0x0041) bytes ( 3.63%)
               00532 ; access size:      6 (0x0006) bytes
               00533 
               00534 
gpasm-0.13.4 beta               ep2.asm     6-20-2007  08:40:05          PAGE 11


SYMBOL TABLE
  LABEL                             VALUE 

FSR1L                             00000FE1
FSR2L                             00000FD9
POSTDEC1                          00000FE5
PREINC1                           00000FE4
STATUS                            00000FD8
_00110_DS_                        000000A6
_00112_DS_                        000000AC
_00116_DS_                        0000002E
_00122_DS_                        0000003C
_00125_DS_                        000000B6
_00127_DS_                        000000BC
_00133_DS_                        0000004A
_ADCON0                           00000000
_ADCON0bits                       00000000
_ADCON1                           00000000
_ADCON1bits                       00000000
_ADCON2                           00000000
_ADCON2bits                       00000000
_ADRESH                           00000000
_ADRESL                           00000000
_BAUDCON                          00000000
_BAUDCONbits                      00000000
_BSR                              00000000
_BSRbits                          00000000
_CCP1CON                          00000000
_CCP1CONbits                      00000000
_CCP2CON                          00000000
_CCP2CONbits                      00000000
_CCPR1H                           00000000
_CCPR1L                           00000000
_CCPR2H                           00000000
_CCPR2L                           00000000
_CMCON                            00000000
_CMCONbits                        00000000
_CVRCON                           00000000
_CVRCONbits                       00000000
_ECCP1AS                          00000000
_ECCP1ASbits                      00000000
_ECCP1DEL                         00000000
_ECCP1DELbits                     00000000
_EEADR                            00000000
_EECON1                           00000000
_EECON1bits                       00000000
_EECON2                           00000000
_EEDATA                           00000000
_FSR0H                            00000000
_FSR0Hbits                        00000000
_FSR0L                            00000000
_FSR1H                            00000000
_FSR1Hbits                        00000000
_FSR1L                            00000000
_FSR2H                            00000000
_FSR2Hbits                        00000000
gpasm-0.13.4 beta               ep2.asm     6-20-2007  08:40:05          PAGE 12


LOC  OBJECT CODE     LINE SOURCE TEXT
  VALUE
 
_FSR2L                            00000000
_HLVDCON                          00000000
_HLVDCONbits                      00000000
_INDF0                            00000000
_INDF1                            00000000
_INDF2                            00000000
_INTCON                           00000000
_INTCON2                          00000000
_INTCON2bits                      00000000
_INTCON3                          00000000
_INTCON3bits                      00000000
_INTCONbits                       00000000
_IPR1                             00000000
_IPR1bits                         00000000
_IPR2                             00000000
_IPR2bits                         00000000
_LATA                             00000000
_LATAbits                         00000000
_LATB                             00000000
_LATBbits                         00000000
_LATC                             00000000
_LATCbits                         00000000
_LATD                             00000000
_LATDbits                         00000000
_LATE                             00000000
_LATEbits                         00000000
_OSCCON                           00000000
_OSCCONbits                       00000000
_OSCTUNE                          00000000
_OSCTUNEbits                      00000000
_PCL                              00000000
_PCLATH                           00000000
_PCLATHbits                       00000000
_PCLATU                           00000000
_PCLATUbits                       00000000
_PIE1                             00000000
_PIE1bits                         00000000
_PIE2                             00000000
_PIE2bits                         00000000
_PIR1                             00000000
_PIR1bits                         00000000
_PIR2                             00000000
_PIR2bits                         00000000
_PLUSW0                           00000000
_PLUSW1                           00000000
_PLUSW2                           00000000
_PORTA                            00000000
_PORTAbits                        00000000
_PORTB                            00000000
_PORTBbits                        00000000
_PORTC                            00000000
_PORTCbits                        00000000
_PORTD                            00000000
_PORTDbits                        00000000
gpasm-0.13.4 beta               ep2.asm     6-20-2007  08:40:05          PAGE 13


LOC  OBJECT CODE     LINE SOURCE TEXT
  VALUE
 
_PORTE                            00000000
_PORTEbits                        00000000
_POSTDEC0                         00000000
_POSTDEC1                         00000000
_POSTDEC2                         00000000
_POSTINC0                         00000000
_POSTINC1                         00000000
_POSTINC2                         00000000
_PR2                              00000000
_PREINC0                          00000000
_PREINC1                          00000000
_PREINC2                          00000000
_PRODH                            00000000
_PRODL                            00000000
_RCON                             00000000
_RCONbits                         00000000
_RCREG                            00000000
_RCSTA                            00000000
_RCSTAbits                        00000000
_SPBRG                            00000000
_SPBRGH                           00000000
_SPPCFG                           00000000
_SPPCFGbits                       00000000
_SPPCON                           00000000
_SPPCONbits                       00000000
_SPPDATA                          00000000
_SPPDATAbits                      00000000
_SPPEPS                           00000000
_SPPEPSbits                       00000000
_SSPADD                           00000000
_SSPBUF                           00000000
_SSPCON1                          00000000
_SSPCON1bits                      00000000
_SSPCON2                          00000000
_SSPCON2bits                      00000000
_SSPSTAT                          00000000
_SSPSTATbits                      00000000
_STATUS                           00000000
_STATUSbits                       00000000
_STKPTR                           00000000
_STKPTRbits                       00000000
_T0CON                            00000000
_T0CONbits                        00000000
_T1CON                            00000000
_T1CONbits                        00000000
_T2CON                            00000000
_T2CONbits                        00000000
_T3CON                            00000000
_T3CONbits                        00000000
_TABLAT                           00000000
_TBLPTRH                          00000000
_TBLPTRL                          00000000
_TBLPTRU                          00000000
_TBLPTRUbits                      00000000
gpasm-0.13.4 beta               ep2.asm     6-20-2007  08:40:05          PAGE 14


LOC  OBJECT CODE     LINE SOURCE TEXT
  VALUE
 
_TMR0H                            00000000
_TMR0L                            00000000
_TMR1H                            00000000
_TMR1L                            00000000
_TMR2                             00000000
_TMR3H                            00000000
_TMR3L                            00000000
_TOSH                             00000000
_TOSL                             00000000
_TOSU                             00000000
_TOSUbits                         00000000
_TRISA                            00000000
_TRISAbits                        00000000
_TRISB                            00000000
_TRISBbits                        00000000
_TRISC                            00000000
_TRISCbits                        00000000
_TRISD                            00000000
_TRISDbits                        00000000
_TRISE                            00000000
_TRISEbits                        00000000
_TXREG                            00000000
_TXSTA                            00000000
_TXSTAbits                        00000000
_UADDR                            00000000
_UADDRbits                        00000000
_UCFG                             00000000
_UCFGbits                         00000000
_UCON                             00000000
_UCONbits                         00000000
_UEIE                             00000000
_UEIEbits                         00000000
_UEIR                             00000000
_UEIRbits                         00000000
_UEP0                             00000000
_UEP0bits                         00000000
_UEP1                             00000000
_UEP10                            00000000
_UEP10bits                        00000000
_UEP11                            00000000
_UEP11bits                        00000000
_UEP12                            00000000
_UEP12bits                        00000000
_UEP13                            00000000
_UEP13bits                        00000000
_UEP14                            00000000
_UEP14bits                        00000000
_UEP15                            00000000
_UEP15bits                        00000000
_UEP1bits                         00000000
_UEP2                             00000000
_UEP2bits                         00000000
_UEP3                             00000000
_UEP3bits                         00000000
gpasm-0.13.4 beta               ep2.asm     6-20-2007  08:40:05          PAGE 15


LOC  OBJECT CODE     LINE SOURCE TEXT
  VALUE
 
_UEP4                             00000000
_UEP4bits                         00000000
_UEP5                             00000000
_UEP5bits                         00000000
_UEP6                             00000000
_UEP6bits                         00000000
_UEP7                             00000000
_UEP7bits                         00000000
_UEP8                             00000000
_UEP8bits                         00000000
_UEP9                             00000000
_UEP9bits                         00000000
_UFRMH                            00000000
_UFRMHbits                        00000000
_UFRML                            00000000
_UFRMLbits                        00000000
_UIE                              00000000
_UIEbits                          00000000
_UIR                              00000000
_UIRbits                          00000000
_USTAT                            00000000
_USTATbits                        00000000
_WDTCON                           00000000
_WDTCONbits                       00000000
_WREG                             00000000
__18F2550                         00000001
_boot_configuration_descriptor    00000000
_boot_device_descriptor           00000000
_boot_ep_in                       00000000
_boot_ep_init                     00000000
_boot_ep_out                      00000000
_boot_ep_setup                    00000000
_boot_string_descriptor           00000000
_configuration_descriptor         00000000
_device_descriptor                00000000
_ep2_InBuffer                     00000000
_ep2_in                           00000000
_ep2_init                         00000000
_ep2_num_bytes_to_send            00000000
_ep2_source_data                  00000000
_ep_bdt                           00000000
_ep_in                            00000000
_ep_init                          00000000
_ep_out                           00000000
_ep_setup                         00000000
_fill_in_buffer                   00000000
_last_send_was_null               00000000
_prepare_ep2_in                   00000000
_section_descriptor               00000000
_str0                             00000000
_str1                             00000000
_str2                             00000000
_str3                             00000000
_string_descriptor                00000000
gpasm-0.13.4 beta               ep2.asm     6-20-2007  08:40:05          PAGE 16


LOC  OBJECT CODE     LINE SOURCE TEXT
  VALUE
 
_usb_active_alt_setting           00000000
_usb_active_cfg                   00000000
_usb_device_state                 00000000
r0x00                             00000000
r0x01                             00000001
r0x02                             00000002
r0x03                             00000003
r0x04                             00000004
r0x05                             00000005


Errors   :       0
Warnings :       0 reported,       0 suppressed
Messages :       0 reported,       0 suppressed

