This file contains any messages produced by compilers while
running configure, to aid debugging if configure makes a mistake.

It was created by usbpicprog configure 0.1.2, which was
generated by GNU Autoconf 2.63.  Invocation command line was

  $ ./configure --enable-maintainer-mode

## --------- ##
## Platform. ##
## --------- ##

hostname = frans-laptop
uname -m = x86_64
uname -r = 2.6.28-15-generic
uname -s = Linux
uname -v = #52-Ubuntu SMP Wed Sep 9 10:48:52 UTC 2009

/usr/bin/uname -p = unknown
/bin/uname -X     = unknown

/bin/arch              = unknown
/usr/bin/arch -k       = unknown
/usr/convex/getsysinfo = unknown
/usr/bin/hostinfo      = unknown
/bin/machine           = unknown
/usr/bin/oslevel       = unknown
/bin/universe          = unknown

PATH: /usr/local/sbin
PATH: /usr/local/bin
PATH: /usr/sbin
PATH: /usr/bin
PATH: /sbin
PATH: /bin
PATH: /usr/games


## ----------- ##
## Core tests. ##
## ----------- ##

configure:2151: checking for a BSD-compatible install
configure:2219: result: /usr/bin/install -c
configure:2230: checking whether build environment is sane
configure:2273: result: yes
configure:2298: checking for a thread-safe mkdir -p
configure:2337: result: /bin/mkdir -p
configure:2350: checking for gawk
configure:2380: result: no
configure:2350: checking for mawk
configure:2366: found /usr/bin/mawk
configure:2377: result: mawk
configure:2388: checking whether make sets $(MAKE)
configure:2410: result: yes
configure:2596: checking whether to enable maintainer-specific portions of Makefiles
configure:2605: result: yes
configure:2670: checking for style of include used by make
configure:2698: result: GNU
configure:2768: checking for gcc
configure:2784: found /usr/bin/gcc
configure:2795: result: gcc
configure:3027: checking for C compiler version
configure:3035: gcc --version >&5
gcc (Ubuntu 4.3.3-5ubuntu4) 4.3.3
Copyright (C) 2008 Free Software Foundation, Inc.
This is free software; see the source for copying conditions.  There is NO
warranty; not even for MERCHANTABILITY or FITNESS FOR A PARTICULAR PURPOSE.

configure:3039: $? = 0
configure:3046: gcc -v >&5
Using built-in specs.
Target: x86_64-linux-gnu
Configured with: ../src/configure -v --with-pkgversion='Ubuntu 4.3.3-5ubuntu4' --with-bugurl=file:///usr/share/doc/gcc-4.3/README.Bugs --enable-languages=c,c++,fortran,objc,obj-c++ --prefix=/usr --enable-shared --with-system-zlib --libexecdir=/usr/lib --without-included-gettext --enable-threads=posix --enable-nls --with-gxx-include-dir=/usr/include/c++/4.3 --program-suffix=-4.3 --enable-clocale=gnu --enable-libstdcxx-debug --enable-objc-gc --enable-mpfr --with-tune=generic --enable-checking=release --build=x86_64-linux-gnu --host=x86_64-linux-gnu --target=x86_64-linux-gnu
Thread model: posix
gcc version 4.3.3 (Ubuntu 4.3.3-5ubuntu4) 
configure:3050: $? = 0
configure:3057: gcc -V >&5
gcc: '-V' option must have argument
configure:3061: $? = 1
configure:3084: checking for C compiler default output file name
configure:3106: gcc    conftest.c  >&5
configure:3110: $? = 0
configure:3148: result: a.out
configure:3167: checking whether the C compiler works
configure:3177: ./a.out
configure:3181: $? = 0
configure:3200: result: yes
configure:3207: checking whether we are cross compiling
configure:3209: result: no
configure:3212: checking for suffix of executables
configure:3219: gcc -o conftest    conftest.c  >&5
configure:3223: $? = 0
configure:3249: result: 
configure:3255: checking for suffix of object files
configure:3281: gcc -c   conftest.c >&5
configure:3285: $? = 0
configure:3310: result: o
configure:3314: checking whether we are using the GNU C compiler
configure:3343: gcc -c   conftest.c >&5
configure:3350: $? = 0
configure:3367: result: yes
configure:3376: checking whether gcc accepts -g
configure:3406: gcc -c -g  conftest.c >&5
configure:3413: $? = 0
configure:3514: result: yes
configure:3531: checking for gcc option to accept ISO C89
configure:3605: gcc  -c -g -O2  conftest.c >&5
configure:3612: $? = 0
configure:3635: result: none needed
configure:3655: checking dependency style of gcc
configure:3746: result: gcc3
configure:3762: checking for library containing strerror
configure:3803: gcc -o conftest -g -O2   conftest.c  >&5
configure:3810: $? = 0
configure:3841: result: none required
configure:3897: checking for gcc
configure:3924: result: gcc
configure:4156: checking for C compiler version
configure:4164: gcc --version >&5
gcc (Ubuntu 4.3.3-5ubuntu4) 4.3.3
Copyright (C) 2008 Free Software Foundation, Inc.
This is free software; see the source for copying conditions.  There is NO
warranty; not even for MERCHANTABILITY or FITNESS FOR A PARTICULAR PURPOSE.

configure:4168: $? = 0
configure:4175: gcc -v >&5
Using built-in specs.
Target: x86_64-linux-gnu
Configured with: ../src/configure -v --with-pkgversion='Ubuntu 4.3.3-5ubuntu4' --with-bugurl=file:///usr/share/doc/gcc-4.3/README.Bugs --enable-languages=c,c++,fortran,objc,obj-c++ --prefix=/usr --enable-shared --with-system-zlib --libexecdir=/usr/lib --without-included-gettext --enable-threads=posix --enable-nls --with-gxx-include-dir=/usr/include/c++/4.3 --program-suffix=-4.3 --enable-clocale=gnu --enable-libstdcxx-debug --enable-objc-gc --enable-mpfr --with-tune=generic --enable-checking=release --build=x86_64-linux-gnu --host=x86_64-linux-gnu --target=x86_64-linux-gnu
Thread model: posix
gcc version 4.3.3 (Ubuntu 4.3.3-5ubuntu4) 
configure:4179: $? = 0
configure:4186: gcc -V >&5
gcc: '-V' option must have argument
configure:4190: $? = 1
configure:4193: checking whether we are using the GNU C compiler
configure:4246: result: yes
configure:4255: checking whether gcc accepts -g
configure:4393: result: yes
configure:4410: checking for gcc option to accept ISO C89
configure:4514: result: none needed
configure:4534: checking dependency style of gcc
configure:4625: result: gcc3
configure:4688: checking for gcc
configure:4715: result: gcc
configure:4947: checking for C compiler version
configure:4955: gcc --version >&5
gcc (Ubuntu 4.3.3-5ubuntu4) 4.3.3
Copyright (C) 2008 Free Software Foundation, Inc.
This is free software; see the source for copying conditions.  There is NO
warranty; not even for MERCHANTABILITY or FITNESS FOR A PARTICULAR PURPOSE.

configure:4959: $? = 0
configure:4966: gcc -v >&5
Using built-in specs.
Target: x86_64-linux-gnu
Configured with: ../src/configure -v --with-pkgversion='Ubuntu 4.3.3-5ubuntu4' --with-bugurl=file:///usr/share/doc/gcc-4.3/README.Bugs --enable-languages=c,c++,fortran,objc,obj-c++ --prefix=/usr --enable-shared --with-system-zlib --libexecdir=/usr/lib --without-included-gettext --enable-threads=posix --enable-nls --with-gxx-include-dir=/usr/include/c++/4.3 --program-suffix=-4.3 --enable-clocale=gnu --enable-libstdcxx-debug --enable-objc-gc --enable-mpfr --with-tune=generic --enable-checking=release --build=x86_64-linux-gnu --host=x86_64-linux-gnu --target=x86_64-linux-gnu
Thread model: posix
gcc version 4.3.3 (Ubuntu 4.3.3-5ubuntu4) 
configure:4970: $? = 0
configure:4977: gcc -V >&5
gcc: '-V' option must have argument
configure:4981: $? = 1
configure:4984: checking whether we are using the GNU C compiler
configure:5037: result: yes
configure:5046: checking whether gcc accepts -g
configure:5184: result: yes
configure:5201: checking for gcc option to accept ISO C89
configure:5305: result: none needed
configure:5325: checking dependency style of gcc
configure:5416: result: gcc3
configure:5439: checking how to run the C preprocessor
configure:5479: gcc -E  conftest.c
configure:5486: $? = 0
configure:5517: gcc -E  conftest.c
conftest.c:10:28: error: ac_nonexistent.h: No such file or directory
configure:5524: $? = 1
configure: failed program was:
| /* confdefs.h.  */
| #define PACKAGE_NAME "usbpicprog"
| #define PACKAGE_TARNAME "usbpicprog"
| #define PACKAGE_VERSION "0.1.2"
| #define PACKAGE_STRING "usbpicprog 0.1.2"
| #define PACKAGE_BUGREPORT ""
| #define PACKAGE "usbpicprog"
| #define VERSION "0.1.2"
| /* end confdefs.h.  */
| #include <ac_nonexistent.h>
configure:5557: result: gcc -E
configure:5586: gcc -E  conftest.c
configure:5593: $? = 0
configure:5624: gcc -E  conftest.c
conftest.c:10:28: error: ac_nonexistent.h: No such file or directory
configure:5631: $? = 1
configure: failed program was:
| /* confdefs.h.  */
| #define PACKAGE_NAME "usbpicprog"
| #define PACKAGE_TARNAME "usbpicprog"
| #define PACKAGE_VERSION "0.1.2"
| #define PACKAGE_STRING "usbpicprog 0.1.2"
| #define PACKAGE_BUGREPORT ""
| #define PACKAGE "usbpicprog"
| #define VERSION "0.1.2"
| /* end confdefs.h.  */
| #include <ac_nonexistent.h>
configure:5671: checking for grep that handles long lines and -e
configure:5731: result: /bin/grep
configure:5736: checking for egrep
configure:5800: result: /bin/grep -E
configure:5805: checking for ANSI C header files
configure:5835: gcc -c -g -O2  conftest.c >&5
configure:5842: $? = 0
configure:5941: gcc -o conftest -g -O2   conftest.c  >&5
configure:5945: $? = 0
configure:5951: ./conftest
configure:5955: $? = 0
configure:5973: result: yes
configure:5988: checking how to run the C preprocessor
configure:6106: result: gcc -E
configure:6135: gcc -E  conftest.c
configure:6142: $? = 0
configure:6173: gcc -E  conftest.c
conftest.c:11:28: error: ac_nonexistent.h: No such file or directory
configure:6180: $? = 1
configure: failed program was:
| /* confdefs.h.  */
| #define PACKAGE_NAME "usbpicprog"
| #define PACKAGE_TARNAME "usbpicprog"
| #define PACKAGE_VERSION "0.1.2"
| #define PACKAGE_STRING "usbpicprog 0.1.2"
| #define PACKAGE_BUGREPORT ""
| #define PACKAGE "usbpicprog"
| #define VERSION "0.1.2"
| #define STDC_HEADERS 1
| /* end confdefs.h.  */
| #include <ac_nonexistent.h>
configure:6277: checking for g++
configure:6293: found /usr/bin/g++
configure:6304: result: g++
configure:6331: checking for C++ compiler version
configure:6339: g++ --version >&5
g++ (Ubuntu 4.3.3-5ubuntu4) 4.3.3
Copyright (C) 2008 Free Software Foundation, Inc.
This is free software; see the source for copying conditions.  There is NO
warranty; not even for MERCHANTABILITY or FITNESS FOR A PARTICULAR PURPOSE.

configure:6343: $? = 0
configure:6350: g++ -v >&5
Using built-in specs.
Target: x86_64-linux-gnu
Configured with: ../src/configure -v --with-pkgversion='Ubuntu 4.3.3-5ubuntu4' --with-bugurl=file:///usr/share/doc/gcc-4.3/README.Bugs --enable-languages=c,c++,fortran,objc,obj-c++ --prefix=/usr --enable-shared --with-system-zlib --libexecdir=/usr/lib --without-included-gettext --enable-threads=posix --enable-nls --with-gxx-include-dir=/usr/include/c++/4.3 --program-suffix=-4.3 --enable-clocale=gnu --enable-libstdcxx-debug --enable-objc-gc --enable-mpfr --with-tune=generic --enable-checking=release --build=x86_64-linux-gnu --host=x86_64-linux-gnu --target=x86_64-linux-gnu
Thread model: posix
gcc version 4.3.3 (Ubuntu 4.3.3-5ubuntu4) 
configure:6354: $? = 0
configure:6361: g++ -V >&5
g++: '-V' option must have argument
configure:6365: $? = 1
configure:6368: checking whether we are using the GNU C++ compiler
configure:6397: g++ -c   conftest.cpp >&5
configure:6404: $? = 0
configure:6421: result: yes
configure:6430: checking whether g++ accepts -g
configure:6460: g++ -c -g  conftest.cpp >&5
configure:6467: $? = 0
configure:6568: result: yes
configure:6593: checking dependency style of g++
configure:6684: result: gcc3
configure:6730: checking build system type
configure:6748: result: x86_64-unknown-linux-gnu
configure:6770: checking host system type
configure:6785: result: x86_64-unknown-linux-gnu
configure:6807: checking for a sed that does not truncate output
configure:6873: result: /bin/sed
configure:6891: checking for fgrep
configure:6955: result: /bin/grep -F
configure:6990: checking for ld used by gcc
configure:7057: result: /usr/bin/ld
configure:7066: checking if the linker (/usr/bin/ld) is GNU ld
configure:7081: result: yes
configure:7093: checking for BSD- or MS-compatible name lister (nm)
configure:7142: result: /usr/bin/nm -B
configure:7260: checking the name lister (/usr/bin/nm -B) interface
configure:7267: gcc -c -g -O2  conftest.c >&5
configure:7270: /usr/bin/nm -B "conftest.o"
configure:7273: output
0000000000000000 B some_variable
configure:7280: result: BSD nm
configure:7283: checking whether ln -s works
configure:7287: result: yes
configure:7295: checking the maximum length of command line arguments
configure:7415: result: 1572864
configure:7432: checking whether the shell understands some XSI constructs
configure:7442: result: yes
configure:7446: checking whether the shell understands "+="
configure:7452: result: yes
configure:7487: checking for /usr/bin/ld option to reload object files
configure:7494: result: -r
configure:7563: checking for objdump
configure:7579: found /usr/bin/objdump
configure:7590: result: objdump
configure:7622: checking how to recognize dependent libraries
configure:7818: result: pass_all
configure:7878: checking for ar
configure:7894: found /usr/bin/ar
configure:7905: result: ar
configure:7983: checking for strip
configure:7999: found /usr/bin/strip
configure:8010: result: strip
configure:8082: checking for ranlib
configure:8098: found /usr/bin/ranlib
configure:8109: result: ranlib
configure:8199: checking command to parse /usr/bin/nm -B output from gcc object
configure:8317: gcc -c -g -O2  conftest.c >&5
configure:8320: $? = 0
configure:8324: /usr/bin/nm -B conftest.o \| sed -n -e 's/^.*[	 ]\([ABCDGIRSTW][ABCDGIRSTW]*\)[	 ][	 ]*\([_A-Za-z][_A-Za-z0-9]*\)$/\1 \2 \2/p' \> conftest.nm
configure:8327: $? = 0
configure:8381: gcc -o conftest -g -O2   conftest.c conftstm.o >&5
configure:8384: $? = 0
configure:8422: result: ok
configure:8517: gcc -c -g -O2  conftest.c >&5
configure:8520: $? = 0
configure:9297: checking for sys/types.h
configure:9318: gcc -c -g -O2  conftest.c >&5
configure:9325: $? = 0
configure:9342: result: yes
configure:9297: checking for sys/stat.h
configure:9318: gcc -c -g -O2  conftest.c >&5
configure:9325: $? = 0
configure:9342: result: yes
configure:9297: checking for stdlib.h
configure:9318: gcc -c -g -O2  conftest.c >&5
configure:9325: $? = 0
configure:9342: result: yes
configure:9297: checking for string.h
configure:9318: gcc -c -g -O2  conftest.c >&5
configure:9325: $? = 0
configure:9342: result: yes
configure:9297: checking for memory.h
configure:9318: gcc -c -g -O2  conftest.c >&5
configure:9325: $? = 0
configure:9342: result: yes
configure:9297: checking for strings.h
configure:9318: gcc -c -g -O2  conftest.c >&5
configure:9325: $? = 0
configure:9342: result: yes
configure:9297: checking for inttypes.h
configure:9318: gcc -c -g -O2  conftest.c >&5
configure:9325: $? = 0
configure:9342: result: yes
configure:9297: checking for stdint.h
configure:9318: gcc -c -g -O2  conftest.c >&5
configure:9325: $? = 0
configure:9342: result: yes
configure:9297: checking for unistd.h
configure:9318: gcc -c -g -O2  conftest.c >&5
configure:9325: $? = 0
configure:9342: result: yes
configure:9360: checking for dlfcn.h
configure:9381: gcc -c -g -O2  conftest.c >&5
configure:9388: $? = 0
configure:9405: result: yes
configure:9532: checking for C++ compiler version
configure:9540: g++ --version >&5
g++ (Ubuntu 4.3.3-5ubuntu4) 4.3.3
Copyright (C) 2008 Free Software Foundation, Inc.
This is free software; see the source for copying conditions.  There is NO
warranty; not even for MERCHANTABILITY or FITNESS FOR A PARTICULAR PURPOSE.

configure:9544: $? = 0
configure:9551: g++ -v >&5
Using built-in specs.
Target: x86_64-linux-gnu
Configured with: ../src/configure -v --with-pkgversion='Ubuntu 4.3.3-5ubuntu4' --with-bugurl=file:///usr/share/doc/gcc-4.3/README.Bugs --enable-languages=c,c++,fortran,objc,obj-c++ --prefix=/usr --enable-shared --with-system-zlib --libexecdir=/usr/lib --without-included-gettext --enable-threads=posix --enable-nls --with-gxx-include-dir=/usr/include/c++/4.3 --program-suffix=-4.3 --enable-clocale=gnu --enable-libstdcxx-debug --enable-objc-gc --enable-mpfr --with-tune=generic --enable-checking=release --build=x86_64-linux-gnu --host=x86_64-linux-gnu --target=x86_64-linux-gnu
Thread model: posix
gcc version 4.3.3 (Ubuntu 4.3.3-5ubuntu4) 
configure:9555: $? = 0
configure:9562: g++ -V >&5
g++: '-V' option must have argument
configure:9566: $? = 1
configure:9569: checking whether we are using the GNU C++ compiler
configure:9622: result: yes
configure:9631: checking whether g++ accepts -g
configure:9769: result: yes
configure:9794: checking dependency style of g++
configure:9885: result: gcc3
configure:9908: checking how to run the C++ preprocessor
configure:9944: g++ -E  conftest.cpp
configure:9951: $? = 0
configure:9982: g++ -E  conftest.cpp
conftest.cpp:21:28: error: ac_nonexistent.h: No such file or directory
configure:9989: $? = 1
configure: failed program was:
| /* confdefs.h.  */
| #define PACKAGE_NAME "usbpicprog"
| #define PACKAGE_TARNAME "usbpicprog"
| #define PACKAGE_VERSION "0.1.2"
| #define PACKAGE_STRING "usbpicprog 0.1.2"
| #define PACKAGE_BUGREPORT ""
| #define PACKAGE "usbpicprog"
| #define VERSION "0.1.2"
| #define STDC_HEADERS 1
| #define HAVE_SYS_TYPES_H 1
| #define HAVE_SYS_STAT_H 1
| #define HAVE_STDLIB_H 1
| #define HAVE_STRING_H 1
| #define HAVE_MEMORY_H 1
| #define HAVE_STRINGS_H 1
| #define HAVE_INTTYPES_H 1
| #define HAVE_STDINT_H 1
| #define HAVE_UNISTD_H 1
| #define HAVE_DLFCN_H 1
| /* end confdefs.h.  */
| #include <ac_nonexistent.h>
configure:10022: result: g++ -E
configure:10051: g++ -E  conftest.cpp
configure:10058: $? = 0
configure:10089: g++ -E  conftest.cpp
conftest.cpp:21:28: error: ac_nonexistent.h: No such file or directory
configure:10096: $? = 1
configure: failed program was:
| /* confdefs.h.  */
| #define PACKAGE_NAME "usbpicprog"
| #define PACKAGE_TARNAME "usbpicprog"
| #define PACKAGE_VERSION "0.1.2"
| #define PACKAGE_STRING "usbpicprog 0.1.2"
| #define PACKAGE_BUGREPORT ""
| #define PACKAGE "usbpicprog"
| #define VERSION "0.1.2"
| #define STDC_HEADERS 1
| #define HAVE_SYS_TYPES_H 1
| #define HAVE_SYS_STAT_H 1
| #define HAVE_STDLIB_H 1
| #define HAVE_STRING_H 1
| #define HAVE_MEMORY_H 1
| #define HAVE_STRINGS_H 1
| #define HAVE_INTTYPES_H 1
| #define HAVE_STDINT_H 1
| #define HAVE_UNISTD_H 1
| #define HAVE_DLFCN_H 1
| /* end confdefs.h.  */
| #include <ac_nonexistent.h>
configure:10310: checking for objdir
configure:10325: result: .libs
configure:10617: checking if gcc supports -fno-rtti -fno-exceptions
configure:10635: gcc -c -g -O2  -fno-rtti -fno-exceptions conftest.c >&5
cc1: warning: command line option "-fno-rtti" is valid for C++/ObjC++ but not for C
configure:10639: $? = 0
configure:10652: result: no
configure:10672: checking for gcc option to produce PIC
configure:10944: result: -fPIC -DPIC
configure:10956: checking if gcc PIC flag -fPIC -DPIC works
configure:10974: gcc -c -g -O2  -fPIC -DPIC -DPIC conftest.c >&5
configure:10978: $? = 0
configure:10991: result: yes
configure:11015: checking if gcc static flag -static works
configure:11043: result: yes
configure:11058: checking if gcc supports -c -o file.o
configure:11079: gcc -c -g -O2  -o out/conftest2.o conftest.c >&5
configure:11083: $? = 0
configure:11105: result: yes
configure:11113: checking if gcc supports -c -o file.o
configure:11160: result: yes
configure:11193: checking whether the gcc linker (/usr/bin/ld -m elf_x86_64) supports shared libraries
configure:12268: result: yes
configure:12305: checking whether -lc should be explicitly linked in
configure:12310: gcc -c -g -O2  conftest.c >&5
configure:12313: $? = 0
configure:12328: gcc -shared conftest.o  -v -Wl,-soname -Wl,conftest -o conftest 2\>\&1 \| /bin/grep  -lc  \>/dev/null 2\>\&1
configure:12331: $? = 0
configure:12343: result: no
configure:12507: checking dynamic linker characteristics
configure:12950: gcc -o conftest -g -O2   -Wl,-rpath -Wl,/foo conftest.c  >&5
configure:12957: $? = 0
configure:13202: result: GNU/Linux ld.so
configure:13304: checking how to hardcode library paths into programs
configure:13329: result: immediate
configure:14162: checking whether stripping libraries is possible
configure:14167: result: yes
configure:14202: checking if libtool supports shared libraries
configure:14204: result: yes
configure:14207: checking whether to build shared libraries
configure:14228: result: yes
configure:14231: checking whether to build static libraries
configure:14235: result: yes
configure:14385: checking for ld used by g++
configure:14452: result: /usr/bin/ld -m elf_x86_64
configure:14461: checking if the linker (/usr/bin/ld -m elf_x86_64) is GNU ld
configure:14476: result: yes
configure:14531: checking whether the g++ linker (/usr/bin/ld -m elf_x86_64) supports shared libraries
configure:15506: result: yes
configure:15534: g++ -c -g -O2  conftest.cpp >&5
configure:15537: $? = 0
configure:15719: checking for g++ option to produce PIC
configure:16036: result: -fPIC -DPIC
configure:16045: checking if g++ PIC flag -fPIC -DPIC works
configure:16063: g++ -c -g -O2  -fPIC -DPIC -DPIC conftest.cpp >&5
configure:16067: $? = 0
configure:16080: result: yes
configure:16101: checking if g++ static flag -static works
configure:16129: result: yes
configure:16141: checking if g++ supports -c -o file.o
configure:16162: g++ -c -g -O2  -o out/conftest2.o conftest.cpp >&5
configure:16166: $? = 0
configure:16188: result: yes
configure:16193: checking if g++ supports -c -o file.o
configure:16240: result: yes
configure:16270: checking whether the g++ linker (/usr/bin/ld -m elf_x86_64) supports shared libraries
configure:16299: result: yes
configure:16436: checking dynamic linker characteristics
configure:16827: g++ -o conftest -g -O2   -Wl,-rpath -Wl,/foo conftest.cpp  >&5
configure:16834: $? = 0
configure:17079: result: GNU/Linux ld.so
configure:17130: checking how to hardcode library paths into programs
configure:17155: result: immediate
configure:17241: checking locale.h usability
configure:17258: gcc -c -g -O2  conftest.c >&5
configure:17265: $? = 0
configure:17279: result: yes
configure:17283: checking locale.h presence
configure:17298: gcc -E  conftest.c
configure:17305: $? = 0
configure:17319: result: yes
configure:17347: checking for locale.h
configure:17356: result: yes
configure:17372: checking for LC_MESSAGES
configure:17398: gcc -o conftest -g -O2   conftest.c  >&5
configure:17405: $? = 0
configure:17425: result: yes
configure:17454: checking libintl.h usability
configure:17471: gcc -c -g -O2  conftest.c >&5
configure:17478: $? = 0
configure:17492: result: yes
configure:17496: checking libintl.h presence
configure:17511: gcc -E  conftest.c
configure:17518: $? = 0
configure:17532: result: yes
configure:17560: checking for libintl.h
configure:17567: result: yes
configure:17578: checking for ngettext in libc
configure:17606: gcc -o conftest -g -O2   conftest.c  >&5
configure:17613: $? = 0
configure:17634: result: yes
configure:17638: checking for dgettext in libc
configure:17666: gcc -o conftest -g -O2   conftest.c  >&5
configure:17673: $? = 0
configure:17694: result: yes
configure:17703: checking for bind_textdomain_codeset
configure:17759: gcc -o conftest -g -O2   conftest.c  >&5
configure:17766: $? = 0
configure:17788: result: yes
configure:18304: checking for msgfmt
configure:18331: result: /usr/bin/msgfmt
configure:18344: checking for dcgettext
configure:18400: gcc -o conftest -g -O2   conftest.c   >&5

## ---------------- ##
## Cache variables. ##
## ---------------- ##

ac_cv_build=x86_64-unknown-linux-gnu
ac_cv_c_compiler_gnu=yes
ac_cv_cxx_compiler_gnu=yes
ac_cv_env_CCC_set=
ac_cv_env_CCC_value=
ac_cv_env_CC_set=
ac_cv_env_CC_value=
ac_cv_env_CFLAGS_set=
ac_cv_env_CFLAGS_value=
ac_cv_env_CPPFLAGS_set=
ac_cv_env_CPPFLAGS_value=
ac_cv_env_CPP_set=
ac_cv_env_CPP_value=
ac_cv_env_CXXCPP_set=
ac_cv_env_CXXCPP_value=
ac_cv_env_CXXFLAGS_set=
ac_cv_env_CXXFLAGS_value=
ac_cv_env_CXX_set=
ac_cv_env_CXX_value=
ac_cv_env_LDFLAGS_set=
ac_cv_env_LDFLAGS_value=
ac_cv_env_LIBS_set=
ac_cv_env_LIBS_value=
ac_cv_env_build_alias_set=
ac_cv_env_build_alias_value=
ac_cv_env_host_alias_set=
ac_cv_env_host_alias_value=
ac_cv_env_target_alias_set=
ac_cv_env_target_alias_value=
ac_cv_func_bind_textdomain_codeset=yes
ac_cv_header_dlfcn_h=yes
ac_cv_header_inttypes_h=yes
ac_cv_header_libintl_h=yes
ac_cv_header_locale_h=yes
ac_cv_header_memory_h=yes
ac_cv_header_stdc=yes
ac_cv_header_stdint_h=yes
ac_cv_header_stdlib_h=yes
ac_cv_header_string_h=yes
ac_cv_header_strings_h=yes
ac_cv_header_sys_stat_h=yes
ac_cv_header_sys_types_h=yes
ac_cv_header_unistd_h=yes
ac_cv_host=x86_64-unknown-linux-gnu
ac_cv_objext=o
ac_cv_path_EGREP='/bin/grep -E'
ac_cv_path_FGREP='/bin/grep -F'
ac_cv_path_GREP=/bin/grep
ac_cv_path_MSGFMT=/usr/bin/msgfmt
ac_cv_path_SED=/bin/sed
ac_cv_path_install='/usr/bin/install -c'
ac_cv_path_mkdir=/bin/mkdir
ac_cv_prog_AWK=mawk
ac_cv_prog_CPP='gcc -E'
ac_cv_prog_CXXCPP='g++ -E'
ac_cv_prog_ac_ct_AR=ar
ac_cv_prog_ac_ct_CC=gcc
ac_cv_prog_ac_ct_CXX=g++
ac_cv_prog_ac_ct_OBJDUMP=objdump
ac_cv_prog_ac_ct_RANLIB=ranlib
ac_cv_prog_ac_ct_STRIP=strip
ac_cv_prog_cc_c89=
ac_cv_prog_cc_g=yes
ac_cv_prog_cxx_g=yes
ac_cv_prog_make_make_set=yes
ac_cv_search_strerror='none required'
am_cv_CC_dependencies_compiler_type=gcc3
am_cv_CXX_dependencies_compiler_type=gcc3
am_cv_prog_cc_stdc=
am_cv_val_LC_MESSAGES=yes
gt_cv_func_dgettext_libc=yes
gt_cv_func_dgettext_libintl=no
gt_cv_func_ngettext_libc=yes
gt_cv_have_gettext=yes
lt_cv_deplibs_check_method=pass_all
lt_cv_file_magic_cmd='$MAGIC_CMD'
lt_cv_file_magic_test_file=
lt_cv_ld_reload_flag=-r
lt_cv_nm_interface='BSD nm'
lt_cv_objdir=.libs
lt_cv_path_LD=/usr/bin/ld
lt_cv_path_LDCXX='/usr/bin/ld -m elf_x86_64'
lt_cv_path_NM='/usr/bin/nm -B'
lt_cv_prog_compiler_c_o=yes
lt_cv_prog_compiler_c_o_CXX=yes
lt_cv_prog_compiler_pic_works=yes
lt_cv_prog_compiler_pic_works_CXX=yes
lt_cv_prog_compiler_rtti_exceptions=no
lt_cv_prog_compiler_static_works=yes
lt_cv_prog_compiler_static_works_CXX=yes
lt_cv_prog_gnu_ld=yes
lt_cv_prog_gnu_ldcxx=yes
lt_cv_sys_global_symbol_pipe='sed -n -e '\''s/^.*[	 ]\([ABCDGIRSTW][ABCDGIRSTW]*\)[	 ][	 ]*\([_A-Za-z][_A-Za-z0-9]*\)$/\1 \2 \2/p'\'''
lt_cv_sys_global_symbol_to_c_name_address='sed -n -e '\''s/^: \([^ ]*\) $/  {\"\1\", (void *) 0},/p'\'' -e '\''s/^[ABCDGIRSTW]* \([^ ]*\) \([^ ]*\)$/  {"\2", (void *) \&\2},/p'\'''
lt_cv_sys_global_symbol_to_c_name_address_lib_prefix='sed -n -e '\''s/^: \([^ ]*\) $/  {\"\1\", (void *) 0},/p'\'' -e '\''s/^[ABCDGIRSTW]* \([^ ]*\) \(lib[^ ]*\)$/  {"\2", (void *) \&\2},/p'\'' -e '\''s/^[ABCDGIRSTW]* \([^ ]*\) \([^ ]*\)$/  {"lib\2", (void *) \&\2},/p'\'''
lt_cv_sys_global_symbol_to_cdecl='sed -n -e '\''s/^T .* \(.*\)$/extern int \1();/p'\'' -e '\''s/^[ABCDGIRSTW]* .* \(.*\)$/extern char \1;/p'\'''
lt_cv_sys_max_cmd_len=1572864

## ----------------- ##
## Output variables. ##
## ----------------- ##

ACLOCAL='${SHELL} /home/frans/upp_wx_mac/missing --run aclocal-1.10'
ALL_LINGUAS=''
AMDEPBACKSLASH='\'
AMDEP_FALSE='#'
AMDEP_TRUE=''
AMTAR='${SHELL} /home/frans/upp_wx_mac/missing --run tar'
AR='ar'
AUTOCONF='${SHELL} /home/frans/upp_wx_mac/missing --run autoconf'
AUTOHEADER='${SHELL} /home/frans/upp_wx_mac/missing --run autoheader'
AUTOMAKE='${SHELL} /home/frans/upp_wx_mac/missing --run automake-1.10'
AWK='mawk'
CATALOGS=''
CATOBJEXT='NONE'
CC='gcc'
CCDEPMODE='depmode=gcc3'
CFLAGS='-g -O2'
CPP='gcc -E'
CPPFLAGS=''
CXX='g++'
CXXCPP='g++ -E'
CXXDEPMODE='depmode=gcc3'
CXXFLAGS='-g -O2'
CYGPATH_W='echo'
DATADIRNAME=''
DEFS=''
DEPDIR='.deps'
DSYMUTIL=''
DUMPBIN=''
ECHO_C=''
ECHO_N='-n'
ECHO_T=''
EGREP='/bin/grep -E'
EXEEXT=''
FGREP='/bin/grep -F'
GETTEXT_PACKAGE='usbpicprog'
GMOFILES=''
GMSGFMT=''
GREP='/bin/grep'
INSTALL_DATA='${INSTALL} -m 644'
INSTALL_PROGRAM='${INSTALL}'
INSTALL_SCRIPT='${INSTALL}'
INSTALL_STRIP_PROGRAM='$(install_sh) -c -s'
INSTOBJEXT=''
INTLLIBS=''
INTLTOOL_CAVES_RULE=''
INTLTOOL_DESKTOP_RULE=''
INTLTOOL_DIRECTORY_RULE=''
INTLTOOL_EXTRACT=''
INTLTOOL_KBD_RULE=''
INTLTOOL_KEYS_RULE=''
INTLTOOL_MERGE=''
INTLTOOL_OAF_RULE=''
INTLTOOL_PERL=''
INTLTOOL_POLICY_RULE=''
INTLTOOL_PONG_RULE=''
INTLTOOL_PROP_RULE=''
INTLTOOL_SCHEMAS_RULE=''
INTLTOOL_SERVER_RULE=''
INTLTOOL_SERVICE_RULE=''
INTLTOOL_SHEET_RULE=''
INTLTOOL_SOUNDLIST_RULE=''
INTLTOOL_THEME_RULE=''
INTLTOOL_UI_RULE=''
INTLTOOL_UPDATE=''
INTLTOOL_XAM_RULE=''
INTLTOOL_XML_NOMERGE_RULE=''
INTLTOOL_XML_RULE=''
LD='/usr/bin/ld -m elf_x86_64'
LDFLAGS=''
LIBOBJS=''
LIBS=' '
LIBTOOL='$(SHELL) $(top_builddir)/libtool'
LIBUSB_CFLAGS=''
LIBUSB_LIBS=''
LIPO=''
LN_S='ln -s'
LTLIBOBJS=''
MAINT=''
MAINTAINER_MODE_FALSE='#'
MAINTAINER_MODE_TRUE=''
MAKEINFO='${SHELL} /home/frans/upp_wx_mac/missing --run makeinfo'
MKDIR_P='/bin/mkdir -p'
MKINSTALLDIRS=''
MSGFMT='/usr/bin/msgfmt'
MSGFMT_OPTS=''
MSGMERGE=''
NM='/usr/bin/nm -B'
NMEDIT=''
OBJDUMP='objdump'
OBJEXT='o'
OTOOL64=''
OTOOL=''
PACKAGE='usbpicprog'
PACKAGE_BUGREPORT=''
PACKAGE_NAME='usbpicprog'
PACKAGE_STRING='usbpicprog 0.1.2'
PACKAGE_TARNAME='usbpicprog'
PACKAGE_VERSION='0.1.2'
PATH_SEPARATOR=':'
POFILES=''
POSUB=''
PO_IN_DATADIR_FALSE=''
PO_IN_DATADIR_TRUE=''
RANLIB='ranlib'
SED='/bin/sed'
SET_MAKE=''
SHELL='/bin/bash'
STRIP='strip'
USBPICPROG_CFLAGS=''
USBPICPROG_LIBS=''
USE_NLS='yes'
VERSION='0.1.2'
WX_CFLAGS=''
WX_CFLAGS_ONLY=''
WX_CONFIG_PATH=''
WX_CPPFLAGS=''
WX_CXXFLAGS=''
WX_CXXFLAGS_ONLY=''
WX_LIBS=''
WX_LIBS_STATIC=''
WX_RESCOMP=''
WX_VERSION=''
WX_VERSION_MAJOR=''
WX_VERSION_MICRO=''
WX_VERSION_MINOR=''
XGETTEXT=':'
ac_ct_CC='gcc'
ac_ct_CXX='g++'
ac_ct_DUMPBIN=''
am__fastdepCC_FALSE='#'
am__fastdepCC_TRUE=''
am__fastdepCXX_FALSE='#'
am__fastdepCXX_TRUE=''
am__include='include'
am__isrc=''
am__leading_dot='.'
am__quote=''
am__tar='${AMTAR} chof - "$$tardir"'
am__untar='${AMTAR} xf -'
bindir='${exec_prefix}/bin'
build='x86_64-unknown-linux-gnu'
build_alias=''
build_cpu='x86_64'
build_os='linux-gnu'
build_vendor='unknown'
datadir='${datarootdir}'
datarootdir='${prefix}/share'
docdir='${datarootdir}/doc/${PACKAGE_TARNAME}'
dvidir='${docdir}'
exec_prefix='NONE'
host='x86_64-unknown-linux-gnu'
host_alias=''
host_cpu='x86_64'
host_os='linux-gnu'
host_vendor='unknown'
htmldir='${docdir}'
includedir='${prefix}/include'
infodir='${datarootdir}/info'
install_sh='$(SHELL) /home/frans/upp_wx_mac/install-sh'
libdir='${exec_prefix}/lib'
libexecdir='${exec_prefix}/libexec'
localedir='${datarootdir}/locale'
localstatedir='${prefix}/var'
lt_ECHO='echo'
mandir='${datarootdir}/man'
mkdir_p='/bin/mkdir -p'
oldincludedir='/usr/include'
pdfdir='${docdir}'
prefix='NONE'
program_transform_name='s,x,x,'
psdir='${docdir}'
sbindir='${exec_prefix}/sbin'
sharedstatedir='${prefix}/com'
sysconfdir='${prefix}/etc'
target_alias=''

## ----------- ##
## confdefs.h. ##
## ----------- ##

#define PACKAGE_NAME "usbpicprog"
#define PACKAGE_TARNAME "usbpicprog"
#define PACKAGE_VERSION "0.1.2"
#define PACKAGE_STRING "usbpicprog 0.1.2"
#define PACKAGE_BUGREPORT ""
#define PACKAGE "usbpicprog"
#define VERSION "0.1.2"
#define STDC_HEADERS 1
#define HAVE_SYS_TYPES_H 1
#define HAVE_SYS_STAT_H 1
#define HAVE_STDLIB_H 1
#define HAVE_STRING_H 1
#define HAVE_MEMORY_H 1
#define HAVE_STRINGS_H 1
#define HAVE_INTTYPES_H 1
#define HAVE_STDINT_H 1
#define HAVE_UNISTD_H 1
#define HAVE_DLFCN_H 1
#define LT_OBJDIR ".libs/"
#define GETTEXT_PACKAGE "usbpicprog"
#define HAVE_LOCALE_H 1
#define HAVE_LC_MESSAGES 1
#define HAVE_BIND_TEXTDOMAIN_CODESET 1
#define HAVE_GETTEXT 1

configure: caught signal 2
configure: exit 1
