This file contains any messages produced by compilers while
running configure, to aid debugging if configure makes a mistake.

It was created by usbpicprog configure 0.1, which was
generated by GNU Autoconf 2.61.  Invocation command line was

  $ ./configure 

## --------- ##
## Platform. ##
## --------- ##

hostname = asus-laptop
uname -m = x86_64
uname -r = 2.6.22-14-generic
uname -s = Linux
uname -v = #1 SMP Tue Feb 12 02:46:46 UTC 2008

/usr/bin/uname -p = unknown
/bin/uname -X     = unknown

/bin/arch              = unknown
/usr/bin/arch -k       = unknown
/usr/convex/getsysinfo = unknown
/usr/bin/hostinfo      = unknown
/bin/machine           = unknown
/usr/bin/oslevel       = unknown
/bin/universe          = unknown

PATH: /usr/local/sbin
PATH: /usr/local/bin
PATH: /usr/sbin
PATH: /usr/bin
PATH: /sbin
PATH: /bin
PATH: /usr/games


## ----------- ##
## Core tests. ##
## ----------- ##

configure:2039: checking for a BSD-compatible install
configure:2095: result: /usr/bin/install -c
configure:2106: checking whether build environment is sane
configure:2149: result: yes
configure:2177: checking for a thread-safe mkdir -p
configure:2216: result: /bin/mkdir -p
configure:2229: checking for gawk
configure:2245: found /usr/bin/gawk
configure:2256: result: gawk
configure:2267: checking whether make sets $(MAKE)
configure:2288: result: yes
configure:2478: checking whether to enable maintainer-specific portions of Makefiles
configure:2487: result: no
configure:2513: checking for style of include used by make
configure:2541: result: GNU
configure:2611: checking for gcc
configure:2627: found /usr/bin/gcc
configure:2638: result: gcc
configure:2876: checking for C compiler version
configure:2883: gcc --version >&5
gcc (GCC) 4.1.3 20070929 (prerelease) (Ubuntu 4.1.2-16ubuntu2)
Copyright (C) 2006 Free Software Foundation, Inc.
This is free software; see the source for copying conditions.  There is NO
warranty; not even for MERCHANTABILITY or FITNESS FOR A PARTICULAR PURPOSE.

configure:2886: $? = 0
configure:2893: gcc -v >&5
Using built-in specs.
Target: x86_64-linux-gnu
Configured with: ../src/configure -v --enable-languages=c,c++,fortran,objc,obj-c++,treelang --prefix=/usr --enable-shared --with-system-zlib --libexecdir=/usr/lib --without-included-gettext --enable-threads=posix --enable-nls --with-gxx-include-dir=/usr/include/c++/4.1.3 --program-suffix=-4.1 --enable-__cxa_atexit --enable-clocale=gnu --enable-libstdcxx-debug --enable-mpfr --enable-checking=release x86_64-linux-gnu
Thread model: posix
gcc version 4.1.3 20070929 (prerelease) (Ubuntu 4.1.2-16ubuntu2)
configure:2896: $? = 0
configure:2903: gcc -V >&5
gcc: '-V' option must have argument
configure:2906: $? = 1
configure:2929: checking for C compiler default output file name
configure:2956: gcc    conftest.c  >&5
configure:2959: $? = 0
configure:2997: result: a.out
configure:3014: checking whether the C compiler works
configure:3024: ./a.out
configure:3027: $? = 0
configure:3044: result: yes
configure:3051: checking whether we are cross compiling
configure:3053: result: no
configure:3056: checking for suffix of executables
configure:3063: gcc -o conftest    conftest.c  >&5
configure:3066: $? = 0
configure:3090: result: 
configure:3096: checking for suffix of object files
configure:3122: gcc -c   conftest.c >&5
configure:3125: $? = 0
configure:3148: result: o
configure:3152: checking whether we are using the GNU C compiler
configure:3181: gcc -c   conftest.c >&5
configure:3187: $? = 0
configure:3204: result: yes
configure:3209: checking whether gcc accepts -g
configure:3239: gcc -c -g  conftest.c >&5
configure:3245: $? = 0
configure:3344: result: yes
configure:3361: checking for gcc option to accept ISO C89
configure:3435: gcc  -c -g -O2  conftest.c >&5
configure:3441: $? = 0
configure:3464: result: none needed
configure:3484: checking dependency style of gcc
configure:3575: result: gcc3
configure:3591: checking for library containing strerror
configure:3632: gcc -o conftest -g -O2   conftest.c  >&5
configure:3638: $? = 0
configure:3666: result: none required
configure:3722: checking for gcc
configure:3749: result: gcc
configure:3987: checking for C compiler version
configure:3994: gcc --version >&5
gcc (GCC) 4.1.3 20070929 (prerelease) (Ubuntu 4.1.2-16ubuntu2)
Copyright (C) 2006 Free Software Foundation, Inc.
This is free software; see the source for copying conditions.  There is NO
warranty; not even for MERCHANTABILITY or FITNESS FOR A PARTICULAR PURPOSE.

configure:3997: $? = 0
configure:4004: gcc -v >&5
Using built-in specs.
Target: x86_64-linux-gnu
Configured with: ../src/configure -v --enable-languages=c,c++,fortran,objc,obj-c++,treelang --prefix=/usr --enable-shared --with-system-zlib --libexecdir=/usr/lib --without-included-gettext --enable-threads=posix --enable-nls --with-gxx-include-dir=/usr/include/c++/4.1.3 --program-suffix=-4.1 --enable-__cxa_atexit --enable-clocale=gnu --enable-libstdcxx-debug --enable-mpfr --enable-checking=release x86_64-linux-gnu
Thread model: posix
gcc version 4.1.3 20070929 (prerelease) (Ubuntu 4.1.2-16ubuntu2)
configure:4007: $? = 0
configure:4014: gcc -V >&5
gcc: '-V' option must have argument
configure:4017: $? = 1
configure:4020: checking whether we are using the GNU C compiler
configure:4072: result: yes
configure:4077: checking whether gcc accepts -g
configure:4212: result: yes
configure:4229: checking for gcc option to accept ISO C89
configure:4332: result: none needed
configure:4352: checking dependency style of gcc
configure:4443: result: gcc3
configure:4506: checking for gcc
configure:4533: result: gcc
configure:4771: checking for C compiler version
configure:4778: gcc --version >&5
gcc (GCC) 4.1.3 20070929 (prerelease) (Ubuntu 4.1.2-16ubuntu2)
Copyright (C) 2006 Free Software Foundation, Inc.
This is free software; see the source for copying conditions.  There is NO
warranty; not even for MERCHANTABILITY or FITNESS FOR A PARTICULAR PURPOSE.

configure:4781: $? = 0
configure:4788: gcc -v >&5
Using built-in specs.
Target: x86_64-linux-gnu
Configured with: ../src/configure -v --enable-languages=c,c++,fortran,objc,obj-c++,treelang --prefix=/usr --enable-shared --with-system-zlib --libexecdir=/usr/lib --without-included-gettext --enable-threads=posix --enable-nls --with-gxx-include-dir=/usr/include/c++/4.1.3 --program-suffix=-4.1 --enable-__cxa_atexit --enable-clocale=gnu --enable-libstdcxx-debug --enable-mpfr --enable-checking=release x86_64-linux-gnu
Thread model: posix
gcc version 4.1.3 20070929 (prerelease) (Ubuntu 4.1.2-16ubuntu2)
configure:4791: $? = 0
configure:4798: gcc -V >&5
gcc: '-V' option must have argument
configure:4801: $? = 1
configure:4804: checking whether we are using the GNU C compiler
configure:4856: result: yes
configure:4861: checking whether gcc accepts -g
configure:4996: result: yes
configure:5013: checking for gcc option to accept ISO C89
configure:5116: result: none needed
configure:5136: checking dependency style of gcc
configure:5227: result: gcc3
configure:5250: checking how to run the C preprocessor
configure:5290: gcc -E  conftest.c
configure:5296: $? = 0
configure:5327: gcc -E  conftest.c
conftest.c:10:28: error: ac_nonexistent.h: No such file or directory
configure:5333: $? = 1
configure: failed program was:
| /* confdefs.h.  */
| #define PACKAGE_NAME "usbpicprog"
| #define PACKAGE_TARNAME "usbpicprog"
| #define PACKAGE_VERSION "0.1"
| #define PACKAGE_STRING "usbpicprog 0.1"
| #define PACKAGE_BUGREPORT ""
| #define PACKAGE "usbpicprog"
| #define VERSION "0.1"
| /* end confdefs.h.  */
| #include <ac_nonexistent.h>
configure:5366: result: gcc -E
configure:5395: gcc -E  conftest.c
configure:5401: $? = 0
configure:5432: gcc -E  conftest.c
conftest.c:10:28: error: ac_nonexistent.h: No such file or directory
configure:5438: $? = 1
configure: failed program was:
| /* confdefs.h.  */
| #define PACKAGE_NAME "usbpicprog"
| #define PACKAGE_TARNAME "usbpicprog"
| #define PACKAGE_VERSION "0.1"
| #define PACKAGE_STRING "usbpicprog 0.1"
| #define PACKAGE_BUGREPORT ""
| #define PACKAGE "usbpicprog"
| #define VERSION "0.1"
| /* end confdefs.h.  */
| #include <ac_nonexistent.h>
configure:5476: checking for grep that handles long lines and -e
configure:5550: result: /bin/grep
configure:5555: checking for egrep
configure:5633: result: /bin/grep -E
configure:5638: checking for ANSI C header files
configure:5668: gcc -c -g -O2  conftest.c >&5
configure:5674: $? = 0
configure:5773: gcc -o conftest -g -O2   conftest.c  >&5
configure:5776: $? = 0
configure:5782: ./conftest
configure:5785: $? = 0
configure:5802: result: yes
configure:5824: checking wxWidgets version
configure:5827: result: 2.8.4
configure:5850: checking how to run the C preprocessor
configure:5966: result: gcc -E
configure:5995: gcc -E  conftest.c
configure:6001: $? = 0
configure:6032: gcc -E  conftest.c
conftest.c:11:28: error: ac_nonexistent.h: No such file or directory
configure:6038: $? = 1
configure: failed program was:
| /* confdefs.h.  */
| #define PACKAGE_NAME "usbpicprog"
| #define PACKAGE_TARNAME "usbpicprog"
| #define PACKAGE_VERSION "0.1"
| #define PACKAGE_STRING "usbpicprog 0.1"
| #define PACKAGE_BUGREPORT ""
| #define PACKAGE "usbpicprog"
| #define VERSION "0.1"
| #define STDC_HEADERS 1
| /* end confdefs.h.  */
| #include <ac_nonexistent.h>
configure:6133: checking for g++
configure:6149: found /usr/bin/g++
configure:6160: result: g++
configure:6191: checking for C++ compiler version
configure:6198: g++ --version >&5
g++ (GCC) 4.1.3 20070929 (prerelease) (Ubuntu 4.1.2-16ubuntu2)
Copyright (C) 2006 Free Software Foundation, Inc.
This is free software; see the source for copying conditions.  There is NO
warranty; not even for MERCHANTABILITY or FITNESS FOR A PARTICULAR PURPOSE.

configure:6201: $? = 0
configure:6208: g++ -v >&5
Using built-in specs.
Target: x86_64-linux-gnu
Configured with: ../src/configure -v --enable-languages=c,c++,fortran,objc,obj-c++,treelang --prefix=/usr --enable-shared --with-system-zlib --libexecdir=/usr/lib --without-included-gettext --enable-threads=posix --enable-nls --with-gxx-include-dir=/usr/include/c++/4.1.3 --program-suffix=-4.1 --enable-__cxa_atexit --enable-clocale=gnu --enable-libstdcxx-debug --enable-mpfr --enable-checking=release x86_64-linux-gnu
Thread model: posix
gcc version 4.1.3 20070929 (prerelease) (Ubuntu 4.1.2-16ubuntu2)
configure:6211: $? = 0
configure:6218: g++ -V >&5
g++: '-V' option must have argument
configure:6221: $? = 1
configure:6224: checking whether we are using the GNU C++ compiler
configure:6253: g++ -c   conftest.cpp >&5
configure:6259: $? = 0
configure:6276: result: yes
configure:6281: checking whether g++ accepts -g
configure:6311: g++ -c -g  conftest.cpp >&5
configure:6317: $? = 0
configure:6416: result: yes
configure:6441: checking dependency style of g++
configure:6532: result: gcc3
configure:6570: checking for sys/types.h
configure:6591: gcc -c -g -O2  conftest.c >&5
configure:6597: $? = 0
configure:6613: result: yes
configure:6570: checking for sys/stat.h
configure:6591: gcc -c -g -O2  conftest.c >&5
configure:6597: $? = 0
configure:6613: result: yes
configure:6570: checking for stdlib.h
configure:6591: gcc -c -g -O2  conftest.c >&5
configure:6597: $? = 0
configure:6613: result: yes
configure:6570: checking for string.h
configure:6591: gcc -c -g -O2  conftest.c >&5
configure:6597: $? = 0
configure:6613: result: yes
configure:6570: checking for memory.h
configure:6591: gcc -c -g -O2  conftest.c >&5
configure:6597: $? = 0
configure:6613: result: yes
configure:6570: checking for strings.h
configure:6591: gcc -c -g -O2  conftest.c >&5
configure:6597: $? = 0
configure:6613: result: yes
configure:6570: checking for inttypes.h
configure:6591: gcc -c -g -O2  conftest.c >&5
configure:6597: $? = 0
configure:6613: result: yes
configure:6570: checking for stdint.h
configure:6591: gcc -c -g -O2  conftest.c >&5
configure:6597: $? = 0
configure:6613: result: yes
configure:6570: checking for unistd.h
configure:6591: gcc -c -g -O2  conftest.c >&5
configure:6597: $? = 0
configure:6613: result: yes
configure:6631: checking build system type
configure:6649: result: x86_64-unknown-linux-gnu
configure:6671: checking host system type
configure:6686: result: x86_64-unknown-linux-gnu
configure:6724: checking locale.h usability
configure:6741: gcc -c -g -O2  conftest.c >&5
configure:6747: $? = 0
configure:6761: result: yes
configure:6765: checking locale.h presence
configure:6780: gcc -E  conftest.c
configure:6786: $? = 0
configure:6800: result: yes
configure:6828: checking for locale.h
configure:6836: result: yes
configure:6850: checking for LC_MESSAGES
configure:6876: gcc -o conftest -g -O2   conftest.c  >&5
configure:6882: $? = 0
configure:6899: result: yes
configure:6928: checking libintl.h usability
configure:6945: gcc -c -g -O2  conftest.c >&5
configure:6951: $? = 0
configure:6965: result: yes
configure:6969: checking libintl.h presence
configure:6984: gcc -E  conftest.c
configure:6990: $? = 0
configure:7004: result: yes
configure:7032: checking for libintl.h
configure:7039: result: yes
configure:7050: checking for ngettext in libc
configure:7078: gcc -o conftest -g -O2   conftest.c  >&5
configure:7084: $? = 0
configure:7102: result: yes
configure:7106: checking for dgettext in libc
configure:7134: gcc -o conftest -g -O2   conftest.c  >&5
configure:7140: $? = 0
configure:7158: result: yes
configure:7167: checking for bind_textdomain_codeset
configure:7223: gcc -o conftest -g -O2   conftest.c  >&5
configure:7229: $? = 0
configure:7247: result: yes
configure:7734: checking for msgfmt
configure:7761: result: /usr/bin/msgfmt
configure:7774: checking for dcgettext
configure:7830: gcc -o conftest -g -O2   conftest.c   >&5
conftest.c:48: warning: conflicting types for built-in function 'dcgettext'
configure:7836: $? = 0
configure:7854: result: yes
configure:7865: checking if msgfmt accepts -c
configure:7880: $MSGFMT -c -o /dev/null conftest.foo
configure:7883: $? = 0
configure:7885: result: yes
configure:7895: checking for gmsgfmt
configure:7926: result: /usr/bin/msgfmt
configure:7936: checking for xgettext
configure:7963: result: /usr/bin/xgettext
configure:7992: gcc -o conftest -g -O2   conftest.c   >&5
configure:7998: $? = 0
configure:8236: checking for intltool >= 0.35.0
configure:8243: result: 0.36.2 found
configure:8301: checking for perl
configure:8319: found /usr/bin/perl
configure:8331: result: /usr/bin/perl
configure:8350: checking for XML::Parser
configure:8353: result: ok
configure:8590: checking for a sed that does not truncate output
configure:8646: result: /bin/sed
configure:8660: checking for ld used by gcc
configure:8727: result: /usr/bin/ld
configure:8736: checking if the linker (/usr/bin/ld) is GNU ld
configure:8751: result: yes
configure:8756: checking for /usr/bin/ld option to reload object files
configure:8763: result: -r
configure:8781: checking for BSD-compatible nm
configure:8830: result: /usr/bin/nm -B
configure:8834: checking whether ln -s works
configure:8838: result: yes
configure:8845: checking how to recognize dependent libraries
configure:9031: result: pass_all
configure:9119: gcc -c -g -O2  conftest.c >&5
configure:9122: $? = 0
configure:9281: checking dlfcn.h usability
configure:9298: gcc -c -g -O2  conftest.c >&5
configure:9304: $? = 0
configure:9318: result: yes
configure:9322: checking dlfcn.h presence
configure:9337: gcc -E  conftest.c
configure:9343: $? = 0
configure:9357: result: yes
configure:9385: checking for dlfcn.h
configure:9393: result: yes
configure:9416: checking how to run the C++ preprocessor
configure:9452: g++ -E  conftest.cpp
configure:9458: $? = 0
configure:9489: g++ -E  conftest.cpp
conftest.cpp:28:28: error: ac_nonexistent.h: No such file or directory
configure:9495: $? = 1
configure: failed program was:
| /* confdefs.h.  */
| #define PACKAGE_NAME "usbpicprog"
| #define PACKAGE_TARNAME "usbpicprog"
| #define PACKAGE_VERSION "0.1"
| #define PACKAGE_STRING "usbpicprog 0.1"
| #define PACKAGE_BUGREPORT ""
| #define PACKAGE "usbpicprog"
| #define VERSION "0.1"
| #define STDC_HEADERS 1
| #define GETTEXT_PACKAGE "usbpicprog"
| #define HAVE_SYS_TYPES_H 1
| #define HAVE_SYS_STAT_H 1
| #define HAVE_STDLIB_H 1
| #define HAVE_STRING_H 1
| #define HAVE_MEMORY_H 1
| #define HAVE_STRINGS_H 1
| #define HAVE_INTTYPES_H 1
| #define HAVE_STDINT_H 1
| #define HAVE_UNISTD_H 1
| #define HAVE_LOCALE_H 1
| #define HAVE_LC_MESSAGES 1
| #define HAVE_BIND_TEXTDOMAIN_CODESET 1
| #define HAVE_GETTEXT 1
| #define HAVE_DCGETTEXT 1
| #define ENABLE_NLS 1
| #define HAVE_DLFCN_H 1
| /* end confdefs.h.  */
| #include <ac_nonexistent.h>
configure:9528: result: g++ -E
configure:9557: g++ -E  conftest.cpp
configure:9563: $? = 0
configure:9594: g++ -E  conftest.cpp
conftest.cpp:28:28: error: ac_nonexistent.h: No such file or directory
configure:9600: $? = 1
configure: failed program was:
| /* confdefs.h.  */
| #define PACKAGE_NAME "usbpicprog"
| #define PACKAGE_TARNAME "usbpicprog"
| #define PACKAGE_VERSION "0.1"
| #define PACKAGE_STRING "usbpicprog 0.1"
| #define PACKAGE_BUGREPORT ""
| #define PACKAGE "usbpicprog"
| #define VERSION "0.1"
| #define STDC_HEADERS 1
| #define GETTEXT_PACKAGE "usbpicprog"
| #define HAVE_SYS_TYPES_H 1
| #define HAVE_SYS_STAT_H 1
| #define HAVE_STDLIB_H 1
| #define HAVE_STRING_H 1
| #define HAVE_MEMORY_H 1
| #define HAVE_STRINGS_H 1
| #define HAVE_INTTYPES_H 1
| #define HAVE_STDINT_H 1
| #define HAVE_UNISTD_H 1
| #define HAVE_LOCALE_H 1
| #define HAVE_LC_MESSAGES 1
| #define HAVE_BIND_TEXTDOMAIN_CODESET 1
| #define HAVE_GETTEXT 1
| #define HAVE_DCGETTEXT 1
| #define ENABLE_NLS 1
| #define HAVE_DLFCN_H 1
| /* end confdefs.h.  */
| #include <ac_nonexistent.h>
configure:9693: checking for g77
configure:9723: result: no
configure:9693: checking for xlf
configure:9723: result: no
configure:9693: checking for f77
configure:9723: result: no
configure:9693: checking for frt
configure:9723: result: no
configure:9693: checking for pgf77
configure:9723: result: no
configure:9693: checking for cf77
configure:9723: result: no
configure:9693: checking for fort77
configure:9723: result: no
configure:9693: checking for fl32
configure:9723: result: no
configure:9693: checking for af77
configure:9723: result: no
configure:9693: checking for xlf90
configure:9723: result: no
configure:9693: checking for f90
configure:9723: result: no
configure:9693: checking for pgf90
configure:9723: result: no
configure:9693: checking for pghpf
configure:9723: result: no
configure:9693: checking for epcf90
configure:9723: result: no
configure:9693: checking for gfortran
configure:9723: result: no
configure:9693: checking for g95
configure:9723: result: no
configure:9693: checking for xlf95
configure:9723: result: no
configure:9693: checking for f95
configure:9723: result: no
configure:9693: checking for fort
configure:9723: result: no
configure:9693: checking for ifort
configure:9723: result: no
configure:9693: checking for ifc
configure:9723: result: no
configure:9693: checking for efc
configure:9723: result: no
configure:9693: checking for pgf95
configure:9723: result: no
configure:9693: checking for lf95
configure:9723: result: no
configure:9693: checking for ftn
configure:9723: result: no
configure:9750: checking for Fortran 77 compiler version
configure:9757:  --version >&5
./configure: line 9758: --version: command not found
configure:9760: $? = 127
configure:9767:  -v >&5
./configure: line 9768: -v: command not found
configure:9770: $? = 127
configure:9777:  -V >&5
./configure: line 9778: -V: command not found
configure:9780: $? = 127
configure:9788: checking whether we are using the GNU Fortran 77 compiler
configure:9807:  -c  conftest.F >&5
./configure: line 9808: -c: command not found
configure:9813: $? = 127
configure: failed program was:
|       program main
| #ifndef __GNUC__
|        choke me
| #endif
| 
|       end
configure:9830: result: no
configure:9836: checking whether  accepts -g
configure:9853:  -c -g conftest.f >&5
./configure: line 9854: -c: command not found
configure:9859: $? = 127
configure: failed program was:
|       program main
| 
|       end
configure:9875: result: no
configure:9905: checking the maximum length of command line arguments
configure:10017: result: 98304
configure:10029: checking command to parse /usr/bin/nm -B output from gcc object
configure:10134: gcc -c -g -O2  conftest.c >&5
configure:10137: $? = 0
configure:10141: /usr/bin/nm -B conftest.o \| sed -n -e 's/^.*[ 	]\([ABCDGIRSTW][ABCDGIRSTW]*\)[ 	][ 	]*\([_A-Za-z][_A-Za-z0-9]*\)$/\1 \2 \2/p' \> conftest.nm
configure:10144: $? = 0
configure:10196: gcc -o conftest -g -O2   conftest.c conftstm.o >&5
configure:10199: $? = 0
configure:10237: result: ok
configure:10241: checking for objdir
configure:10256: result: .libs
configure:10348: checking for ar
configure:10364: found /usr/bin/ar
configure:10375: result: ar
configure:10444: checking for ranlib
configure:10460: found /usr/bin/ranlib
configure:10471: result: ranlib
configure:10540: checking for strip
configure:10556: found /usr/bin/strip
configure:10567: result: strip
configure:10853: checking if gcc supports -fno-rtti -fno-exceptions
configure:10871: gcc -c -g -O2  -fno-rtti -fno-exceptions conftest.c >&5
cc1: warning: command line option "-fno-rtti" is valid for C++/ObjC++ but not for C
configure:10875: $? = 0
configure:10888: result: no
configure:10903: checking for gcc option to produce PIC
configure:11135: result: -fPIC
configure:11143: checking if gcc PIC flag -fPIC works
configure:11161: gcc -c -g -O2  -fPIC -DPIC conftest.c >&5
configure:11165: $? = 0
configure:11178: result: yes
configure:11206: checking if gcc static flag -static works
configure:11234: result: yes
configure:11244: checking if gcc supports -c -o file.o
configure:11265: gcc -c -g -O2  -o out/conftest2.o conftest.c >&5
configure:11269: $? = 0
configure:11291: result: yes
configure:11317: checking whether the gcc linker (/usr/bin/ld -m elf_x86_64) supports shared libraries
configure:12298: result: yes
configure:12319: checking whether -lc should be explicitly linked in
configure:12324: gcc -c -g -O2  conftest.c >&5
configure:12327: $? = 0
configure:12342: gcc -shared conftest.o  -v -Wl,-soname -Wl,conftest -o conftest 2\>\&1 \| grep  -lc  \>/dev/null 2\>\&1
configure:12345: $? = 0
configure:12357: result: no
configure:12365: checking dynamic linker characteristics
configure:12979: result: GNU/Linux ld.so
configure:12988: checking how to hardcode library paths into programs
configure:13013: result: immediate
configure:13027: checking whether stripping libraries is possible
configure:13032: result: yes
configure:13834: checking if libtool supports shared libraries
configure:13836: result: yes
configure:13839: checking whether to build shared libraries
configure:13860: result: yes
configure:13863: checking whether to build static libraries
configure:13867: result: yes
configure:13960: creating libtool
configure:14548: checking for ld used by g++
configure:14615: result: /usr/bin/ld -m elf_x86_64
configure:14624: checking if the linker (/usr/bin/ld -m elf_x86_64) is GNU ld
configure:14639: result: yes
configure:14690: checking whether the g++ linker (/usr/bin/ld -m elf_x86_64) supports shared libraries
configure:15664: result: yes
configure:15682: g++ -c -g -O2  conftest.cpp >&5
configure:15685: $? = 0
configure:15837: checking for g++ option to produce PIC
configure:16121: result: -fPIC
configure:16129: checking if g++ PIC flag -fPIC works
configure:16147: g++ -c -g -O2  -fPIC -DPIC conftest.cpp >&5
configure:16151: $? = 0
configure:16164: result: yes
configure:16192: checking if g++ static flag -static works
configure:16220: result: yes
configure:16230: checking if g++ supports -c -o file.o
configure:16251: g++ -c -g -O2  -o out/conftest2.o conftest.cpp >&5
configure:16255: $? = 0
configure:16277: result: yes
configure:16303: checking whether the g++ linker (/usr/bin/ld -m elf_x86_64) supports shared libraries
configure:16331: result: yes
configure:16398: checking dynamic linker characteristics
configure:16960: result: GNU/Linux ld.so
configure:16969: checking how to hardcode library paths into programs
configure:16994: result: immediate
configure:23243: checking for pkg-config
configure:23261: found /usr/bin/pkg-config
configure:23273: result: /usr/bin/pkg-config
configure:23302: checking pkg-config is at least version 0.9.0
configure:23305: result: yes
configure:23316: checking for USBPICPROG
configure:23324: $PKG_CONFIG --exists --print-errors "gtk+-2.0 libglade-2.0    "
configure:23327: $? = 0
configure:23342: $PKG_CONFIG --exists --print-errors "gtk+-2.0 libglade-2.0    "
configure:23345: $? = 0
configure:23421: result: yes
configure:23577: creating ./config.status

## ---------------------- ##
## Running config.status. ##
## ---------------------- ##

This file was extended by usbpicprog config.status 0.1, which was
generated by GNU Autoconf 2.61.  Invocation command line was

  CONFIG_FILES    = 
  CONFIG_HEADERS  = 
  CONFIG_LINKS    = 
  CONFIG_COMMANDS = 
  $ ./config.status 

on asus-laptop

config.status:721: creating Makefile
config.status:721: creating src/Makefile
config.status:721: creating po/Makefile.in
config.status:721: creating config.h
config.status:1001: executing depfiles commands
config.status:1001: executing default-1 commands
config.status:1001: executing intltool commands
config.status:1001: executing po/stamp-it commands

## ---------------- ##
## Cache variables. ##
## ---------------- ##

ac_cv_build=x86_64-unknown-linux-gnu
ac_cv_c_compiler_gnu=yes
ac_cv_cxx_compiler_gnu=yes
ac_cv_env_CCC_set=
ac_cv_env_CCC_value=
ac_cv_env_CC_set=
ac_cv_env_CC_value=
ac_cv_env_CFLAGS_set=
ac_cv_env_CFLAGS_value=
ac_cv_env_CPPFLAGS_set=
ac_cv_env_CPPFLAGS_value=
ac_cv_env_CPP_set=
ac_cv_env_CPP_value=
ac_cv_env_CXXCPP_set=
ac_cv_env_CXXCPP_value=
ac_cv_env_CXXFLAGS_set=
ac_cv_env_CXXFLAGS_value=
ac_cv_env_CXX_set=
ac_cv_env_CXX_value=
ac_cv_env_F77_set=
ac_cv_env_F77_value=
ac_cv_env_FFLAGS_set=
ac_cv_env_FFLAGS_value=
ac_cv_env_LDFLAGS_set=
ac_cv_env_LDFLAGS_value=
ac_cv_env_LIBS_set=
ac_cv_env_LIBS_value=
ac_cv_env_PKG_CONFIG_set=
ac_cv_env_PKG_CONFIG_value=
ac_cv_env_USBPICPROG_CFLAGS_set=
ac_cv_env_USBPICPROG_CFLAGS_value=
ac_cv_env_USBPICPROG_LIBS_set=
ac_cv_env_USBPICPROG_LIBS_value=
ac_cv_env_build_alias_set=
ac_cv_env_build_alias_value=
ac_cv_env_host_alias_set=
ac_cv_env_host_alias_value=
ac_cv_env_target_alias_set=
ac_cv_env_target_alias_value=
ac_cv_f77_compiler_gnu=no
ac_cv_func_bind_textdomain_codeset=yes
ac_cv_func_dcgettext=yes
ac_cv_header_dlfcn_h=yes
ac_cv_header_inttypes_h=yes
ac_cv_header_libintl_h=yes
ac_cv_header_locale_h=yes
ac_cv_header_memory_h=yes
ac_cv_header_stdc=yes
ac_cv_header_stdint_h=yes
ac_cv_header_stdlib_h=yes
ac_cv_header_string_h=yes
ac_cv_header_strings_h=yes
ac_cv_header_sys_stat_h=yes
ac_cv_header_sys_types_h=yes
ac_cv_header_unistd_h=yes
ac_cv_host=x86_64-unknown-linux-gnu
ac_cv_objext=o
ac_cv_path_EGREP='/bin/grep -E'
ac_cv_path_GMSGFMT=/usr/bin/msgfmt
ac_cv_path_GREP=/bin/grep
ac_cv_path_INTLTOOL_PERL=/usr/bin/perl
ac_cv_path_MSGFMT=/usr/bin/msgfmt
ac_cv_path_XGETTEXT=/usr/bin/xgettext
ac_cv_path_ac_pt_PKG_CONFIG=/usr/bin/pkg-config
ac_cv_path_install='/usr/bin/install -c'
ac_cv_path_mkdir=/bin/mkdir
ac_cv_prog_AWK=gawk
ac_cv_prog_CPP='gcc -E'
ac_cv_prog_CXXCPP='g++ -E'
ac_cv_prog_ac_ct_AR=ar
ac_cv_prog_ac_ct_CC=gcc
ac_cv_prog_ac_ct_CXX=g++
ac_cv_prog_ac_ct_RANLIB=ranlib
ac_cv_prog_ac_ct_STRIP=strip
ac_cv_prog_cc_c89=
ac_cv_prog_cc_g=yes
ac_cv_prog_cxx_g=yes
ac_cv_prog_f77_g=no
ac_cv_prog_make_make_set=yes
ac_cv_search_strerror='none required'
am_cv_CC_dependencies_compiler_type=gcc3
am_cv_CXX_dependencies_compiler_type=gcc3
am_cv_prog_cc_stdc=
am_cv_val_LC_MESSAGES=yes
gt_cv_func_dgettext_libc=yes
gt_cv_func_dgettext_libintl=no
gt_cv_func_ngettext_libc=yes
gt_cv_have_gettext=yes
lt_cv_deplibs_check_method=pass_all
lt_cv_file_magic_cmd='$MAGIC_CMD'
lt_cv_file_magic_test_file=
lt_cv_ld_reload_flag=-r
lt_cv_objdir=.libs
lt_cv_path_LD=/usr/bin/ld
lt_cv_path_LDCXX='/usr/bin/ld -m elf_x86_64'
lt_cv_path_NM='/usr/bin/nm -B'
lt_cv_path_SED=/bin/sed
lt_cv_prog_compiler_c_o=yes
lt_cv_prog_compiler_c_o_CXX=yes
lt_cv_prog_compiler_rtti_exceptions=no
lt_cv_prog_gnu_ld=yes
lt_cv_prog_gnu_ldcxx=yes
lt_cv_sys_global_symbol_pipe='sed -n -e '\''s/^.*[ 	]\([ABCDGIRSTW][ABCDGIRSTW]*\)[ 	][ 	]*\([_A-Za-z][_A-Za-z0-9]*\)$/\1 \2 \2/p'\'''
lt_cv_sys_global_symbol_to_c_name_address='sed -n -e '\''s/^: \([^ ]*\) $/  {\"\1\", (lt_ptr) 0},/p'\'' -e '\''s/^[BCDEGRST] \([^ ]*\) \([^ ]*\)$/  {"\2", (lt_ptr) \&\2},/p'\'''
lt_cv_sys_global_symbol_to_cdecl='sed -n -e '\''s/^. .* \(.*\)$/extern int \1;/p'\'''
lt_cv_sys_max_cmd_len=98304
lt_lt_cv_prog_compiler_c_o='"yes"'
lt_lt_cv_prog_compiler_c_o_CXX='"yes"'
lt_lt_cv_sys_global_symbol_pipe='"sed -n -e '\''s/^.*[ 	]\\([ABCDGIRSTW][ABCDGIRSTW]*\\)[ 	][ 	]*\\([_A-Za-z][_A-Za-z0-9]*\\)\$/\\1 \\2 \\2/p'\''"'
lt_lt_cv_sys_global_symbol_to_c_name_address='"sed -n -e '\''s/^: \\([^ ]*\\) \$/  {\\\"\\1\\\", (lt_ptr) 0},/p'\'' -e '\''s/^[BCDEGRST] \\([^ ]*\\) \\([^ ]*\\)\$/  {\"\\2\", (lt_ptr) \\&\\2},/p'\''"'
lt_lt_cv_sys_global_symbol_to_cdecl='"sed -n -e '\''s/^. .* \\(.*\\)\$/extern int \\1;/p'\''"'
pkg_cv_USBPICPROG_CFLAGS='-DPNG_NO_MMX_CODE -I/usr/include/gtk-2.0 -I/usr/lib/gtk-2.0/include -I/usr/include/atk-1.0 -I/usr/include/cairo -I/usr/include/pango-1.0 -I/usr/include/glib-2.0 -I/usr/lib/glib-2.0/include -I/usr/include/freetype2 -I/usr/include/libpng12 -I/usr/include/libglade-2.0 -I/usr/include/libxml2  '
pkg_cv_USBPICPROG_LIBS='-lglade-2.0 -lgtk-x11-2.0 -lxml2 -lgdk-x11-2.0 -latk-1.0 -lgdk_pixbuf-2.0 -lm -lpangocairo-1.0 -lfontconfig -lXext -lXrender -lXinerama -lXi -lXrandr -lXcursor -lXcomposite -lXdamage -lpango-1.0 -lcairo -lX11 -lXfixes -lgobject-2.0 -lgmodule-2.0 -ldl -lglib-2.0  '

## ----------------- ##
## Output variables. ##
## ----------------- ##

ACLOCAL='${SHELL} /home/frans/usbpicprog/trunk/upp_wx/missing --run aclocal-1.10'
ALL_LINGUAS=''
AMDEPBACKSLASH='\'
AMDEP_FALSE='#'
AMDEP_TRUE=''
AMTAR='${SHELL} /home/frans/usbpicprog/trunk/upp_wx/missing --run tar'
AR='ar'
AUTOCONF='${SHELL} /home/frans/usbpicprog/trunk/upp_wx/missing --run autoconf'
AUTOHEADER='${SHELL} /home/frans/usbpicprog/trunk/upp_wx/missing --run autoheader'
AUTOMAKE='${SHELL} /home/frans/usbpicprog/trunk/upp_wx/missing --run automake-1.10'
AWK='gawk'
CATALOGS=''
CATOBJEXT='.gmo'
CC='gcc'
CCDEPMODE='depmode=gcc3'
CFLAGS='-g -O2'
CPP='gcc -E'
CPPFLAGS=''
CXX='g++'
CXXCPP='g++ -E'
CXXDEPMODE='depmode=gcc3'
CXXFLAGS='-g -O2'
CYGPATH_W='echo'
DATADIRNAME='share'
DEFS='-DHAVE_CONFIG_H'
DEPDIR='.deps'
ECHO='echo'
ECHO_C=''
ECHO_N='-n'
ECHO_T=''
EGREP='/bin/grep -E'
EXEEXT=''
F77=''
FFLAGS=''
GETTEXT_PACKAGE='usbpicprog'
GMOFILES=''
GMSGFMT='/usr/bin/msgfmt'
GREP='/bin/grep'
INSTALL_DATA='${INSTALL} -m 644'
INSTALL_PROGRAM='${INSTALL}'
INSTALL_SCRIPT='${INSTALL}'
INSTALL_STRIP_PROGRAM='$(install_sh) -c -s'
INSTOBJEXT='.mo'
INTLLIBS=''
INTLTOOL_CAVES_RULE='%.caves:     %.caves.in     $(INTLTOOL_MERGE) $(wildcard $(top_srcdir)/po/*.po) ; LC_ALL=C $(INTLTOOL_MERGE) -d -u -c $(top_builddir)/po/.intltool-merge-cache $(top_srcdir)/po $< $@'
INTLTOOL_DESKTOP_RULE='%.desktop:   %.desktop.in   $(INTLTOOL_MERGE) $(wildcard $(top_srcdir)/po/*.po) ; LC_ALL=C $(INTLTOOL_MERGE) -d -u -c $(top_builddir)/po/.intltool-merge-cache $(top_srcdir)/po $< $@'
INTLTOOL_DIRECTORY_RULE='%.directory: %.directory.in $(INTLTOOL_MERGE) $(wildcard $(top_srcdir)/po/*.po) ; LC_ALL=C $(INTLTOOL_MERGE) -d -u -c $(top_builddir)/po/.intltool-merge-cache $(top_srcdir)/po $< $@'
INTLTOOL_EXTRACT='$(top_builddir)/intltool-extract'
INTLTOOL_KBD_RULE='%.kbd:       %.kbd.in       $(INTLTOOL_MERGE) $(wildcard $(top_srcdir)/po/*.po) ; LC_ALL=C $(INTLTOOL_MERGE) -x -u -m -c $(top_builddir)/po/.intltool-merge-cache $(top_srcdir)/po $< $@'
INTLTOOL_KEYS_RULE='%.keys:      %.keys.in      $(INTLTOOL_MERGE) $(wildcard $(top_srcdir)/po/*.po) ; LC_ALL=C $(INTLTOOL_MERGE) -k -u -c $(top_builddir)/po/.intltool-merge-cache $(top_srcdir)/po $< $@'
INTLTOOL_MERGE='$(top_builddir)/intltool-merge'
INTLTOOL_OAF_RULE='%.oaf:       %.oaf.in       $(INTLTOOL_MERGE) $(wildcard $(top_srcdir)/po/*.po) ; LC_ALL=C $(INTLTOOL_MERGE) -o -p $(top_srcdir)/po $< $@'
INTLTOOL_PERL='/usr/bin/perl'
INTLTOOL_POLICY_RULE='%.policy:    %.policy.in    $(INTLTOOL_MERGE) $(wildcard $(top_srcdir)/po/*.po) ; LC_ALL=C $(INTLTOOL_MERGE) -x -u -c $(top_builddir)/po/.intltool-merge-cache $(top_srcdir)/po $< $@'
INTLTOOL_PONG_RULE='%.pong:      %.pong.in      $(INTLTOOL_MERGE) $(wildcard $(top_srcdir)/po/*.po) ; LC_ALL=C $(INTLTOOL_MERGE) -x -u -c $(top_builddir)/po/.intltool-merge-cache $(top_srcdir)/po $< $@'
INTLTOOL_PROP_RULE='%.prop:      %.prop.in      $(INTLTOOL_MERGE) $(wildcard $(top_srcdir)/po/*.po) ; LC_ALL=C $(INTLTOOL_MERGE) -d -u -c $(top_builddir)/po/.intltool-merge-cache $(top_srcdir)/po $< $@'
INTLTOOL_SCHEMAS_RULE='%.schemas:   %.schemas.in   $(INTLTOOL_MERGE) $(wildcard $(top_srcdir)/po/*.po) ; LC_ALL=C $(INTLTOOL_MERGE) -s -u -c $(top_builddir)/po/.intltool-merge-cache $(top_srcdir)/po $< $@'
INTLTOOL_SERVER_RULE='%.server:    %.server.in    $(INTLTOOL_MERGE) $(wildcard $(top_srcdir)/po/*.po) ; LC_ALL=C $(INTLTOOL_MERGE) -o -u -c $(top_builddir)/po/.intltool-merge-cache $(top_srcdir)/po $< $@'
INTLTOOL_SERVICE_RULE='%.service: %.service.in   $(INTLTOOL_MERGE) $(wildcard $(top_srcdir)/po/*.po) ; LC_ALL=C $(INTLTOOL_MERGE) -d -u -c $(top_builddir)/po/.intltool-merge-cache $(top_srcdir)/po $< $@'
INTLTOOL_SHEET_RULE='%.sheet:     %.sheet.in     $(INTLTOOL_MERGE) $(wildcard $(top_srcdir)/po/*.po) ; LC_ALL=C $(INTLTOOL_MERGE) -x -u -c $(top_builddir)/po/.intltool-merge-cache $(top_srcdir)/po $< $@'
INTLTOOL_SOUNDLIST_RULE='%.soundlist: %.soundlist.in $(INTLTOOL_MERGE) $(wildcard $(top_srcdir)/po/*.po) ; LC_ALL=C $(INTLTOOL_MERGE) -d -u -c $(top_builddir)/po/.intltool-merge-cache $(top_srcdir)/po $< $@'
INTLTOOL_THEME_RULE='%.theme:     %.theme.in     $(INTLTOOL_MERGE) $(wildcard $(top_srcdir)/po/*.po) ; LC_ALL=C $(INTLTOOL_MERGE) -d -u -c $(top_builddir)/po/.intltool-merge-cache $(top_srcdir)/po $< $@'
INTLTOOL_UI_RULE='%.ui:        %.ui.in        $(INTLTOOL_MERGE) $(wildcard $(top_srcdir)/po/*.po) ; LC_ALL=C $(INTLTOOL_MERGE) -x -u -c $(top_builddir)/po/.intltool-merge-cache $(top_srcdir)/po $< $@'
INTLTOOL_UPDATE='$(top_builddir)/intltool-update'
INTLTOOL_XAM_RULE='%.xam:       %.xml.in       $(INTLTOOL_MERGE) $(wildcard $(top_srcdir)/po/*.po) ; LC_ALL=C $(INTLTOOL_MERGE) -x -u -c $(top_builddir)/po/.intltool-merge-cache $(top_srcdir)/po $< $@'
INTLTOOL_XML_NOMERGE_RULE='%.xml:       %.xml.in       $(INTLTOOL_MERGE) ; LC_ALL=C $(INTLTOOL_MERGE) -x -u /tmp $< $@'
INTLTOOL_XML_RULE='%.xml:       %.xml.in       $(INTLTOOL_MERGE) $(wildcard $(top_srcdir)/po/*.po) ; LC_ALL=C $(INTLTOOL_MERGE) -x -u -c $(top_builddir)/po/.intltool-merge-cache $(top_srcdir)/po $< $@'
LDFLAGS=''
LIBOBJS=''
LIBS=''
LIBTOOL='$(SHELL) $(top_builddir)/libtool'
LN_S='ln -s'
LTLIBOBJS=''
MAINT='#'
MAINTAINER_MODE_FALSE=''
MAINTAINER_MODE_TRUE='#'
MAKEINFO='${SHELL} /home/frans/usbpicprog/trunk/upp_wx/missing --run makeinfo'
MKINSTALLDIRS='./mkinstalldirs'
MSGFMT='/usr/bin/msgfmt'
MSGFMT_OPTS='-c'
OBJEXT='o'
PACKAGE='usbpicprog'
PACKAGE_BUGREPORT=''
PACKAGE_NAME='usbpicprog'
PACKAGE_STRING='usbpicprog 0.1'
PACKAGE_TARNAME='usbpicprog'
PACKAGE_VERSION='0.1'
PATH_SEPARATOR=':'
PKG_CONFIG='/usr/bin/pkg-config'
POFILES=''
POSUB='po'
PO_IN_DATADIR_FALSE=''
PO_IN_DATADIR_TRUE=''
RANLIB='ranlib'
SED='/bin/sed'
SET_MAKE=''
SHELL='/bin/bash'
STRIP='strip'
USBPICPROG_CFLAGS='-DPNG_NO_MMX_CODE -I/usr/include/gtk-2.0 -I/usr/lib/gtk-2.0/include -I/usr/include/atk-1.0 -I/usr/include/cairo -I/usr/include/pango-1.0 -I/usr/include/glib-2.0 -I/usr/lib/glib-2.0/include -I/usr/include/freetype2 -I/usr/include/libpng12 -I/usr/include/libglade-2.0 -I/usr/include/libxml2  '
USBPICPROG_LIBS='-lglade-2.0 -lgtk-x11-2.0 -lxml2 -lgdk-x11-2.0 -latk-1.0 -lgdk_pixbuf-2.0 -lm -lpangocairo-1.0 -lfontconfig -lXext -lXrender -lXinerama -lXi -lXrandr -lXcursor -lXcomposite -lXdamage -lpango-1.0 -lcairo -lX11 -lXfixes -lgobject-2.0 -lgmodule-2.0 -ldl -lglib-2.0  '
USE_NLS='yes'
VERSION='0.1'
WX_CPPFLAGS='-I/usr/lib/wx/include/gtk2-unicode-release-2.8 -I/usr/include/wx-2.8 -D_FILE_OFFSET_BITS=64 -D_LARGE_FILES -D__WXGTK__'
WX_CXXFLAGS='-I/usr/lib/wx/include/gtk2-unicode-release-2.8 -I/usr/include/wx-2.8 -D_FILE_OFFSET_BITS=64 -D_LARGE_FILES -D__WXGTK__ -pthread'
WX_LIBS='-pthread   -lwx_gtk2u_aui-2.8 -lwx_gtk2u_xrc-2.8 -lwx_gtk2u_qa-2.8 -lwx_gtk2u_html-2.8 -lwx_gtk2u_adv-2.8 -lwx_gtk2u_core-2.8 -lwx_baseu_xml-2.8 -lwx_baseu_net-2.8 -lwx_baseu-2.8 '
XGETTEXT='/usr/bin/xgettext'
ac_ct_CC='gcc'
ac_ct_CXX='g++'
ac_ct_F77=''
am__fastdepCC_FALSE='#'
am__fastdepCC_TRUE=''
am__fastdepCXX_FALSE='#'
am__fastdepCXX_TRUE=''
am__include='include'
am__isrc=''
am__leading_dot='.'
am__quote=''
am__tar='${AMTAR} chof - "$$tardir"'
am__untar='${AMTAR} xf -'
bindir='${exec_prefix}/bin'
build='x86_64-unknown-linux-gnu'
build_alias=''
build_cpu='x86_64'
build_os='linux-gnu'
build_vendor='unknown'
datadir='${datarootdir}'
datarootdir='${prefix}/share'
docdir='${datarootdir}/doc/${PACKAGE_TARNAME}'
dvidir='${docdir}'
exec_prefix='${prefix}'
host='x86_64-unknown-linux-gnu'
host_alias=''
host_cpu='x86_64'
host_os='linux-gnu'
host_vendor='unknown'
htmldir='${docdir}'
includedir='${prefix}/include'
infodir='${datarootdir}/info'
install_sh='$(SHELL) /home/frans/usbpicprog/trunk/upp_wx/install-sh'
libdir='${exec_prefix}/lib'
libexecdir='${exec_prefix}/libexec'
localedir='${datarootdir}/locale'
localstatedir='${prefix}/var'
mandir='${datarootdir}/man'
mkdir_p='/bin/mkdir -p'
oldincludedir='/usr/include'
pdfdir='${docdir}'
prefix='/usr/local'
program_transform_name='s,x,x,'
psdir='${docdir}'
sbindir='${exec_prefix}/sbin'
sharedstatedir='${prefix}/com'
sysconfdir='${prefix}/etc'
target_alias=''

## ----------- ##
## confdefs.h. ##
## ----------- ##

#define PACKAGE_NAME "usbpicprog"
#define PACKAGE_TARNAME "usbpicprog"
#define PACKAGE_VERSION "0.1"
#define PACKAGE_STRING "usbpicprog 0.1"
#define PACKAGE_BUGREPORT ""
#define PACKAGE "usbpicprog"
#define VERSION "0.1"
#define STDC_HEADERS 1
#define GETTEXT_PACKAGE "usbpicprog"
#define HAVE_SYS_TYPES_H 1
#define HAVE_SYS_STAT_H 1
#define HAVE_STDLIB_H 1
#define HAVE_STRING_H 1
#define HAVE_MEMORY_H 1
#define HAVE_STRINGS_H 1
#define HAVE_INTTYPES_H 1
#define HAVE_STDINT_H 1
#define HAVE_UNISTD_H 1
#define HAVE_LOCALE_H 1
#define HAVE_LC_MESSAGES 1
#define HAVE_BIND_TEXTDOMAIN_CODESET 1
#define HAVE_GETTEXT 1
#define HAVE_DCGETTEXT 1
#define ENABLE_NLS 1
#define HAVE_DLFCN_H 1

configure: exit 0
