gpasm-0.13.4 beta               sequencer.asm6-22-2007  21:24:52          PAGE  1


LOC  OBJECT CODE     LINE SOURCE TEXT
  VALUE
 
               00001 ;--------------------------------------------------------
               00002 ; File Created by SDCC : FreeWare ANSI-C Compiler
               00003 ; Version 2.6.0 #4309 (Nov 10 2006)
               00004 ; This file generated Fri Jun 22 21:24:52 2007
               00005 ;--------------------------------------------------------
               00006 ; PIC16 port for the Microchip 16-bit core micros
               00007 ;--------------------------------------------------------
               00008         list    p=18f4550
               00009 
               00010         radix dec
               00011 
               00012 ;--------------------------------------------------------
               00013 ; public variables in this module
               00014 ;--------------------------------------------------------
               00015         global _rt_sequencer
               00016 
               00017 ;--------------------------------------------------------
               00018 ; extern variables in this module
               00019 ;--------------------------------------------------------
               00020         extern _rt_base_job
               00021         extern _rt_basex2_job
               00022         extern _rt_basex4_job
               00023         extern _rt_basex8_job
               00024         extern _rt_basex16_job
               00025         extern _rt_basex32_job
               00026         extern _rt_basex64_job
               00027         extern _rt_basex128_job
               00028         extern _rt_basex256_job
               00029         extern _rt_basex512_job
               00030         extern _rt_basex1024_job
               00031         extern _rt_basex2048_job
               00032         extern _rt_basex4096_job
               00033         extern _rt_basex8192_job
               00034         extern _rt_basex16384_job
               00035         extern _rt_basex32768_job
               00036         extern _rt_basex65536_job
               00037 ;--------------------------------------------------------
               00038 ;       Equates to used internal registers
               00039 ;--------------------------------------------------------
  00000FE1     00040 FSR1L   equ     0xfe1
  00000FD9     00041 FSR2L   equ     0xfd9
  00000FE5     00042 POSTDEC1        equ     0xfe5
  00000FE4     00043 PREINC1 equ     0xfe4
  00000FDB     00044 PLUSW2  equ     0xfdb
               00045 
               00046 
               00047 ; Internal registers
               00048 .registers      udata_ovr       0x0000
               00049 r0x00   res     1
               00050 r0x01   res     1
               00051 
               00052 ;--------------------------------------------------------
               00053 ; global & static initialisations
               00054 ;--------------------------------------------------------
gpasm-0.13.4 beta               sequencer.asm6-22-2007  21:24:52          PAGE  2


LOC  OBJECT CODE     LINE SOURCE TEXT
  VALUE
 
               00055 ; I code from now on!
               00056 ; ; Starting pCode block
               00057 S_sequencer__rt_sequencer       code
0000           00058 _rt_sequencer:
               00059 ;       .line   27; sequencer.c void rt_sequencer(uint counter) 
0000 CFD9 FFE5 00060         MOVFF   FSR2L, POSTDEC1
0004 CFE1 FFD9 00061         MOVFF   FSR1L, FSR2L
0008 C000 FFE5 00062         MOVFF   r0x00, POSTDEC1
000C C000 FFE5 00063         MOVFF   r0x01, POSTDEC1
0010 0E02      00064         MOVLW   0x02
0012 CFDB F000 00065         MOVFF   PLUSW2, r0x00
0016 0E03      00066         MOVLW   0x03
0018 CFDB F000 00067         MOVFF   PLUSW2, r0x01
               00068 ;       .line   29; sequencer.c rt_base_job();
001C EC00 F000 00069         CALL    _rt_base_job
               00070 ;       .line   31; sequencer.c if(counter & 0x0001)
0020 A000      00071         BTFSS   r0x00, 0
0022 D000      00072         BRA     _00106_DS_
               00073 ;       .line   33; sequencer.c rt_basex2_job();
0024 EC00 F000 00074         CALL    _rt_basex2_job
               00075 ;       .line   34; sequencer.c return;
0028 D000      00076         BRA     _00137_DS_
002A           00077 _00106_DS_:
               00078 ;       .line   36; sequencer.c if(counter & 0x0002)
002A A200      00079         BTFSS   r0x00, 1
002C D000      00080         BRA     _00108_DS_
               00081 ;       .line   38; sequencer.c rt_basex4_job();
002E EC00 F000 00082         CALL    _rt_basex4_job
               00083 ;       .line   39; sequencer.c return;
0032 D000      00084         BRA     _00137_DS_
0034           00085 _00108_DS_:
               00086 ;       .line   41; sequencer.c if(counter & 0x0004)
0034 A400      00087         BTFSS   r0x00, 2
0036 D000      00088         BRA     _00110_DS_
               00089 ;       .line   43; sequencer.c rt_basex8_job();
0038 EC00 F000 00090         CALL    _rt_basex8_job
               00091 ;       .line   44; sequencer.c return;
003C D000      00092         BRA     _00137_DS_
003E           00093 _00110_DS_:
               00094 ;       .line   46; sequencer.c if(counter & 0x0008)
003E A600      00095         BTFSS   r0x00, 3
0040 D000      00096         BRA     _00112_DS_
               00097 ;       .line   48; sequencer.c rt_basex16_job();
0042 EC00 F000 00098         CALL    _rt_basex16_job
               00099 ;       .line   49; sequencer.c return;
0046 D000      00100         BRA     _00137_DS_
0048           00101 _00112_DS_:
               00102 ;       .line   51; sequencer.c if(counter & 0x0010)
0048 A800      00103         BTFSS   r0x00, 4
004A D000      00104         BRA     _00114_DS_
               00105 ;       .line   53; sequencer.c rt_basex32_job();
004C EC00 F000 00106         CALL    _rt_basex32_job
               00107 ;       .line   54; sequencer.c return;
0050 D000      00108         BRA     _00137_DS_
gpasm-0.13.4 beta               sequencer.asm6-22-2007  21:24:52          PAGE  3


LOC  OBJECT CODE     LINE SOURCE TEXT
  VALUE
 
0052           00109 _00114_DS_:
               00110 ;       .line   56; sequencer.c if(counter & 0x0020)
0052 AA00      00111         BTFSS   r0x00, 5
0054 D000      00112         BRA     _00116_DS_
               00113 ;       .line   58; sequencer.c rt_basex64_job();
0056 EC00 F000 00114         CALL    _rt_basex64_job
               00115 ;       .line   59; sequencer.c return;
005A D000      00116         BRA     _00137_DS_
005C           00117 _00116_DS_:
               00118 ;       .line   61; sequencer.c if(counter & 0x0040)
005C AC00      00119         BTFSS   r0x00, 6
005E D000      00120         BRA     _00118_DS_
               00121 ;       .line   63; sequencer.c rt_basex128_job();
0060 EC00 F000 00122         CALL    _rt_basex128_job
               00123 ;       .line   64; sequencer.c return;
0064 D000      00124         BRA     _00137_DS_
0066           00125 _00118_DS_:
               00126 ;       .line   66; sequencer.c if(counter & 0x0080)
0066 AE00      00127         BTFSS   r0x00, 7
0068 D000      00128         BRA     _00120_DS_
               00129 ;       .line   68; sequencer.c rt_basex256_job();
006A EC00 F000 00130         CALL    _rt_basex256_job
               00131 ;       .line   69; sequencer.c return;
006E D000      00132         BRA     _00137_DS_
0070           00133 _00120_DS_:
               00134 ;       .line   71; sequencer.c if(counter & 0x0100)
0070 A000      00135         BTFSS   r0x01, 0
0072 D000      00136         BRA     _00122_DS_
               00137 ;       .line   73; sequencer.c rt_basex512_job();
0074 EC00 F000 00138         CALL    _rt_basex512_job
               00139 ;       .line   74; sequencer.c return;
0078 D000      00140         BRA     _00137_DS_
007A           00141 _00122_DS_:
               00142 ;       .line   76; sequencer.c if(counter & 0x0200)
007A A200      00143         BTFSS   r0x01, 1
007C D000      00144         BRA     _00124_DS_
               00145 ;       .line   78; sequencer.c rt_basex1024_job();
007E EC00 F000 00146         CALL    _rt_basex1024_job
               00147 ;       .line   79; sequencer.c return;
0082 D000      00148         BRA     _00137_DS_
0084           00149 _00124_DS_:
               00150 ;       .line   81; sequencer.c if(counter & 0x0400)
0084 A400      00151         BTFSS   r0x01, 2
0086 D000      00152         BRA     _00126_DS_
               00153 ;       .line   83; sequencer.c rt_basex2048_job();
0088 EC00 F000 00154         CALL    _rt_basex2048_job
               00155 ;       .line   84; sequencer.c return;
008C D000      00156         BRA     _00137_DS_
008E           00157 _00126_DS_:
               00158 ;       .line   86; sequencer.c if(counter & 0x0800)
008E A600      00159         BTFSS   r0x01, 3
0090 D000      00160         BRA     _00128_DS_
               00161 ;       .line   88; sequencer.c rt_basex4096_job();
0092 EC00 F000 00162         CALL    _rt_basex4096_job
gpasm-0.13.4 beta               sequencer.asm6-22-2007  21:24:52          PAGE  4


LOC  OBJECT CODE     LINE SOURCE TEXT
  VALUE
 
               00163 ;       .line   89; sequencer.c return;
0096 D000      00164         BRA     _00137_DS_
0098           00165 _00128_DS_:
               00166 ;       .line   91; sequencer.c if(counter & 0x1000)
0098 A800      00167         BTFSS   r0x01, 4
009A D000      00168         BRA     _00130_DS_
               00169 ;       .line   93; sequencer.c rt_basex8192_job();
009C EC00 F000 00170         CALL    _rt_basex8192_job
               00171 ;       .line   94; sequencer.c return;
00A0 D000      00172         BRA     _00137_DS_
00A2           00173 _00130_DS_:
               00174 ;       .line   96; sequencer.c if(counter & 0x2000)
00A2 AA00      00175         BTFSS   r0x01, 5
00A4 D000      00176         BRA     _00132_DS_
               00177 ;       .line   98; sequencer.c rt_basex16384_job();
00A6 EC00 F000 00178         CALL    _rt_basex16384_job
               00179 ;       .line   99; sequencer.c return;
00AA D000      00180         BRA     _00137_DS_
00AC           00181 _00132_DS_:
               00182 ;       .line   101; sequencer.c        if(counter & 0x4000)
00AC AC00      00183         BTFSS   r0x01, 6
00AE D000      00184         BRA     _00134_DS_
               00185 ;       .line   103; sequencer.c        rt_basex32768_job();
00B0 EC00 F000 00186         CALL    _rt_basex32768_job
               00187 ;       .line   104; sequencer.c        return;
00B4 D000      00188         BRA     _00137_DS_
00B6           00189 _00134_DS_:
               00190 ;       .line   106; sequencer.c        if(counter & 0x8000)
00B6 AE00      00191         BTFSS   r0x01, 7
00B8 D000      00192         BRA     _00137_DS_
               00193 ;       .line   108; sequencer.c        rt_basex65536_job();
00BA EC00 F000 00194         CALL    _rt_basex65536_job
00BE           00195 _00137_DS_:
               00196 ;       .line   109; sequencer.c        return;
00BE CFE4 F000 00197         MOVFF   PREINC1, r0x01
00C2 CFE4 F000 00198         MOVFF   PREINC1, r0x00
00C6 CFE4 FFD9 00199         MOVFF   PREINC1, FSR2L
00CA 0012      00200         RETURN  
               00201 
               00202 
               00203 
               00204 ; Statistics:
               00205 ; code size:      204 (0x00cc) bytes ( 0.16%)
               00206 ;                 102 (0x0066) words
               00207 ; udata size:       0 (0x0000) bytes ( 0.00%)
               00208 ; access size:      2 (0x0002) bytes
               00209 
               00210 
gpasm-0.13.4 beta               sequencer.asm6-22-2007  21:24:52          PAGE  5


SYMBOL TABLE
  LABEL                             VALUE 

FSR1L                             00000FE1
FSR2L                             00000FD9
PLUSW2                            00000FDB
POSTDEC1                          00000FE5
PREINC1                           00000FE4
_00106_DS_                        0000002A
_00108_DS_                        00000034
_00110_DS_                        0000003E
_00112_DS_                        00000048
_00114_DS_                        00000052
_00116_DS_                        0000005C
_00118_DS_                        00000066
_00120_DS_                        00000070
_00122_DS_                        0000007A
_00124_DS_                        00000084
_00126_DS_                        0000008E
_00128_DS_                        00000098
_00130_DS_                        000000A2
_00132_DS_                        000000AC
_00134_DS_                        000000B6
_00137_DS_                        000000BE
__18F4550                         00000001
_rt_base_job                      00000000
_rt_basex1024_job                 00000000
_rt_basex128_job                  00000000
_rt_basex16384_job                00000000
_rt_basex16_job                   00000000
_rt_basex2048_job                 00000000
_rt_basex256_job                  00000000
_rt_basex2_job                    00000000
_rt_basex32768_job                00000000
_rt_basex32_job                   00000000
_rt_basex4096_job                 00000000
_rt_basex4_job                    00000000
_rt_basex512_job                  00000000
_rt_basex64_job                   00000000
_rt_basex65536_job                00000000
_rt_basex8192_job                 00000000
_rt_basex8_job                    00000000
_rt_sequencer                     00000000
r0x00                             00000000
r0x01                             00000001


Errors   :       0
Warnings :       0 reported,       0 suppressed
Messages :       0 reported,       0 suppressed

